{"C:\\Users\\Evans Aboge\\Documents\\microsoft-graph-explorer-v4\\src\\appLocale.ts": {"path":"C:\\Users\\Evans Aboge\\Documents\\microsoft-graph-explorer-v4\\src\\appLocale.ts","statementMap":{"0":{"start":{"line":1,"column":23},"end":{"line":10,"column":1}},"1":{"start":{"line":13,"column":2},"end":{"line":13,"column":60}},"2":{"start":{"line":17,"column":2},"end":{"line":17,"column":61}},"3":{"start":{"line":20,"column":27},"end":{"line":20,"column":64}},"4":{"start":{"line":22,"column":13},"end":{"line":22,"column":87}}},"fnMap":{"0":{"name":"getTryItLocale","decl":{"start":{"line":12,"column":9},"end":{"line":12,"column":23}},"loc":{"start":{"line":12,"column":23},"end":{"line":14,"column":1}}},"1":{"name":"getPortalLocale","decl":{"start":{"line":16,"column":9},"end":{"line":16,"column":24}},"loc":{"start":{"line":16,"column":24},"end":{"line":18,"column":1}}}},"branchMap":{"0":{"loc":{"start":{"line":20,"column":27},"end":{"line":20,"column":43}},"type":"binary-expr","locations":[{"start":{"line":20,"column":27},"end":{"line":20,"column":43}},{"start":{"line":20,"column":47},"end":{"line":20,"column":64}}]},"1":{"loc":{"start":{"line":22,"column":24},"end":{"line":22,"column":42}},"type":"binary-expr","locations":[{"start":{"line":22,"column":24},"end":{"line":22,"column":42}},{"start":{"line":22,"column":46},"end":{"line":22,"column":75}},{"start":{"line":22,"column":79},"end":{"line":22,"column":86}}]}},"s":{"0":4,"1":4,"2":4,"3":4,"4":4},"f":{"0":4,"1":4},"b":{"0":[4,4],"1":[4,0,4]}}
,"C:\\Users\\Evans Aboge\\Documents\\microsoft-graph-explorer-v4\\src\\index.tsx": {"path":"C:\\Users\\Evans Aboge\\Documents\\microsoft-graph-explorer-v4\\src\\index.tsx","statementMap":{"0":{"start":{"line":2,"column":0},"end":{"line":2,"column":51}},"1":{"start":{"line":3,"column":0},"end":{"line":3,"column":75}},"2":{"start":{"line":4,"column":0},"end":{"line":4,"column":49}},"3":{"start":{"line":5,"column":0},"end":{"line":5,"column":25}},"4":{"start":{"line":6,"column":0},"end":{"line":6,"column":32}},"5":{"start":{"line":7,"column":0},"end":{"line":7,"column":56}},"6":{"start":{"line":9,"column":0},"end":{"line":9,"column":42}},"7":{"start":{"line":10,"column":0},"end":{"line":10,"column":42}},"8":{"start":{"line":11,"column":0},"end":{"line":11,"column":42}},"9":{"start":{"line":12,"column":0},"end":{"line":12,"column":42}},"10":{"start":{"line":13,"column":0},"end":{"line":13,"column":42}},"11":{"start":{"line":14,"column":0},"end":{"line":14,"column":42}},"12":{"start":{"line":15,"column":0},"end":{"line":15,"column":42}},"13":{"start":{"line":16,"column":0},"end":{"line":16,"column":42}},"14":{"start":{"line":17,"column":0},"end":{"line":17,"column":38}},"15":{"start":{"line":18,"column":0},"end":{"line":18,"column":108}},"16":{"start":{"line":19,"column":0},"end":{"line":19,"column":78}},"17":{"start":{"line":20,"column":0},"end":{"line":20,"column":90}},"18":{"start":{"line":21,"column":0},"end":{"line":21,"column":78}},"19":{"start":{"line":22,"column":0},"end":{"line":22,"column":87}},"20":{"start":{"line":23,"column":0},"end":{"line":23,"column":80}},"21":{"start":{"line":24,"column":0},"end":{"line":24,"column":70}},"22":{"start":{"line":25,"column":0},"end":{"line":25,"column":33}},"23":{"start":{"line":26,"column":0},"end":{"line":26,"column":75}},"24":{"start":{"line":27,"column":0},"end":{"line":27,"column":38}},"25":{"start":{"line":28,"column":0},"end":{"line":28,"column":33}},"26":{"start":{"line":29,"column":0},"end":{"line":29,"column":64}},"27":{"start":{"line":30,"column":0},"end":{"line":30,"column":31}},"28":{"start":{"line":31,"column":0},"end":{"line":31,"column":29}},"29":{"start":{"line":32,"column":0},"end":{"line":32,"column":39}},"30":{"start":{"line":34,"column":0},"end":{"line":34,"column":38}},"31":{"start":{"line":35,"column":0},"end":{"line":35,"column":48}},"32":{"start":{"line":37,"column":0},"end":{"line":37,"column":36}},"33":{"start":{"line":39,"column":0},"end":{"line":39,"column":73}},"34":{"start":{"line":42,"column":16},"end":{"line":42,"column":50}},"35":{"start":{"line":43,"column":0},"end":{"line":45,"column":1}},"36":{"start":{"line":44,"column":3},"end":{"line":44,"column":54}},"37":{"start":{"line":48,"column":20},"end":{"line":48,"column":68}},"38":{"start":{"line":49,"column":0},"end":{"line":51,"column":1}},"39":{"start":{"line":50,"column":3},"end":{"line":50,"column":62}},"40":{"start":{"line":53,"column":0},"end":{"line":53,"column":18}},"41":{"start":{"line":55,"column":19},"end":{"line":55,"column":41}},"42":{"start":{"line":57,"column":32},"end":{"line":57,"column":43}},"43":{"start":{"line":59,"column":2},"end":{"line":63,"column":3}},"44":{"start":{"line":60,"column":4},"end":{"line":60,"column":41}},"45":{"start":{"line":62,"column":4},"end":{"line":62,"column":32}},"46":{"start":{"line":65,"column":2},"end":{"line":65,"column":40}},"47":{"start":{"line":68,"column":35},"end":{"line":68,"column":42}},"48":{"start":{"line":69,"column":33},"end":{"line":71,"column":3}},"49":{"start":{"line":73,"column":34},"end":{"line":75,"column":3}},"50":{"start":{"line":77,"column":2},"end":{"line":83,"column":3}},"51":{"start":{"line":78,"column":4},"end":{"line":78,"column":32}},"52":{"start":{"line":79,"column":9},"end":{"line":83,"column":3}},"53":{"start":{"line":80,"column":4},"end":{"line":80,"column":33}},"54":{"start":{"line":82,"column":4},"end":{"line":82,"column":41}},"55":{"start":{"line":85,"column":2},"end":{"line":85,"column":28}},"56":{"start":{"line":89,"column":2},"end":{"line":89,"column":28}},"57":{"start":{"line":90,"column":2},"end":{"line":90,"column":47}},"58":{"start":{"line":93,"column":22},"end":{"line":93,"column":27}},"59":{"start":{"line":95,"column":0},"end":{"line":95,"column":24}},"60":{"start":{"line":96,"column":0},"end":{"line":96,"column":38}},"61":{"start":{"line":99,"column":2},"end":{"line":107,"column":7}},"62":{"start":{"line":100,"column":4},"end":{"line":103,"column":5}},"63":{"start":{"line":101,"column":6},"end":{"line":101,"column":51}},"64":{"start":{"line":102,"column":6},"end":{"line":102,"column":72}},"65":{"start":{"line":109,"column":0},"end":{"line":109,"column":21}},"66":{"start":{"line":111,"column":0},"end":{"line":111,"column":48}},"67":{"start":{"line":113,"column":0},"end":{"line":113,"column":72}},"68":{"start":{"line":115,"column":14},"end":{"line":115,"column":63}},"69":{"start":{"line":117,"column":0},"end":{"line":121,"column":1}},"70":{"start":{"line":118,"column":2},"end":{"line":118,"column":21}},"71":{"start":{"line":119,"column":2},"end":{"line":119,"column":47}},"72":{"start":{"line":120,"column":2},"end":{"line":120,"column":54}},"73":{"start":{"line":123,"column":19},"end":{"line":123,"column":71}},"74":{"start":{"line":125,"column":0},"end":{"line":138,"column":1}},"75":{"start":{"line":126,"column":14},"end":{"line":126,"column":61}},"76":{"start":{"line":127,"column":21},"end":{"line":127,"column":75}},"77":{"start":{"line":129,"column":28},"end":{"line":132,"column":3}},"78":{"start":{"line":134,"column":2},"end":{"line":136,"column":3}},"79":{"start":{"line":135,"column":4},"end":{"line":135,"column":63}},"80":{"start":{"line":137,"column":2},"end":{"line":137,"column":44}},"81":{"start":{"line":140,"column":0},"end":{"line":146,"column":3}},"82":{"start":{"line":141,"column":2},"end":{"line":145,"column":3}},"83":{"start":{"line":142,"column":4},"end":{"line":144,"column":7}},"84":{"start":{"line":143,"column":6},"end":{"line":143,"column":49}},"85":{"start":{"line":151,"column":0},"end":{"line":154,"column":1}},"86":{"start":{"line":152,"column":2},"end":{"line":152,"column":15}},"87":{"start":{"line":153,"column":2},"end":{"line":153,"column":19}},"88":{"start":{"line":156,"column":1},"end":{"line":163,"column":2}},"89":{"start":{"line":158,"column":4},"end":{"line":160,"column":5}},"90":{"start":{"line":159,"column":6},"end":{"line":159,"column":40}},"91":{"start":{"line":161,"column":4},"end":{"line":161,"column":40}},"92":{"start":{"line":168,"column":4},"end":{"line":168,"column":109}},"93":{"start":{"line":170,"column":2},"end":{"line":171,"column":62}},"94":{"start":{"line":174,"column":38},"end":{"line":174,"column":47}},"95":{"start":{"line":175,"column":0},"end":{"line":175,"column":31}},"96":{"start":{"line":177,"column":13},"end":{"line":188,"column":1}},"97":{"start":{"line":178,"column":2},"end":{"line":187,"column":4}},"98":{"start":{"line":190,"column":0},"end":{"line":190,"column":59}}},"fnMap":{"0":{"name":"setCurrentSystemTheme","decl":{"start":{"line":56,"column":9},"end":{"line":56,"column":30}},"loc":{"start":{"line":56,"column":30},"end":{"line":66,"column":1}}},"1":{"name":"getOSTheme","decl":{"start":{"line":67,"column":9},"end":{"line":67,"column":19}},"loc":{"start":{"line":67,"column":19},"end":{"line":86,"column":1}}},"2":{"name":"applyCurrentSystemTheme","decl":{"start":{"line":88,"column":9},"end":{"line":88,"column":32}},"loc":{"start":{"line":88,"column":53},"end":{"line":91,"column":1}}},"3":{"name":"refreshAccessToken","decl":{"start":{"line":98,"column":9},"end":{"line":98,"column":27}},"loc":{"start":{"line":98,"column":27},"end":{"line":108,"column":1}}},"4":{"name":"(anonymous_6)","decl":{"start":{"line":99,"column":40},"end":{"line":99,"column":40}},"loc":{"start":{"line":99,"column":75},"end":{"line":104,"column":3}}},"5":{"name":"(anonymous_7)","decl":{"start":{"line":105,"column":11},"end":{"line":null,"column":-1}},"loc":{"start":{"line":105,"column":11},"end":{"line":107,"column":5}}},"6":{"name":"(anonymous_8)","decl":{"start":{"line":140,"column":23},"end":{"line":140,"column":23}},"loc":{"start":{"line":140,"column":33},"end":{"line":146,"column":1}}},"7":{"name":"(anonymous_9)","decl":{"start":{"line":142,"column":17},"end":{"line":142,"column":17}},"loc":{"start":{"line":142,"column":39},"end":{"line":144,"column":5}}},"8":{"name":"(anonymous_10)","decl":{"start":{"line":151,"column":0},"end":{"line":151,"column":4}},"loc":{"start":{"line":151,"column":12},"end":{"line":154,"column":1}}},"9":{"name":"(anonymous_11)","decl":{"start":{"line":157,"column":2},"end":{"line":157,"column":14}},"loc":{"start":{"line":157,"column":43},"end":{"line":162,"column":3}}},"10":{"name":"getWorkerFor","decl":{"start":{"line":165,"column":9},"end":{"line":165,"column":21}},"loc":{"start":{"line":165,"column":36},"end":{"line":172,"column":1}}},"11":{"name":"(anonymous_13)","decl":{"start":{"line":177,"column":13},"end":{"line":null,"column":-1}},"loc":{"start":{"line":177,"column":13},"end":{"line":188,"column":1}}}},"branchMap":{"0":{"loc":{"start":{"line":43,"column":0},"end":{"line":45,"column":1}},"type":"if","locations":[{"start":{"line":43,"column":0},"end":{"line":45,"column":1}},{"start":{"line":43,"column":0},"end":{"line":45,"column":1}}]},"1":{"loc":{"start":{"line":49,"column":0},"end":{"line":51,"column":1}},"type":"if","locations":[{"start":{"line":49,"column":0},"end":{"line":51,"column":1}},{"start":{"line":49,"column":0},"end":{"line":51,"column":1}}]},"2":{"loc":{"start":{"line":55,"column":19},"end":{"line":55,"column":30}},"type":"binary-expr","locations":[{"start":{"line":55,"column":19},"end":{"line":55,"column":30}},{"start":{"line":55,"column":34},"end":{"line":55,"column":41}}]},"3":{"loc":{"start":{"line":59,"column":2},"end":{"line":63,"column":3}},"type":"if","locations":[{"start":{"line":59,"column":2},"end":{"line":63,"column":3}},{"start":{"line":59,"column":2},"end":{"line":63,"column":3}}]},"4":{"loc":{"start":{"line":77,"column":2},"end":{"line":83,"column":3}},"type":"if","locations":[{"start":{"line":77,"column":2},"end":{"line":83,"column":3}},{"start":{"line":77,"column":2},"end":{"line":83,"column":3}}]},"5":{"loc":{"start":{"line":79,"column":9},"end":{"line":83,"column":3}},"type":"if","locations":[{"start":{"line":79,"column":9},"end":{"line":83,"column":3}},{"start":{"line":79,"column":9},"end":{"line":83,"column":3}}]},"6":{"loc":{"start":{"line":100,"column":4},"end":{"line":103,"column":5}},"type":"if","locations":[{"start":{"line":100,"column":4},"end":{"line":103,"column":5}},{"start":{"line":100,"column":4},"end":{"line":103,"column":5}}]},"7":{"loc":{"start":{"line":100,"column":8},"end":{"line":100,"column":20}},"type":"binary-expr","locations":[{"start":{"line":100,"column":8},"end":{"line":100,"column":20}},{"start":{"line":100,"column":24},"end":{"line":100,"column":48}}]},"8":{"loc":{"start":{"line":117,"column":0},"end":{"line":121,"column":1}},"type":"if","locations":[{"start":{"line":117,"column":0},"end":{"line":121,"column":1}},{"start":{"line":117,"column":0},"end":{"line":121,"column":1}}]},"9":{"loc":{"start":{"line":125,"column":0},"end":{"line":138,"column":1}},"type":"if","locations":[{"start":{"line":125,"column":0},"end":{"line":138,"column":1}},{"start":{"line":125,"column":0},"end":{"line":138,"column":1}}]},"10":{"loc":{"start":{"line":125,"column":4},"end":{"line":125,"column":14}},"type":"binary-expr","locations":[{"start":{"line":125,"column":4},"end":{"line":125,"column":14}},{"start":{"line":125,"column":18},"end":{"line":125,"column":45}}]},"11":{"loc":{"start":{"line":134,"column":2},"end":{"line":136,"column":3}},"type":"if","locations":[{"start":{"line":134,"column":2},"end":{"line":136,"column":3}},{"start":{"line":134,"column":2},"end":{"line":136,"column":3}}]},"12":{"loc":{"start":{"line":134,"column":6},"end":{"line":134,"column":9}},"type":"binary-expr","locations":[{"start":{"line":134,"column":6},"end":{"line":134,"column":9}},{"start":{"line":134,"column":13},"end":{"line":134,"column":23}}]},"13":{"loc":{"start":{"line":141,"column":2},"end":{"line":145,"column":3}},"type":"if","locations":[{"start":{"line":141,"column":2},"end":{"line":145,"column":3}},{"start":{"line":141,"column":2},"end":{"line":145,"column":3}}]},"14":{"loc":{"start":{"line":151,"column":5},"end":{"line":151,"column":12}},"type":"binary-expr","locations":[{"start":{"line":151,"column":5},"end":{"line":151,"column":12}},{"start":{"line":151,"column":5},"end":{"line":151,"column":12}}]},"15":{"loc":{"start":{"line":158,"column":4},"end":{"line":160,"column":5}},"type":"if","locations":[{"start":{"line":158,"column":4},"end":{"line":160,"column":5}},{"start":{"line":158,"column":4},"end":{"line":160,"column":5}}]}},"s":{"0":0,"1":0,"2":0,"3":0,"4":0,"5":0,"6":0,"7":0,"8":0,"9":0,"10":0,"11":0,"12":0,"13":0,"14":0,"15":0,"16":0,"17":0,"18":0,"19":0,"20":0,"21":0,"22":0,"23":0,"24":0,"25":0,"26":0,"27":0,"28":0,"29":0,"30":0,"31":0,"32":0,"33":0,"34":0,"35":0,"36":0,"37":0,"38":0,"39":0,"40":0,"41":0,"42":0,"43":0,"44":0,"45":0,"46":0,"47":0,"48":0,"49":0,"50":0,"51":0,"52":0,"53":0,"54":0,"55":0,"56":0,"57":0,"58":0,"59":0,"60":0,"61":0,"62":0,"63":0,"64":0,"65":0,"66":0,"67":0,"68":0,"69":0,"70":0,"71":0,"72":0,"73":0,"74":0,"75":0,"76":0,"77":0,"78":0,"79":0,"80":0,"81":0,"82":0,"83":0,"84":0,"85":0,"86":0,"87":0,"88":0,"89":0,"90":0,"91":0,"92":0,"93":0,"94":0,"95":0,"96":0,"97":0,"98":0},"f":{"0":0,"1":0,"2":0,"3":0,"4":0,"5":0,"6":0,"7":0,"8":0,"9":0,"10":0,"11":0},"b":{"0":[0,0],"1":[0,0],"2":[0,0],"3":[0,0],"4":[0,0],"5":[0,0],"6":[0,0],"7":[0,0],"8":[0,0],"9":[0,0],"10":[0,0],"11":[0,0],"12":[0,0],"13":[0,0],"14":[0,0],"15":[0,0]}}
,"C:\\Users\\Evans Aboge\\Documents\\microsoft-graph-explorer-v4\\src\\setupTests.ts": {"path":"C:\\Users\\Evans Aboge\\Documents\\microsoft-graph-explorer-v4\\src\\setupTests.ts","statementMap":{"0":{"start":{"line":1,"column":0},"end":{"line":1,"column":34}},"1":{"start":{"line":2,"column":0},"end":{"line":2,"column":45}},"2":{"start":{"line":5,"column":0},"end":{"line":5,"column":38}},"3":{"start":{"line":7,"column":42},"end":{"line":7,"column":71}},"4":{"start":{"line":8,"column":0},"end":{"line":8,"column":48}},"5":{"start":{"line":9,"column":0},"end":{"line":9,"column":44}}},"fnMap":{},"branchMap":{},"s":{"0":33,"1":33,"2":33,"3":33,"4":33,"5":33},"f":{},"b":{}}
,"C:\\Users\\Evans Aboge\\Documents\\microsoft-graph-explorer-v4\\src\\app\\middleware\\localStorageMiddleware.ts": {"path":"C:\\Users\\Evans Aboge\\Documents\\microsoft-graph-explorer-v4\\src\\app\\middleware\\localStorageMiddleware.ts","statementMap":{"0":{"start":{"line":3,"column":31},"end":{"line":8,"column":1}},"1":{"start":{"line":3,"column":48},"end":{"line":8,"column":1}},"2":{"start":{"line":3,"column":63},"end":{"line":8,"column":1}},"3":{"start":{"line":4,"column":2},"end":{"line":6,"column":3}},"4":{"start":{"line":5,"column":4},"end":{"line":5,"column":79}},"5":{"start":{"line":7,"column":2},"end":{"line":7,"column":22}},"6":{"start":{"line":10,"column":0},"end":{"line":10,"column":38}}},"fnMap":{"0":{"name":"(anonymous_0)","decl":{"start":{"line":3,"column":31},"end":{"line":3,"column":31}},"loc":{"start":{"line":3,"column":43},"end":{"line":8,"column":1}}},"1":{"name":"(anonymous_1)","decl":{"start":{"line":3,"column":48},"end":{"line":3,"column":48}},"loc":{"start":{"line":3,"column":58},"end":{"line":8,"column":1}}},"2":{"name":"(anonymous_2)","decl":{"start":{"line":3,"column":63},"end":{"line":3,"column":63}},"loc":{"start":{"line":3,"column":79},"end":{"line":8,"column":1}}}},"branchMap":{"0":{"loc":{"start":{"line":4,"column":2},"end":{"line":6,"column":3}},"type":"if","locations":[{"start":{"line":4,"column":2},"end":{"line":6,"column":3}},{"start":{"line":4,"column":2},"end":{"line":6,"column":3}}]}},"s":{"0":2,"1":2,"2":2,"3":0,"4":0,"5":0,"6":2},"f":{"0":2,"1":2,"2":0},"b":{"0":[0,0]}}
,"C:\\Users\\Evans Aboge\\Documents\\microsoft-graph-explorer-v4\\src\\app\\middleware\\telemetryMiddleware.ts": {"path":"C:\\Users\\Evans Aboge\\Documents\\microsoft-graph-explorer-v4\\src\\app\\middleware\\telemetryMiddleware.ts","statementMap":{"0":{"start":{"line":1,"column":0},"end":{"line":1,"column":66}},"1":{"start":{"line":2,"column":0},"end":{"line":2,"column":71}},"2":{"start":{"line":6,"column":0},"end":{"line":11,"column":36}},"3":{"start":{"line":12,"column":0},"end":{"line":12,"column":66}},"4":{"start":{"line":15,"column":2},"end":{"line":60,"column":3}},"5":{"start":{"line":15,"column":18},"end":{"line":60,"column":3}},"6":{"start":{"line":15,"column":33},"end":{"line":60,"column":3}},"7":{"start":{"line":16,"column":10},"end":{"line":16,"column":47}},"8":{"start":{"line":17,"column":4},"end":{"line":58,"column":5}},"9":{"start":{"line":19,"column":8},"end":{"line":26,"column":10}},"10":{"start":{"line":27,"column":8},"end":{"line":27,"column":14}},"11":{"start":{"line":30,"column":8},"end":{"line":37,"column":10}},"12":{"start":{"line":38,"column":8},"end":{"line":38,"column":14}},"13":{"start":{"line":41,"column":8},"end":{"line":46,"column":10}},"14":{"start":{"line":47,"column":8},"end":{"line":47,"column":14}},"15":{"start":{"line":50,"column":8},"end":{"line":55,"column":10}},"16":{"start":{"line":56,"column":8},"end":{"line":56,"column":14}},"17":{"start":{"line":59,"column":4},"end":{"line":59,"column":24}},"18":{"start":{"line":68,"column":26},"end":{"line":68,"column":54}},"19":{"start":{"line":69,"column":29},"end":{"line":69,"column":50}},"20":{"start":{"line":71,"column":2},"end":{"line":74,"column":3}},"21":{"start":{"line":72,"column":4},"end":{"line":72,"column":41}},"22":{"start":{"line":73,"column":4},"end":{"line":73,"column":47}},"23":{"start":{"line":76,"column":2},"end":{"line":79,"column":3}},"24":{"start":{"line":77,"column":25},"end":{"line":77,"column":64}},"25":{"start":{"line":78,"column":4},"end":{"line":78,"column":78}},"26":{"start":{"line":81,"column":2},"end":{"line":81,"column":36}},"27":{"start":{"line":82,"column":2},"end":{"line":82,"column":43}},"28":{"start":{"line":83,"column":2},"end":{"line":87,"column":4}},"29":{"start":{"line":90,"column":0},"end":{"line":90,"column":35}}},"fnMap":{"0":{"name":"(anonymous_13)","decl":{"start":{"line":15,"column":2},"end":{"line":15,"column":2}},"loc":{"start":{"line":15,"column":13},"end":{"line":60,"column":3}}},"1":{"name":"(anonymous_14)","decl":{"start":{"line":15,"column":18},"end":{"line":15,"column":18}},"loc":{"start":{"line":15,"column":28},"end":{"line":60,"column":3}}},"2":{"name":"(anonymous_15)","decl":{"start":{"line":15,"column":33},"end":{"line":15,"column":39}},"loc":{"start":{"line":15,"column":55},"end":{"line":60,"column":3}}},"3":{"name":"trackException","decl":{"start":{"line":62,"column":9},"end":{"line":62,"column":23}},"loc":{"start":{"line":66,"column":36},"end":{"line":88,"column":1}}}},"branchMap":{"0":{"loc":{"start":{"line":18,"column":6},"end":{"line":28,"column":7}},"type":"switch","locations":[{"start":{"line":18,"column":6},"end":{"line":28,"column":7}},{"start":{"line":29,"column":6},"end":{"line":39,"column":7}},{"start":{"line":40,"column":6},"end":{"line":48,"column":7}},{"start":{"line":49,"column":6},"end":{"line":57,"column":7}}]},"1":{"loc":{"start":{"line":71,"column":2},"end":{"line":74,"column":3}},"type":"if","locations":[{"start":{"line":71,"column":2},"end":{"line":74,"column":3}},{"start":{"line":71,"column":2},"end":{"line":74,"column":3}}]},"2":{"loc":{"start":{"line":76,"column":2},"end":{"line":79,"column":3}},"type":"if","locations":[{"start":{"line":76,"column":2},"end":{"line":79,"column":3}},{"start":{"line":76,"column":2},"end":{"line":79,"column":3}}]}},"s":{"0":2,"1":2,"2":2,"3":2,"4":2,"5":2,"6":2,"7":0,"8":0,"9":0,"10":0,"11":0,"12":0,"13":0,"14":0,"15":0,"16":0,"17":0,"18":0,"19":0,"20":0,"21":0,"22":0,"23":0,"24":0,"25":0,"26":0,"27":0,"28":0,"29":2},"f":{"0":2,"1":2,"2":0,"3":0},"b":{"0":[0,0,0,0],"1":[0,0],"2":[0,0]}}
,"C:\\Users\\Evans Aboge\\Documents\\microsoft-graph-explorer-v4\\src\\app\\services\\graph-constants.ts": {"path":"C:\\Users\\Evans Aboge\\Documents\\microsoft-graph-explorer-v4\\src\\app\\services\\graph-constants.ts","statementMap":{"0":{"start":{"line":1,"column":13},"end":{"line":1,"column":55}},"1":{"start":{"line":2,"column":13},"end":{"line":2,"column":52}},"2":{"start":{"line":3,"column":13},"end":{"line":3,"column":65}},"3":{"start":{"line":4,"column":13},"end":{"line":4,"column":68}},"4":{"start":{"line":5,"column":13},"end":{"line":5,"column":60}},"5":{"start":{"line":6,"column":13},"end":{"line":6,"column":62}},"6":{"start":{"line":7,"column":13},"end":{"line":7,"column":73}},"7":{"start":{"line":8,"column":13},"end":{"line":9,"column":52}},"8":{"start":{"line":10,"column":13},"end":{"line":11,"column":64}},"9":{"start":{"line":12,"column":13},"end":{"line":12,"column":71}},"10":{"start":{"line":13,"column":0},"end":{"line":17,"column":1}},"11":{"start":{"line":14,"column":2},"end":{"line":14,"column":13}},"12":{"start":{"line":15,"column":2},"end":{"line":15,"column":13}},"13":{"start":{"line":16,"column":2},"end":{"line":16,"column":25}},"14":{"start":{"line":18,"column":0},"end":{"line":22,"column":1}},"15":{"start":{"line":19,"column":2},"end":{"line":19,"column":24}},"16":{"start":{"line":20,"column":2},"end":{"line":20,"column":29}},"17":{"start":{"line":21,"column":2},"end":{"line":21,"column":32}},"18":{"start":{"line":23,"column":13},"end":{"line":24,"column":59}},"19":{"start":{"line":25,"column":13},"end":{"line":25,"column":73}},"20":{"start":{"line":26,"column":13},"end":{"line":28,"column":51}}},"fnMap":{"0":{"name":"(anonymous_0)","decl":{"start":{"line":13,"column":0},"end":{"line":13,"column":11}},"loc":{"start":{"line":13,"column":24},"end":{"line":17,"column":1}}},"1":{"name":"(anonymous_1)","decl":{"start":{"line":18,"column":0},"end":{"line":18,"column":11}},"loc":{"start":{"line":18,"column":23},"end":{"line":22,"column":1}}}},"branchMap":{"0":{"loc":{"start":{"line":13,"column":12},"end":{"line":13,"column":24}},"type":"binary-expr","locations":[{"start":{"line":13,"column":12},"end":{"line":13,"column":24}},{"start":{"line":13,"column":12},"end":{"line":13,"column":24}}]},"1":{"loc":{"start":{"line":18,"column":12},"end":{"line":18,"column":23}},"type":"binary-expr","locations":[{"start":{"line":18,"column":12},"end":{"line":18,"column":23}},{"start":{"line":18,"column":12},"end":{"line":18,"column":23}}]}},"s":{"0":10,"1":10,"2":10,"3":10,"4":10,"5":10,"6":10,"7":10,"8":10,"9":10,"10":10,"11":10,"12":10,"13":10,"14":10,"15":10,"16":10,"17":10,"18":10,"19":10,"20":10},"f":{"0":10,"1":10},"b":{"0":[10,10],"1":[10,10]}}
,"C:\\Users\\Evans Aboge\\Documents\\microsoft-graph-explorer-v4\\src\\app\\services\\redux-constants.ts": {"path":"C:\\Users\\Evans Aboge\\Documents\\microsoft-graph-explorer-v4\\src\\app\\services\\redux-constants.ts","statementMap":{"0":{"start":{"line":1,"column":13},"end":{"line":1,"column":57}},"1":{"start":{"line":2,"column":13},"end":{"line":2,"column":55}},"2":{"start":{"line":3,"column":13},"end":{"line":3,"column":55}},"3":{"start":{"line":4,"column":13},"end":{"line":4,"column":63}},"4":{"start":{"line":5,"column":13},"end":{"line":5,"column":47}},"5":{"start":{"line":6,"column":13},"end":{"line":6,"column":57}},"6":{"start":{"line":7,"column":13},"end":{"line":7,"column":55}},"7":{"start":{"line":8,"column":13},"end":{"line":8,"column":61}},"8":{"start":{"line":9,"column":13},"end":{"line":9,"column":81}},"9":{"start":{"line":10,"column":13},"end":{"line":10,"column":67}},"10":{"start":{"line":11,"column":13},"end":{"line":11,"column":65}},"11":{"start":{"line":12,"column":13},"end":{"line":12,"column":61}},"12":{"start":{"line":13,"column":13},"end":{"line":13,"column":57}},"13":{"start":{"line":14,"column":13},"end":{"line":14,"column":53}},"14":{"start":{"line":15,"column":13},"end":{"line":15,"column":57}},"15":{"start":{"line":16,"column":13},"end":{"line":16,"column":73}},"16":{"start":{"line":17,"column":13},"end":{"line":17,"column":67}},"17":{"start":{"line":18,"column":13},"end":{"line":18,"column":69}},"18":{"start":{"line":19,"column":13},"end":{"line":19,"column":69}},"19":{"start":{"line":20,"column":13},"end":{"line":20,"column":47}},"20":{"start":{"line":21,"column":13},"end":{"line":21,"column":61}},"21":{"start":{"line":22,"column":13},"end":{"line":22,"column":57}},"22":{"start":{"line":23,"column":13},"end":{"line":23,"column":61}},"23":{"start":{"line":24,"column":13},"end":{"line":24,"column":59}},"24":{"start":{"line":25,"column":13},"end":{"line":25,"column":63}},"25":{"start":{"line":26,"column":13},"end":{"line":26,"column":73}},"26":{"start":{"line":27,"column":13},"end":{"line":27,"column":73}},"27":{"start":{"line":28,"column":13},"end":{"line":28,"column":69}},"28":{"start":{"line":29,"column":13},"end":{"line":29,"column":55}},"29":{"start":{"line":30,"column":13},"end":{"line":30,"column":59}},"30":{"start":{"line":31,"column":13},"end":{"line":31,"column":55}},"31":{"start":{"line":32,"column":13},"end":{"line":32,"column":59}},"32":{"start":{"line":33,"column":13},"end":{"line":33,"column":53}},"33":{"start":{"line":34,"column":13},"end":{"line":34,"column":75}},"34":{"start":{"line":35,"column":13},"end":{"line":35,"column":67}},"35":{"start":{"line":36,"column":13},"end":{"line":36,"column":83}},"36":{"start":{"line":37,"column":13},"end":{"line":37,"column":71}},"37":{"start":{"line":38,"column":13},"end":{"line":38,"column":67}},"38":{"start":{"line":39,"column":13},"end":{"line":39,"column":71}},"39":{"start":{"line":40,"column":13},"end":{"line":40,"column":47}},"40":{"start":{"line":41,"column":13},"end":{"line":41,"column":53}},"41":{"start":{"line":42,"column":13},"end":{"line":42,"column":63}},"42":{"start":{"line":43,"column":13},"end":{"line":43,"column":63}},"43":{"start":{"line":44,"column":13},"end":{"line":44,"column":57}},"44":{"start":{"line":45,"column":13},"end":{"line":45,"column":55}},"45":{"start":{"line":46,"column":13},"end":{"line":46,"column":51}},"46":{"start":{"line":47,"column":13},"end":{"line":47,"column":55}}},"fnMap":{},"branchMap":{},"s":{"0":22,"1":22,"2":22,"3":22,"4":22,"5":22,"6":22,"7":22,"8":22,"9":22,"10":22,"11":22,"12":22,"13":22,"14":22,"15":22,"16":22,"17":22,"18":22,"19":22,"20":22,"21":22,"22":22,"23":22,"24":22,"25":22,"26":22,"27":22,"28":22,"29":22,"30":22,"31":22,"32":22,"33":22,"34":22,"35":22,"36":22,"37":22,"38":22,"39":22,"40":22,"41":22,"42":22,"43":22,"44":22,"45":22,"46":22},"f":{},"b":{}}
,"C:\\Users\\Evans Aboge\\Documents\\microsoft-graph-explorer-v4\\src\\app\\services\\actions\\adaptive-cards-action-creator.ts": {"path":"C:\\Users\\Evans Aboge\\Documents\\microsoft-graph-explorer-v4\\src\\app\\services\\actions\\adaptive-cards-action-creator.ts","statementMap":{"0":{"start":{"line":1,"column":0},"end":{"line":1,"column":68}},"1":{"start":{"line":5,"column":0},"end":{"line":5,"column":66}},"2":{"start":{"line":6,"column":0},"end":{"line":6,"column":54}},"3":{"start":{"line":7,"column":0},"end":{"line":11,"column":27}},"4":{"start":{"line":14,"column":2},"end":{"line":17,"column":4}},"5":{"start":{"line":13,"column":0},"end":{"line":18,"column":1}},"6":{"start":{"line":21,"column":2},"end":{"line":24,"column":4}},"7":{"start":{"line":20,"column":0},"end":{"line":25,"column":1}},"8":{"start":{"line":28,"column":2},"end":{"line":31,"column":4}},"9":{"start":{"line":27,"column":0},"end":{"line":32,"column":1}},"10":{"start":{"line":34,"column":0},"end":{"line":70,"column":0}},"11":{"start":{"line":38,"column":2},"end":{"line":69,"column":4}},"12":{"start":{"line":39,"column":4},"end":{"line":42,"column":5}},"13":{"start":{"line":41,"column":6},"end":{"line":41,"column":50}},"14":{"start":{"line":44,"column":4},"end":{"line":47,"column":5}},"15":{"start":{"line":46,"column":6},"end":{"line":46,"column":72}},"16":{"start":{"line":49,"column":10},"end":{"line":49,"column":57}},"17":{"start":{"line":50,"column":4},"end":{"line":53,"column":5}},"18":{"start":{"line":52,"column":6},"end":{"line":52,"column":69}},"19":{"start":{"line":55,"column":4},"end":{"line":55,"column":39}},"20":{"start":{"line":57,"column":23},"end":{"line":57,"column":78}},"21":{"start":{"line":57,"column":12},"end":{"line":57,"column":78}},"22":{"start":{"line":58,"column":30},"end":{"line":58,"column":51}},"23":{"start":{"line":58,"column":12},"end":{"line":58,"column":51}},"24":{"start":{"line":59,"column":12},"end":{"line":59,"column":68}},"25":{"start":{"line":60,"column":12},"end":{"line":63,"column":8}},"26":{"start":{"line":64,"column":6},"end":{"line":64,"column":67}},"27":{"start":{"line":67,"column":6},"end":{"line":67,"column":51}},"28":{"start":{"line":34,"column":0},"end":{"line":70,"column":1}},"29":{"start":{"line":73,"column":19},"end":{"line":73,"column":73}},"30":{"start":{"line":74,"column":63},"end":{"line":76,"column":3}},"31":{"start":{"line":77,"column":2},"end":{"line":79,"column":11}},"32":{"start":{"line":79,"column":7},"end":{"line":79,"column":10}},"33":{"start":{"line":80,"column":2},"end":{"line":80,"column":34}}},"fnMap":{"0":{"name":"getAdaptiveCardSuccess","decl":{"start":{"line":13,"column":16},"end":{"line":13,"column":38}},"loc":{"start":{"line":13,"column":53},"end":{"line":18,"column":1}}},"1":{"name":"getAdaptiveCardError","decl":{"start":{"line":20,"column":16},"end":{"line":20,"column":36}},"loc":{"start":{"line":20,"column":50},"end":{"line":25,"column":1}}},"2":{"name":"getAdaptiveCardPending","decl":{"start":{"line":27,"column":16},"end":{"line":27,"column":38}},"loc":{"start":{"line":27,"column":38},"end":{"line":32,"column":1}}},"3":{"name":"getAdaptiveCard","decl":{"start":{"line":34,"column":16},"end":{"line":34,"column":31}},"loc":{"start":{"line":36,"column":21},"end":{"line":70,"column":1}}},"4":{"name":"(anonymous_23)","decl":{"start":{"line":38,"column":9},"end":{"line":38,"column":15}},"loc":{"start":{"line":38,"column":34},"end":{"line":69,"column":3}}},"5":{"name":"createCardFromTemplate","decl":{"start":{"line":72,"column":9},"end":{"line":72,"column":31}},"loc":{"start":{"line":72,"column":69},"end":{"line":81,"column":1}}},"6":{"name":"(anonymous_27)","decl":{"start":{"line":77,"column":85},"end":{"line":78,"column":3}},"loc":{"start":{"line":78,"column":17},"end":{"line":79,"column":10}}}},"branchMap":{"0":{"loc":{"start":{"line":39,"column":4},"end":{"line":42,"column":5}},"type":"if","locations":[{"start":{"line":39,"column":4},"end":{"line":42,"column":5}},{"start":{"line":39,"column":4},"end":{"line":42,"column":5}}]},"1":{"loc":{"start":{"line":44,"column":4},"end":{"line":47,"column":5}},"type":"if","locations":[{"start":{"line":44,"column":4},"end":{"line":47,"column":5}},{"start":{"line":44,"column":4},"end":{"line":47,"column":5}}]},"2":{"loc":{"start":{"line":50,"column":4},"end":{"line":53,"column":5}},"type":"if","locations":[{"start":{"line":50,"column":4},"end":{"line":53,"column":5}},{"start":{"line":50,"column":4},"end":{"line":53,"column":5}}]}},"s":{"0":1,"1":1,"2":1,"3":1,"4":1,"5":1,"6":1,"7":1,"8":1,"9":1,"10":0,"11":0,"12":0,"13":0,"14":0,"15":0,"16":0,"17":0,"18":0,"19":0,"20":0,"21":0,"22":0,"23":0,"24":0,"25":0,"26":0,"27":0,"28":1,"29":0,"30":0,"31":0,"32":0,"33":0},"f":{"0":1,"1":1,"2":1,"3":0,"4":0,"5":0,"6":0},"b":{"0":[0,0],"1":[0,0],"2":[0,0]}}
,"C:\\Users\\Evans Aboge\\Documents\\microsoft-graph-explorer-v4\\src\\app\\services\\actions\\auth-action-creators.ts": {"path":"C:\\Users\\Evans Aboge\\Documents\\microsoft-graph-explorer-v4\\src\\app\\services\\actions\\auth-action-creators.ts","statementMap":{"0":{"start":{"line":1,"column":0},"end":{"line":1,"column":71}},"1":{"start":{"line":3,"column":0},"end":{"line":3,"column":43}},"2":{"start":{"line":4,"column":0},"end":{"line":7,"column":27}},"3":{"start":{"line":10,"column":2},"end":{"line":13,"column":4}},"4":{"start":{"line":9,"column":0},"end":{"line":14,"column":1}},"5":{"start":{"line":17,"column":2},"end":{"line":20,"column":4}},"6":{"start":{"line":16,"column":0},"end":{"line":21,"column":1}},"7":{"start":{"line":24,"column":2},"end":{"line":27,"column":4}},"8":{"start":{"line":23,"column":0},"end":{"line":28,"column":1}},"9":{"start":{"line":31,"column":2},"end":{"line":34,"column":4}},"10":{"start":{"line":30,"column":0},"end":{"line":35,"column":1}},"11":{"start":{"line":38,"column":2},"end":{"line":47,"column":4}},"12":{"start":{"line":39,"column":34},"end":{"line":39,"column":29}},"13":{"start":{"line":40,"column":4},"end":{"line":40,"column":45}},"14":{"start":{"line":41,"column":4},"end":{"line":46,"column":5}},"15":{"start":{"line":42,"column":6},"end":{"line":42,"column":37}},"16":{"start":{"line":44,"column":6},"end":{"line":44,"column":42}},"17":{"start":{"line":45,"column":6},"end":{"line":45,"column":38}},"18":{"start":{"line":37,"column":0},"end":{"line":48,"column":1}},"19":{"start":{"line":51,"column":2},"end":{"line":51,"column":69}},"20":{"start":{"line":51,"column":33},"end":{"line":51,"column":68}},"21":{"start":{"line":50,"column":0},"end":{"line":52,"column":1}},"22":{"start":{"line":55,"column":2},"end":{"line":55,"column":86}},"23":{"start":{"line":55,"column":33},"end":{"line":55,"column":85}},"24":{"start":{"line":54,"column":0},"end":{"line":56,"column":1}}},"fnMap":{"0":{"name":"getAuthTokenSuccess","decl":{"start":{"line":9,"column":16},"end":{"line":9,"column":35}},"loc":{"start":{"line":9,"column":53},"end":{"line":14,"column":1}}},"1":{"name":"getConsentedScopesSuccess","decl":{"start":{"line":16,"column":16},"end":{"line":16,"column":41}},"loc":{"start":{"line":16,"column":60},"end":{"line":21,"column":1}}},"2":{"name":"signOutSuccess","decl":{"start":{"line":23,"column":16},"end":{"line":23,"column":30}},"loc":{"start":{"line":23,"column":48},"end":{"line":28,"column":1}}},"3":{"name":"setAuthenticationPending","decl":{"start":{"line":30,"column":16},"end":{"line":30,"column":40}},"loc":{"start":{"line":30,"column":58},"end":{"line":35,"column":1}}},"4":{"name":"signOut","decl":{"start":{"line":37,"column":16},"end":{"line":37,"column":23}},"loc":{"start":{"line":37,"column":23},"end":{"line":48,"column":1}}},"5":{"name":"(anonymous_5)","decl":{"start":{"line":38,"column":9},"end":{"line":38,"column":9}},"loc":{"start":{"line":38,"column":48},"end":{"line":47,"column":3}}},"6":{"name":"signIn","decl":{"start":{"line":50,"column":16},"end":{"line":50,"column":22}},"loc":{"start":{"line":50,"column":22},"end":{"line":52,"column":1}}},"7":{"name":"(anonymous_7)","decl":{"start":{"line":51,"column":9},"end":{"line":51,"column":9}},"loc":{"start":{"line":51,"column":28},"end":{"line":51,"column":68}}},"8":{"name":"storeScopes","decl":{"start":{"line":54,"column":16},"end":{"line":54,"column":27}},"loc":{"start":{"line":54,"column":53},"end":{"line":56,"column":1}}},"9":{"name":"(anonymous_9)","decl":{"start":{"line":55,"column":9},"end":{"line":55,"column":9}},"loc":{"start":{"line":55,"column":28},"end":{"line":55,"column":85}}}},"branchMap":{"0":{"loc":{"start":{"line":41,"column":4},"end":{"line":46,"column":5}},"type":"if","locations":[{"start":{"line":41,"column":4},"end":{"line":46,"column":5}},{"start":{"line":41,"column":4},"end":{"line":46,"column":5}}]}},"s":{"0":0,"1":0,"2":0,"3":0,"4":0,"5":0,"6":0,"7":0,"8":0,"9":0,"10":0,"11":0,"12":0,"13":0,"14":0,"15":0,"16":0,"17":0,"18":0,"19":0,"20":0,"21":0,"22":0,"23":0,"24":0},"f":{"0":0,"1":0,"2":0,"3":0,"4":0,"5":0,"6":0,"7":0,"8":0,"9":0},"b":{"0":[0,0]}}
,"C:\\Users\\Evans Aboge\\Documents\\microsoft-graph-explorer-v4\\src\\app\\services\\actions\\autocomplete-action-creators.ts": {"path":"C:\\Users\\Evans Aboge\\Documents\\microsoft-graph-explorer-v4\\src\\app\\services\\actions\\autocomplete-action-creators.ts","statementMap":{"0":{"start":{"line":1,"column":0},"end":{"line":1,"column":58}},"1":{"start":{"line":3,"column":0},"end":{"line":7,"column":27}},"2":{"start":{"line":10,"column":2},"end":{"line":13,"column":4}},"3":{"start":{"line":9,"column":0},"end":{"line":14,"column":1}},"4":{"start":{"line":17,"column":2},"end":{"line":20,"column":4}},"5":{"start":{"line":16,"column":0},"end":{"line":21,"column":1}},"6":{"start":{"line":24,"column":2},"end":{"line":26,"column":4}},"7":{"start":{"line":23,"column":0},"end":{"line":27,"column":1}},"8":{"start":{"line":29,"column":0},"end":{"line":46,"column":0}},"9":{"start":{"line":33,"column":2},"end":{"line":45,"column":4}},"10":{"start":{"line":34,"column":10},"end":{"line":34,"column":50}},"11":{"start":{"line":35,"column":4},"end":{"line":35,"column":41}},"12":{"start":{"line":36,"column":24},"end":{"line":40,"column":5}},"13":{"start":{"line":36,"column":10},"end":{"line":40,"column":5}},"14":{"start":{"line":41,"column":4},"end":{"line":43,"column":5}},"15":{"start":{"line":42,"column":6},"end":{"line":42,"column":61}},"16":{"start":{"line":44,"column":4},"end":{"line":44,"column":48}},"17":{"start":{"line":29,"column":0},"end":{"line":46,"column":1}}},"fnMap":{"0":{"name":"fetchAutocompleteSuccess","decl":{"start":{"line":9,"column":16},"end":{"line":9,"column":40}},"loc":{"start":{"line":9,"column":57},"end":{"line":14,"column":1}}},"1":{"name":"fetchAutocompleteError","decl":{"start":{"line":16,"column":16},"end":{"line":16,"column":38}},"loc":{"start":{"line":16,"column":55},"end":{"line":21,"column":1}}},"2":{"name":"fetchAutocompletePending","decl":{"start":{"line":23,"column":16},"end":{"line":23,"column":40}},"loc":{"start":{"line":23,"column":40},"end":{"line":27,"column":1}}},"3":{"name":"fetchAutoCompleteOptions","decl":{"start":{"line":29,"column":16},"end":{"line":29,"column":40}},"loc":{"start":{"line":31,"column":17},"end":{"line":46,"column":1}}},"4":{"name":"(anonymous_17)","decl":{"start":{"line":33,"column":9},"end":{"line":33,"column":15}},"loc":{"start":{"line":33,"column":54},"end":{"line":45,"column":3}}}},"branchMap":{"0":{"loc":{"start":{"line":41,"column":4},"end":{"line":43,"column":5}},"type":"if","locations":[{"start":{"line":41,"column":4},"end":{"line":43,"column":5}},{"start":{"line":41,"column":4},"end":{"line":43,"column":5}}]}},"s":{"0":0,"1":0,"2":0,"3":0,"4":0,"5":0,"6":0,"7":0,"8":0,"9":0,"10":0,"11":0,"12":0,"13":0,"14":0,"15":0,"16":0,"17":0},"f":{"0":0,"1":0,"2":0,"3":0,"4":0},"b":{"0":[0,0]}}
,"C:\\Users\\Evans Aboge\\Documents\\microsoft-graph-explorer-v4\\src\\app\\services\\actions\\devxApi-action-creators.ts": {"path":"C:\\Users\\Evans Aboge\\Documents\\microsoft-graph-explorer-v4\\src\\app\\services\\actions\\devxApi-action-creators.ts","statementMap":{"0":{"start":{"line":2,"column":0},"end":{"line":2,"column":61}},"1":{"start":{"line":5,"column":2},"end":{"line":8,"column":4}},"2":{"start":{"line":4,"column":0},"end":{"line":9,"column":1}}},"fnMap":{"0":{"name":"setDevxApiUrl","decl":{"start":{"line":4,"column":16},"end":{"line":4,"column":29}},"loc":{"start":{"line":4,"column":46},"end":{"line":9,"column":1}}}},"branchMap":{},"s":{"0":0,"1":0,"2":0},"f":{"0":0},"b":{}}
,"C:\\Users\\Evans Aboge\\Documents\\microsoft-graph-explorer-v4\\src\\app\\services\\actions\\dimensions-action-creator.ts": {"path":"C:\\Users\\Evans Aboge\\Documents\\microsoft-graph-explorer-v4\\src\\app\\services\\actions\\dimensions-action-creator.ts","statementMap":{"0":{"start":{"line":3,"column":0},"end":{"line":3,"column":51}},"1":{"start":{"line":6,"column":2},"end":{"line":9,"column":4}},"2":{"start":{"line":5,"column":0},"end":{"line":10,"column":1}}},"fnMap":{"0":{"name":"setDimensions","decl":{"start":{"line":5,"column":16},"end":{"line":5,"column":29}},"loc":{"start":{"line":5,"column":51},"end":{"line":10,"column":1}}}},"branchMap":{},"s":{"0":0,"1":0,"2":0},"f":{"0":0},"b":{}}
,"C:\\Users\\Evans Aboge\\Documents\\microsoft-graph-explorer-v4\\src\\app\\services\\actions\\explorer-mode-action-creator.ts": {"path":"C:\\Users\\Evans Aboge\\Documents\\microsoft-graph-explorer-v4\\src\\app\\services\\actions\\explorer-mode-action-creator.ts","statementMap":{"0":{"start":{"line":2,"column":0},"end":{"line":2,"column":68}},"1":{"start":{"line":5,"column":2},"end":{"line":8,"column":4}},"2":{"start":{"line":4,"column":0},"end":{"line":9,"column":1}}},"fnMap":{"0":{"name":"setGraphExplorerMode","decl":{"start":{"line":4,"column":16},"end":{"line":4,"column":36}},"loc":{"start":{"line":4,"column":47},"end":{"line":9,"column":1}}}},"branchMap":{},"s":{"0":1,"1":1,"2":1},"f":{"0":1},"b":{}}
,"C:\\Users\\Evans Aboge\\Documents\\microsoft-graph-explorer-v4\\src\\app\\services\\actions\\ocps-action-creators.ts": {"path":"C:\\Users\\Evans Aboge\\Documents\\microsoft-graph-explorer-v4\\src\\app\\services\\actions\\ocps-action-creators.ts","statementMap":{"0":{"start":{"line":1,"column":0},"end":{"line":1,"column":71}},"1":{"start":{"line":4,"column":0},"end":{"line":8,"column":27}},"2":{"start":{"line":17,"column":2},"end":{"line":20,"column":4}},"3":{"start":{"line":16,"column":0},"end":{"line":21,"column":1}},"4":{"start":{"line":24,"column":2},"end":{"line":27,"column":4}},"5":{"start":{"line":23,"column":0},"end":{"line":28,"column":1}},"6":{"start":{"line":31,"column":2},"end":{"line":33,"column":4}},"7":{"start":{"line":30,"column":0},"end":{"line":34,"column":1}},"8":{"start":{"line":38,"column":0},"end":{"line":64,"column":0}},"9":{"start":{"line":39,"column":2},"end":{"line":63,"column":3}},"10":{"start":{"line":41,"column":12},"end":{"line":41,"column":39}},"11":{"start":{"line":42,"column":20},"end":{"line":42,"column":62}},"12":{"start":{"line":42,"column":12},"end":{"line":42,"column":62}},"13":{"start":{"line":44,"column":12},"end":{"line":48,"column":8}},"14":{"start":{"line":49,"column":12},"end":{"line":49,"column":66}},"15":{"start":{"line":50,"column":6},"end":{"line":50,"column":37}},"16":{"start":{"line":53,"column":23},"end":{"line":53,"column":54}},"17":{"start":{"line":53,"column":12},"end":{"line":53,"column":54}},"18":{"start":{"line":54,"column":6},"end":{"line":56,"column":7}},"19":{"start":{"line":55,"column":8},"end":{"line":55,"column":23}},"20":{"start":{"line":57,"column":18},"end":{"line":57,"column":39}},"21":{"start":{"line":57,"column":12},"end":{"line":57,"column":39}},"22":{"start":{"line":58,"column":12},"end":{"line":58,"column":36}},"23":{"start":{"line":59,"column":6},"end":{"line":59,"column":50}},"24":{"start":{"line":61,"column":6},"end":{"line":61,"column":51}},"25":{"start":{"line":38,"column":0},"end":{"line":64,"column":1}},"26":{"start":{"line":68,"column":32},"end":{"line":72,"column":3}},"27":{"start":{"line":73,"column":16},"end":{"line":73,"column":53}},"28":{"start":{"line":74,"column":2},"end":{"line":86,"column":3}},"29":{"start":{"line":75,"column":4},"end":{"line":85,"column":5}},"30":{"start":{"line":75,"column":30},"end":{"line":75,"column":29}},"31":{"start":{"line":76,"column":6},"end":{"line":78,"column":7}},"32":{"start":{"line":77,"column":8},"end":{"line":77,"column":59}},"33":{"start":{"line":79,"column":6},"end":{"line":81,"column":7}},"34":{"start":{"line":80,"column":8},"end":{"line":80,"column":64}},"35":{"start":{"line":82,"column":6},"end":{"line":84,"column":7}},"36":{"start":{"line":83,"column":8},"end":{"line":83,"column":62}},"37":{"start":{"line":87,"column":2},"end":{"line":87,"column":16}},"38":{"start":{"line":67,"column":0},"end":{"line":88,"column":1}},"39":{"start":{"line":91,"column":23},"end":{"line":91,"column":18}},"40":{"start":{"line":92,"column":2},"end":{"line":96,"column":3}},"41":{"start":{"line":93,"column":4},"end":{"line":93,"column":74}},"42":{"start":{"line":95,"column":4},"end":{"line":95,"column":70}}},"fnMap":{"0":{"name":"getPoliciesSuccess","decl":{"start":{"line":16,"column":16},"end":{"line":16,"column":34}},"loc":{"start":{"line":16,"column":51},"end":{"line":21,"column":1}}},"1":{"name":"getPoliciesError","decl":{"start":{"line":23,"column":16},"end":{"line":23,"column":32}},"loc":{"start":{"line":23,"column":49},"end":{"line":28,"column":1}}},"2":{"name":"getPoliciesPending","decl":{"start":{"line":30,"column":16},"end":{"line":30,"column":34}},"loc":{"start":{"line":30,"column":34},"end":{"line":34,"column":1}}},"3":{"name":"getPolicies","decl":{"start":{"line":38,"column":16},"end":{"line":38,"column":27}},"loc":{"start":{"line":38,"column":27},"end":{"line":64,"column":1}}},"4":{"name":"(anonymous_17)","decl":{"start":{"line":39,"column":9},"end":{"line":39,"column":15}},"loc":{"start":{"line":39,"column":34},"end":{"line":63,"column":3}}},"5":{"name":"getPolicy","decl":{"start":{"line":67,"column":16},"end":{"line":67,"column":25}},"loc":{"start":{"line":67,"column":39},"end":{"line":88,"column":1}}},"6":{"name":"getPolicyUrl","decl":{"start":{"line":90,"column":9},"end":{"line":90,"column":21}},"loc":{"start":{"line":90,"column":21},"end":{"line":97,"column":1}}}},"branchMap":{"0":{"loc":{"start":{"line":54,"column":6},"end":{"line":56,"column":7}},"type":"if","locations":[{"start":{"line":54,"column":6},"end":{"line":56,"column":7}},{"start":{"line":54,"column":6},"end":{"line":56,"column":7}}]},"1":{"loc":{"start":{"line":73,"column":36},"end":{"line":73,"column":37}},"type":"cond-expr","locations":[{"start":{"line":73,"column":36},"end":{"line":73,"column":37}},{"start":{"line":73,"column":36},"end":{"line":73,"column":53}}]},"2":{"loc":{"start":{"line":73,"column":16},"end":{"line":73,"column":36}},"type":"binary-expr","locations":[{"start":{"line":73,"column":16},"end":{"line":73,"column":36}},{"start":{"line":73,"column":36},"end":{"line":73,"column":37}}]},"3":{"loc":{"start":{"line":74,"column":2},"end":{"line":86,"column":3}},"type":"if","locations":[{"start":{"line":74,"column":2},"end":{"line":86,"column":3}},{"start":{"line":74,"column":2},"end":{"line":86,"column":3}}]},"4":{"loc":{"start":{"line":76,"column":6},"end":{"line":78,"column":7}},"type":"if","locations":[{"start":{"line":76,"column":6},"end":{"line":78,"column":7}},{"start":{"line":76,"column":6},"end":{"line":78,"column":7}}]},"5":{"loc":{"start":{"line":79,"column":6},"end":{"line":81,"column":7}},"type":"if","locations":[{"start":{"line":79,"column":6},"end":{"line":81,"column":7}},{"start":{"line":79,"column":6},"end":{"line":81,"column":7}}]},"6":{"loc":{"start":{"line":82,"column":6},"end":{"line":84,"column":7}},"type":"if","locations":[{"start":{"line":82,"column":6},"end":{"line":84,"column":7}},{"start":{"line":82,"column":6},"end":{"line":84,"column":7}}]},"7":{"loc":{"start":{"line":92,"column":2},"end":{"line":96,"column":3}},"type":"if","locations":[{"start":{"line":92,"column":2},"end":{"line":96,"column":3}},{"start":{"line":92,"column":2},"end":{"line":96,"column":3}}]}},"s":{"0":0,"1":0,"2":0,"3":0,"4":0,"5":0,"6":0,"7":0,"8":0,"9":0,"10":0,"11":0,"12":0,"13":0,"14":0,"15":0,"16":0,"17":0,"18":0,"19":0,"20":0,"21":0,"22":0,"23":0,"24":0,"25":0,"26":0,"27":0,"28":0,"29":0,"30":0,"31":0,"32":0,"33":0,"34":0,"35":0,"36":0,"37":0,"38":0,"39":0,"40":0,"41":0,"42":0},"f":{"0":0,"1":0,"2":0,"3":0,"4":0,"5":0,"6":0},"b":{"0":[0,0],"1":[0,0],"2":[0,0],"3":[0,0],"4":[0,0],"5":[0,0],"6":[0,0],"7":[0,0]}}
,"C:\\Users\\Evans Aboge\\Documents\\microsoft-graph-explorer-v4\\src\\app\\services\\actions\\permissions-action-creator.ts": {"path":"C:\\Users\\Evans Aboge\\Documents\\microsoft-graph-explorer-v4\\src\\app\\services\\actions\\permissions-action-creator.ts","statementMap":{"0":{"start":{"line":1,"column":0},"end":{"line":1,"column":48}},"1":{"start":{"line":3,"column":0},"end":{"line":3,"column":45}},"2":{"start":{"line":4,"column":0},"end":{"line":4,"column":71}},"3":{"start":{"line":9,"column":0},"end":{"line":9,"column":69}},"4":{"start":{"line":10,"column":0},"end":{"line":10,"column":66}},"5":{"start":{"line":11,"column":0},"end":{"line":11,"column":65}},"6":{"start":{"line":12,"column":0},"end":{"line":12,"column":94}},"7":{"start":{"line":13,"column":0},"end":{"line":13,"column":62}},"8":{"start":{"line":14,"column":0},"end":{"line":18,"column":27}},"9":{"start":{"line":19,"column":0},"end":{"line":22,"column":31}},"10":{"start":{"line":23,"column":0},"end":{"line":23,"column":70}},"11":{"start":{"line":26,"column":2},"end":{"line":29,"column":4}},"12":{"start":{"line":25,"column":0},"end":{"line":30,"column":1}},"13":{"start":{"line":33,"column":2},"end":{"line":35,"column":4}},"14":{"start":{"line":32,"column":0},"end":{"line":36,"column":1}},"15":{"start":{"line":39,"column":2},"end":{"line":42,"column":4}},"16":{"start":{"line":38,"column":0},"end":{"line":43,"column":1}},"17":{"start":{"line":45,"column":0},"end":{"line":100,"column":0}},"18":{"start":{"line":46,"column":2},"end":{"line":99,"column":4}},"19":{"start":{"line":47,"column":8},"end":{"line":47,"column":23}},"20":{"start":{"line":49,"column":12},"end":{"line":49,"column":100}},"21":{"start":{"line":50,"column":10},"end":{"line":50,"column":60}},"22":{"start":{"line":52,"column":12},"end":{"line":52,"column":57}},"23":{"start":{"line":54,"column":6},"end":{"line":65,"column":7}},"24":{"start":{"line":55,"column":14},"end":{"line":55,"column":60}},"25":{"start":{"line":56,"column":14},"end":{"line":56,"column":68}},"26":{"start":{"line":58,"column":8},"end":{"line":60,"column":9}},"27":{"start":{"line":59,"column":10},"end":{"line":59,"column":44}},"28":{"start":{"line":63,"column":8},"end":{"line":63,"column":123}},"29":{"start":{"line":64,"column":8},"end":{"line":64,"column":22}},"30":{"start":{"line":67,"column":6},"end":{"line":69,"column":7}},"31":{"start":{"line":68,"column":8},"end":{"line":68,"column":86}},"32":{"start":{"line":71,"column":12},"end":{"line":74,"column":8}},"33":{"start":{"line":76,"column":12},"end":{"line":76,"column":51}},"34":{"start":{"line":78,"column":6},"end":{"line":78,"column":37}},"35":{"start":{"line":80,"column":23},"end":{"line":80,"column":59}},"36":{"start":{"line":80,"column":12},"end":{"line":80,"column":59}},"37":{"start":{"line":81,"column":10},"end":{"line":81,"column":21}},"38":{"start":{"line":82,"column":23},"end":{"line":82,"column":44}},"39":{"start":{"line":82,"column":14},"end":{"line":82,"column":44}},"40":{"start":{"line":83,"column":8},"end":{"line":88,"column":10}},"41":{"start":{"line":90,"column":6},"end":{"line":90,"column":21}},"42":{"start":{"line":92,"column":6},"end":{"line":97,"column":8}},"43":{"start":{"line":45,"column":0},"end":{"line":100,"column":1}},"44":{"start":{"line":103,"column":2},"end":{"line":105,"column":3}},"45":{"start":{"line":104,"column":4},"end":{"line":104,"column":32}},"46":{"start":{"line":106,"column":2},"end":{"line":106,"column":26}},"47":{"start":{"line":109,"column":0},"end":{"line":130,"column":0}},"48":{"start":{"line":110,"column":2},"end":{"line":129,"column":4}},"49":{"start":{"line":112,"column":27},"end":{"line":112,"column":78}},"50":{"start":{"line":112,"column":12},"end":{"line":112,"column":78}},"51":{"start":{"line":113,"column":6},"end":{"line":116,"column":7}},"52":{"start":{"line":114,"column":8},"end":{"line":114,"column":44}},"53":{"start":{"line":115,"column":8},"end":{"line":115,"column":65}},"54":{"start":{"line":118,"column":14},"end":{"line":118,"column":34}},"55":{"start":{"line":119,"column":6},"end":{"line":127,"column":8}},"56":{"start":{"line":109,"column":0},"end":{"line":130,"column":1}}},"fnMap":{"0":{"name":"fetchScopesSuccess","decl":{"start":{"line":25,"column":16},"end":{"line":25,"column":34}},"loc":{"start":{"line":25,"column":51},"end":{"line":30,"column":1}}},"1":{"name":"fetchScopesPending","decl":{"start":{"line":32,"column":16},"end":{"line":32,"column":34}},"loc":{"start":{"line":32,"column":34},"end":{"line":36,"column":1}}},"2":{"name":"fetchScopesError","decl":{"start":{"line":38,"column":16},"end":{"line":38,"column":32}},"loc":{"start":{"line":38,"column":49},"end":{"line":43,"column":1}}},"3":{"name":"fetchScopes","decl":{"start":{"line":45,"column":16},"end":{"line":45,"column":27}},"loc":{"start":{"line":45,"column":27},"end":{"line":100,"column":1}}},"4":{"name":"(anonymous_17)","decl":{"start":{"line":46,"column":9},"end":{"line":46,"column":15}},"loc":{"start":{"line":46,"column":54},"end":{"line":99,"column":3}}},"5":{"name":"getPermissionsScopeType","decl":{"start":{"line":102,"column":9},"end":{"line":102,"column":32}},"loc":{"start":{"line":102,"column":66},"end":{"line":107,"column":1}}},"6":{"name":"consentToScopes","decl":{"start":{"line":109,"column":16},"end":{"line":109,"column":31}},"loc":{"start":{"line":109,"column":48},"end":{"line":130,"column":1}}},"7":{"name":"(anonymous_22)","decl":{"start":{"line":110,"column":9},"end":{"line":110,"column":15}},"loc":{"start":{"line":110,"column":34},"end":{"line":129,"column":3}}}},"branchMap":{"0":{"loc":{"start":{"line":54,"column":6},"end":{"line":65,"column":7}},"type":"if","locations":[{"start":{"line":54,"column":6},"end":{"line":65,"column":7}},{"start":{"line":54,"column":6},"end":{"line":65,"column":7}}]},"1":{"loc":{"start":{"line":58,"column":8},"end":{"line":60,"column":9}},"type":"if","locations":[{"start":{"line":58,"column":8},"end":{"line":60,"column":9}},{"start":{"line":58,"column":8},"end":{"line":60,"column":9}}]},"2":{"loc":{"start":{"line":67,"column":6},"end":{"line":69,"column":7}},"type":"if","locations":[{"start":{"line":67,"column":6},"end":{"line":69,"column":7}},{"start":{"line":67,"column":6},"end":{"line":69,"column":7}}]},"3":{"loc":{"start":{"line":68,"column":53},"end":{"line":68,"column":56}},"type":"cond-expr","locations":[{"start":{"line":68,"column":53},"end":{"line":68,"column":56}},{"start":{"line":68,"column":59},"end":{"line":68,"column":62}}]},"4":{"loc":{"start":{"line":103,"column":2},"end":{"line":105,"column":3}},"type":"if","locations":[{"start":{"line":103,"column":2},"end":{"line":105,"column":3}},{"start":{"line":103,"column":2},"end":{"line":105,"column":3}}]},"5":{"loc":{"start":{"line":103,"column":13},"end":{"line":103,"column":5}},"type":"cond-expr","locations":[{"start":{"line":103,"column":13},"end":{"line":103,"column":5}},{"start":{"line":103,"column":6},"end":{"line":103,"column":26}}]},"6":{"loc":{"start":{"line":103,"column":6},"end":{"line":103,"column":13}},"type":"binary-expr","locations":[{"start":{"line":103,"column":6},"end":{"line":103,"column":13}},{"start":{"line":103,"column":6},"end":{"line":103,"column":13}}]},"7":{"loc":{"start":{"line":113,"column":6},"end":{"line":116,"column":7}},"type":"if","locations":[{"start":{"line":113,"column":6},"end":{"line":116,"column":7}},{"start":{"line":113,"column":6},"end":{"line":116,"column":7}}]},"8":{"loc":{"start":{"line":113,"column":10},"end":{"line":113,"column":22}},"type":"binary-expr","locations":[{"start":{"line":113,"column":10},"end":{"line":113,"column":22}},{"start":{"line":113,"column":26},"end":{"line":113,"column":50}}]}},"s":{"0":0,"1":0,"2":0,"3":0,"4":0,"5":0,"6":0,"7":0,"8":0,"9":0,"10":0,"11":0,"12":0,"13":0,"14":0,"15":0,"16":0,"17":0,"18":0,"19":0,"20":0,"21":0,"22":0,"23":0,"24":0,"25":0,"26":0,"27":0,"28":0,"29":0,"30":0,"31":0,"32":0,"33":0,"34":0,"35":0,"36":0,"37":0,"38":0,"39":0,"40":0,"41":0,"42":0,"43":0,"44":0,"45":0,"46":0,"47":0,"48":0,"49":0,"50":0,"51":0,"52":0,"53":0,"54":0,"55":0,"56":0},"f":{"0":0,"1":0,"2":0,"3":0,"4":0,"5":0,"6":0,"7":0},"b":{"0":[0,0],"1":[0,0],"2":[0,0],"3":[0,0],"4":[0,0],"5":[0,0],"6":[0,0],"7":[0,0],"8":[0,0]}}
,"C:\\Users\\Evans Aboge\\Documents\\microsoft-graph-explorer-v4\\src\\app\\services\\actions\\permissions-panel-action-creator.ts": {"path":"C:\\Users\\Evans Aboge\\Documents\\microsoft-graph-explorer-v4\\src\\app\\services\\actions\\permissions-panel-action-creator.ts","statementMap":{"0":{"start":{"line":1,"column":0},"end":{"line":1,"column":59}},"1":{"start":{"line":4,"column":2},"end":{"line":7,"column":4}},"2":{"start":{"line":3,"column":0},"end":{"line":8,"column":1}}},"fnMap":{"0":{"name":"togglePermissionsPanel","decl":{"start":{"line":3,"column":16},"end":{"line":3,"column":38}},"loc":{"start":{"line":3,"column":52},"end":{"line":8,"column":1}}}},"branchMap":{},"s":{"0":0,"1":0,"2":0},"f":{"0":0},"b":{}}
,"C:\\Users\\Evans Aboge\\Documents\\microsoft-graph-explorer-v4\\src\\app\\services\\actions\\profile-action-creators.ts": {"path":"C:\\Users\\Evans Aboge\\Documents\\microsoft-graph-explorer-v4\\src\\app\\services\\actions\\profile-action-creators.ts","statementMap":{"0":{"start":{"line":4,"column":0},"end":{"line":10,"column":27}},"1":{"start":{"line":11,"column":0},"end":{"line":14,"column":27}},"2":{"start":{"line":15,"column":0},"end":{"line":15,"column":77}},"3":{"start":{"line":16,"column":0},"end":{"line":16,"column":68}},"4":{"start":{"line":29,"column":2},"end":{"line":32,"column":4}},"5":{"start":{"line":28,"column":0},"end":{"line":33,"column":1}},"6":{"start":{"line":36,"column":2},"end":{"line":39,"column":4}},"7":{"start":{"line":35,"column":0},"end":{"line":40,"column":1}},"8":{"start":{"line":42,"column":22},"end":{"line":52,"column":1}},"9":{"start":{"line":54,"column":0},"end":{"line":68,"column":0}},"10":{"start":{"line":55,"column":2},"end":{"line":67,"column":4}},"11":{"start":{"line":56,"column":4},"end":{"line":56,"column":39}},"12":{"start":{"line":58,"column":29},"end":{"line":58,"column":58}},"13":{"start":{"line":58,"column":12},"end":{"line":58,"column":58}},"14":{"start":{"line":59,"column":38},"end":{"line":59,"column":60}},"15":{"start":{"line":59,"column":12},"end":{"line":59,"column":34}},"16":{"start":{"line":60,"column":6},"end":{"line":60,"column":40}},"17":{"start":{"line":61,"column":6},"end":{"line":61,"column":34}},"18":{"start":{"line":62,"column":6},"end":{"line":62,"column":13}},"19":{"start":{"line":62,"column":32},"end":{"line":62,"column":55}},"20":{"start":{"line":62,"column":6},"end":{"line":62,"column":56}},"21":{"start":{"line":63,"column":6},"end":{"line":63,"column":47}},"22":{"start":{"line":65,"column":6},"end":{"line":65,"column":47}},"23":{"start":{"line":54,"column":0},"end":{"line":68,"column":1}},"24":{"start":{"line":71,"column":8},"end":{"line":77,"column":4}},"25":{"start":{"line":79,"column":4},"end":{"line":79,"column":36}},"26":{"start":{"line":80,"column":25},"end":{"line":80,"column":51}},"27":{"start":{"line":80,"column":12},"end":{"line":80,"column":20}},"28":{"start":{"line":81,"column":4},"end":{"line":81,"column":47}},"29":{"start":{"line":82,"column":4},"end":{"line":82,"column":71}},"30":{"start":{"line":83,"column":4},"end":{"line":83,"column":19}},"31":{"start":{"line":85,"column":4},"end":{"line":85,"column":16}},"32":{"start":{"line":91,"column":4},"end":{"line":91,"column":41}},"33":{"start":{"line":92,"column":25},"end":{"line":92,"column":51}},"34":{"start":{"line":92,"column":12},"end":{"line":92,"column":20}},"35":{"start":{"line":93,"column":10},"end":{"line":93,"column":44}},"36":{"start":{"line":94,"column":10},"end":{"line":94,"column":49}},"37":{"start":{"line":95,"column":4},"end":{"line":95,"column":35}},"38":{"start":{"line":97,"column":4},"end":{"line":97,"column":56}},"39":{"start":{"line":102,"column":22},"end":{"line":102,"column":46}},"40":{"start":{"line":103,"column":2},"end":{"line":111,"column":3}},"41":{"start":{"line":104,"column":18},"end":{"line":104,"column":53}},"42":{"start":{"line":105,"column":4},"end":{"line":107,"column":5}},"43":{"start":{"line":106,"column":6},"end":{"line":106,"column":15}},"44":{"start":{"line":108,"column":4},"end":{"line":108,"column":20}},"45":{"start":{"line":110,"column":4},"end":{"line":110,"column":13}},"46":{"start":{"line":114,"column":19},"end":{"line":114,"column":77}},"47":{"start":{"line":115,"column":2},"end":{"line":117,"column":3}},"48":{"start":{"line":116,"column":4},"end":{"line":116,"column":34}},"49":{"start":{"line":118,"column":2},"end":{"line":118,"column":21}},"50":{"start":{"line":122,"column":6},"end":{"line":122,"column":27}},"51":{"start":{"line":124,"column":4},"end":{"line":124,"column":39}},"52":{"start":{"line":125,"column":48},"end":{"line":125,"column":74}},"53":{"start":{"line":125,"column":10},"end":{"line":125,"column":43}},"54":{"start":{"line":126,"column":8},"end":{"line":126,"column":19}},"55":{"start":{"line":127,"column":21},"end":{"line":127,"column":49}},"56":{"start":{"line":127,"column":12},"end":{"line":127,"column":49}},"57":{"start":{"line":128,"column":12},"end":{"line":128,"column":62}},"58":{"start":{"line":129,"column":6},"end":{"line":129,"column":50}},"59":{"start":{"line":132,"column":4},"end":{"line":132,"column":27}},"60":{"start":{"line":134,"column":2},"end":{"line":134,"column":25}},"61":{"start":{"line":138,"column":8},"end":{"line":138,"column":48}},"62":{"start":{"line":139,"column":8},"end":{"line":139,"column":30}},"63":{"start":{"line":141,"column":19},"end":{"line":141,"column":56}},"64":{"start":{"line":141,"column":8},"end":{"line":141,"column":56}},"65":{"start":{"line":142,"column":19},"end":{"line":142,"column":61}},"66":{"start":{"line":142,"column":8},"end":{"line":142,"column":61}},"67":{"start":{"line":143,"column":2},"end":{"line":146,"column":4}}},"fnMap":{"0":{"name":"profileRequestSuccess","decl":{"start":{"line":28,"column":16},"end":{"line":28,"column":37}},"loc":{"start":{"line":28,"column":54},"end":{"line":33,"column":1}}},"1":{"name":"profileRequestError","decl":{"start":{"line":35,"column":16},"end":{"line":35,"column":35}},"loc":{"start":{"line":35,"column":52},"end":{"line":40,"column":1}}},"2":{"name":"getProfileInfo","decl":{"start":{"line":54,"column":16},"end":{"line":54,"column":30}},"loc":{"start":{"line":54,"column":30},"end":{"line":68,"column":1}}},"3":{"name":"(anonymous_16)","decl":{"start":{"line":55,"column":9},"end":{"line":55,"column":15}},"loc":{"start":{"line":55,"column":34},"end":{"line":67,"column":3}}},"4":{"name":"getProfileInformation","decl":{"start":{"line":70,"column":15},"end":{"line":70,"column":36}},"loc":{"start":{"line":70,"column":36},"end":{"line":87,"column":1}}},"5":{"name":"getBetaProfile","decl":{"start":{"line":89,"column":15},"end":{"line":89,"column":29}},"loc":{"start":{"line":89,"column":29},"end":{"line":99,"column":1}}},"6":{"name":"getAgeGroup","decl":{"start":{"line":101,"column":9},"end":{"line":101,"column":20}},"loc":{"start":{"line":101,"column":34},"end":{"line":112,"column":1}}},"7":{"name":"getProfileType","decl":{"start":{"line":113,"column":9},"end":{"line":113,"column":23}},"loc":{"start":{"line":113,"column":37},"end":{"line":119,"column":1}}},"8":{"name":"getProfileImage","decl":{"start":{"line":121,"column":15},"end":{"line":121,"column":30}},"loc":{"start":{"line":121,"column":30},"end":{"line":135,"column":1}}},"9":{"name":"getProfileResponse","decl":{"start":{"line":137,"column":15},"end":{"line":137,"column":33}},"loc":{"start":{"line":137,"column":33},"end":{"line":147,"column":1}}}},"branchMap":{"0":{"loc":{"start":{"line":82,"column":27},"end":{"line":82,"column":40}},"type":"binary-expr","locations":[{"start":{"line":82,"column":27},"end":{"line":82,"column":40}},{"start":{"line":82,"column":44},"end":{"line":82,"column":70}}]},"1":{"loc":{"start":{"line":103,"column":2},"end":{"line":111,"column":3}},"type":"if","locations":[{"start":{"line":103,"column":2},"end":{"line":111,"column":3}},{"start":{"line":103,"column":2},"end":{"line":111,"column":3}}]},"2":{"loc":{"start":{"line":104,"column":42},"end":{"line":104,"column":44}},"type":"cond-expr","locations":[{"start":{"line":104,"column":42},"end":{"line":104,"column":44}},{"start":{"line":104,"column":42},"end":{"line":104,"column":53}}]},"3":{"loc":{"start":{"line":104,"column":18},"end":{"line":104,"column":42}},"type":"binary-expr","locations":[{"start":{"line":104,"column":18},"end":{"line":104,"column":42}},{"start":{"line":104,"column":42},"end":{"line":104,"column":44}}]},"4":{"loc":{"start":{"line":104,"column":38},"end":{"line":104,"column":40}},"type":"cond-expr","locations":[{"start":{"line":104,"column":38},"end":{"line":104,"column":40}},{"start":{"line":104,"column":38},"end":{"line":104,"column":42}}]},"5":{"loc":{"start":{"line":104,"column":18},"end":{"line":104,"column":38}},"type":"binary-expr","locations":[{"start":{"line":104,"column":18},"end":{"line":104,"column":38}},{"start":{"line":104,"column":38},"end":{"line":104,"column":40}}]},"6":{"loc":{"start":{"line":104,"column":29},"end":{"line":104,"column":20}},"type":"cond-expr","locations":[{"start":{"line":104,"column":29},"end":{"line":104,"column":20}},{"start":{"line":104,"column":21},"end":{"line":104,"column":38}}]},"7":{"loc":{"start":{"line":104,"column":21},"end":{"line":104,"column":29}},"type":"binary-expr","locations":[{"start":{"line":104,"column":21},"end":{"line":104,"column":29}},{"start":{"line":104,"column":21},"end":{"line":104,"column":29}}]},"8":{"loc":{"start":{"line":105,"column":4},"end":{"line":107,"column":5}},"type":"if","locations":[{"start":{"line":105,"column":4},"end":{"line":107,"column":5}},{"start":{"line":105,"column":4},"end":{"line":107,"column":5}}]},"9":{"loc":{"start":{"line":105,"column":8},"end":{"line":105,"column":30}},"type":"binary-expr","locations":[{"start":{"line":105,"column":8},"end":{"line":105,"column":30}},{"start":{"line":105,"column":34},"end":{"line":105,"column":49}}]},"10":{"loc":{"start":{"line":114,"column":72},"end":{"line":114,"column":74}},"type":"cond-expr","locations":[{"start":{"line":114,"column":72},"end":{"line":114,"column":74}},{"start":{"line":114,"column":72},"end":{"line":114,"column":77}}]},"11":{"loc":{"start":{"line":114,"column":19},"end":{"line":114,"column":72}},"type":"binary-expr","locations":[{"start":{"line":114,"column":19},"end":{"line":114,"column":72}},{"start":{"line":114,"column":72},"end":{"line":114,"column":74}}]},"12":{"loc":{"start":{"line":114,"column":66},"end":{"line":114,"column":67}},"type":"cond-expr","locations":[{"start":{"line":114,"column":66},"end":{"line":114,"column":67}},{"start":{"line":114,"column":66},"end":{"line":114,"column":72}}]},"13":{"loc":{"start":{"line":114,"column":19},"end":{"line":114,"column":66}},"type":"binary-expr","locations":[{"start":{"line":114,"column":19},"end":{"line":114,"column":66}},{"start":{"line":114,"column":66},"end":{"line":114,"column":67}}]},"14":{"loc":{"start":{"line":114,"column":57},"end":{"line":114,"column":59}},"type":"cond-expr","locations":[{"start":{"line":114,"column":57},"end":{"line":114,"column":59}},{"start":{"line":114,"column":57},"end":{"line":114,"column":66}}]},"15":{"loc":{"start":{"line":114,"column":19},"end":{"line":114,"column":57}},"type":"binary-expr","locations":[{"start":{"line":114,"column":19},"end":{"line":114,"column":57}},{"start":{"line":114,"column":57},"end":{"line":114,"column":59}}]},"16":{"loc":{"start":{"line":114,"column":53},"end":{"line":114,"column":55}},"type":"cond-expr","locations":[{"start":{"line":114,"column":53},"end":{"line":114,"column":55}},{"start":{"line":114,"column":53},"end":{"line":114,"column":57}}]},"17":{"loc":{"start":{"line":114,"column":19},"end":{"line":114,"column":53}},"type":"binary-expr","locations":[{"start":{"line":114,"column":19},"end":{"line":114,"column":53}},{"start":{"line":114,"column":53},"end":{"line":114,"column":55}}]},"18":{"loc":{"start":{"line":114,"column":44},"end":{"line":114,"column":35}},"type":"cond-expr","locations":[{"start":{"line":114,"column":44},"end":{"line":114,"column":35}},{"start":{"line":114,"column":36},"end":{"line":114,"column":53}}]},"19":{"loc":{"start":{"line":114,"column":36},"end":{"line":114,"column":44}},"type":"binary-expr","locations":[{"start":{"line":114,"column":36},"end":{"line":114,"column":44}},{"start":{"line":114,"column":36},"end":{"line":114,"column":44}}]},"20":{"loc":{"start":{"line":115,"column":2},"end":{"line":117,"column":3}},"type":"if","locations":[{"start":{"line":115,"column":2},"end":{"line":117,"column":3}},{"start":{"line":115,"column":2},"end":{"line":117,"column":3}}]}},"s":{"0":1,"1":1,"2":1,"3":1,"4":1,"5":1,"6":1,"7":1,"8":1,"9":1,"10":1,"11":1,"12":1,"13":1,"14":0,"15":0,"16":0,"17":0,"18":0,"19":0,"20":0,"21":0,"22":1,"23":1,"24":1,"25":1,"26":1,"27":1,"28":0,"29":0,"30":0,"31":1,"32":0,"33":0,"34":0,"35":0,"36":0,"37":0,"38":0,"39":0,"40":0,"41":0,"42":0,"43":0,"44":0,"45":0,"46":0,"47":0,"48":0,"49":0,"50":0,"51":0,"52":0,"53":0,"54":0,"55":0,"56":0,"57":0,"58":0,"59":0,"60":0,"61":1,"62":1,"63":1,"64":1,"65":0,"66":0,"67":0},"f":{"0":1,"1":1,"2":1,"3":1,"4":1,"5":0,"6":0,"7":0,"8":0,"9":1},"b":{"0":[0,0],"1":[0,0],"2":[0,0],"3":[0,0],"4":[0,0],"5":[0,0],"6":[0,0],"7":[0,0],"8":[0,0],"9":[0,0],"10":[0,0],"11":[0,0],"12":[0,0],"13":[0,0],"14":[0,0],"15":[0,0],"16":[0,0],"17":[0,0],"18":[0,0],"19":[0,0],"20":[0,0]}}
,"C:\\Users\\Evans Aboge\\Documents\\microsoft-graph-explorer-v4\\src\\app\\services\\actions\\proxy-action-creator.ts": {"path":"C:\\Users\\Evans Aboge\\Documents\\microsoft-graph-explorer-v4\\src\\app\\services\\actions\\proxy-action-creator.ts","statementMap":{"0":{"start":{"line":2,"column":0},"end":{"line":2,"column":90}},"1":{"start":{"line":3,"column":0},"end":{"line":3,"column":56}},"2":{"start":{"line":5,"column":0},"end":{"line":18,"column":0}},"3":{"start":{"line":6,"column":2},"end":{"line":17,"column":4}},"4":{"start":{"line":8,"column":23},"end":{"line":8,"column":66}},"5":{"start":{"line":8,"column":12},"end":{"line":8,"column":66}},"6":{"start":{"line":9,"column":6},"end":{"line":11,"column":7}},"7":{"start":{"line":10,"column":8},"end":{"line":10,"column":23}},"8":{"start":{"line":12,"column":18},"end":{"line":12,"column":39}},"9":{"start":{"line":12,"column":12},"end":{"line":12,"column":39}},"10":{"start":{"line":13,"column":6},"end":{"line":13,"column":45}},"11":{"start":{"line":15,"column":6},"end":{"line":15,"column":63}},"12":{"start":{"line":5,"column":0},"end":{"line":18,"column":1}},"13":{"start":{"line":21,"column":2},"end":{"line":24,"column":4}},"14":{"start":{"line":20,"column":0},"end":{"line":25,"column":1}}},"fnMap":{"0":{"name":"getGraphProxyUrl","decl":{"start":{"line":5,"column":16},"end":{"line":5,"column":32}},"loc":{"start":{"line":5,"column":32},"end":{"line":18,"column":1}}},"1":{"name":"(anonymous_14)","decl":{"start":{"line":6,"column":9},"end":{"line":6,"column":15}},"loc":{"start":{"line":6,"column":34},"end":{"line":17,"column":3}}},"2":{"name":"setGraphProxyUrl","decl":{"start":{"line":20,"column":16},"end":{"line":20,"column":32}},"loc":{"start":{"line":20,"column":49},"end":{"line":25,"column":1}}}},"branchMap":{"0":{"loc":{"start":{"line":9,"column":6},"end":{"line":11,"column":7}},"type":"if","locations":[{"start":{"line":9,"column":6},"end":{"line":11,"column":7}},{"start":{"line":9,"column":6},"end":{"line":11,"column":7}}]}},"s":{"0":0,"1":0,"2":0,"3":0,"4":0,"5":0,"6":0,"7":0,"8":0,"9":0,"10":0,"11":0,"12":0,"13":0,"14":0},"f":{"0":0,"1":0,"2":0},"b":{"0":[0,0]}}
,"C:\\Users\\Evans Aboge\\Documents\\microsoft-graph-explorer-v4\\src\\app\\services\\actions\\query-action-creator-util.ts": {"path":"C:\\Users\\Evans Aboge\\Documents\\microsoft-graph-explorer-v4\\src\\app\\services\\actions\\query-action-creator-util.ts","statementMap":{"0":{"start":{"line":1,"column":0},"end":{"line":5,"column":42}},"1":{"start":{"line":6,"column":0},"end":{"line":7,"column":79}},"2":{"start":{"line":10,"column":0},"end":{"line":10,"column":50}},"3":{"start":{"line":13,"column":0},"end":{"line":13,"column":73}},"4":{"start":{"line":14,"column":0},"end":{"line":14,"column":59}},"5":{"start":{"line":15,"column":0},"end":{"line":15,"column":56}},"6":{"start":{"line":16,"column":0},"end":{"line":16,"column":56}},"7":{"start":{"line":17,"column":0},"end":{"line":17,"column":68}},"8":{"start":{"line":20,"column":2},"end":{"line":23,"column":4}},"9":{"start":{"line":19,"column":0},"end":{"line":24,"column":1}},"10":{"start":{"line":31,"column":2},"end":{"line":31,"column":37}},"11":{"start":{"line":32,"column":10},"end":{"line":32,"column":34}},"12":{"start":{"line":33,"column":8},"end":{"line":33,"column":72}},"13":{"start":{"line":34,"column":2},"end":{"line":34,"column":34}},"14":{"start":{"line":26,"column":0},"end":{"line":35,"column":1}},"15":{"start":{"line":38,"column":21},"end":{"line":38,"column":56}},"16":{"start":{"line":39,"column":22},"end":{"line":39,"column":50}},"17":{"start":{"line":40,"column":29},"end":{"line":40,"column":31}},"18":{"start":{"line":42,"column":2},"end":{"line":46,"column":3}},"19":{"start":{"line":43,"column":4},"end":{"line":45,"column":7}},"20":{"start":{"line":44,"column":6},"end":{"line":44,"column":48}},"21":{"start":{"line":48,"column":20},"end":{"line":48,"column":58}},"22":{"start":{"line":49,"column":15},"end":{"line":54,"column":3}},"23":{"start":{"line":56,"column":35},"end":{"line":59,"column":3}},"24":{"start":{"line":60,"column":2},"end":{"line":60,"column":31}},"25":{"start":{"line":37,"column":0},"end":{"line":61,"column":1}},"26":{"start":{"line":66,"column":2},"end":{"line":66,"column":51}},"27":{"start":{"line":68,"column":2},"end":{"line":68,"column":37}},"28":{"start":{"line":69,"column":2},"end":{"line":69,"column":41}},"29":{"start":{"line":63,"column":0},"end":{"line":70,"column":1}},"30":{"start":{"line":76,"column":29},"end":{"line":76,"column":31}},"31":{"start":{"line":77,"column":2},"end":{"line":77,"column":49}},"32":{"start":{"line":79,"column":2},"end":{"line":83,"column":3}},"33":{"start":{"line":80,"column":4},"end":{"line":82,"column":7}},"34":{"start":{"line":81,"column":6},"end":{"line":81,"column":48}},"35":{"start":{"line":85,"column":26},"end":{"line":85,"column":71}},"36":{"start":{"line":86,"column":28},"end":{"line":89,"column":3}},"37":{"start":{"line":90,"column":23},"end":{"line":94,"column":35}},"38":{"start":{"line":96,"column":2},"end":{"line":96,"column":22}},"39":{"start":{"line":99,"column":0},"end":{"line":126,"column":0}},"40":{"start":{"line":100,"column":2},"end":{"line":125,"column":4}},"41":{"start":{"line":103,"column":10},"end":{"line":103,"column":67}},"42":{"start":{"line":105,"column":12},"end":{"line":105,"column":30}},"43":{"start":{"line":106,"column":11},"end":{"line":106,"column":16}},"44":{"start":{"line":109,"column":11},"end":{"line":109,"column":17}},"45":{"start":{"line":112,"column":11},"end":{"line":112,"column":16}},"46":{"start":{"line":115,"column":11},"end":{"line":115,"column":18}},"47":{"start":{"line":118,"column":11},"end":{"line":118,"column":19}},"48":{"start":{"line":107,"column":19},"end":{"line":107,"column":43}},"49":{"start":{"line":107,"column":8},"end":{"line":107,"column":44}},"50":{"start":{"line":108,"column":8},"end":{"line":108,"column":14}},"51":{"start":{"line":110,"column":19},"end":{"line":110,"column":60}},"52":{"start":{"line":110,"column":8},"end":{"line":110,"column":61}},"53":{"start":{"line":111,"column":8},"end":{"line":111,"column":14}},"54":{"start":{"line":113,"column":19},"end":{"line":113,"column":59}},"55":{"start":{"line":113,"column":8},"end":{"line":113,"column":60}},"56":{"start":{"line":114,"column":8},"end":{"line":114,"column":14}},"57":{"start":{"line":116,"column":19},"end":{"line":116,"column":61}},"58":{"start":{"line":116,"column":8},"end":{"line":116,"column":62}},"59":{"start":{"line":117,"column":8},"end":{"line":117,"column":14}},"60":{"start":{"line":119,"column":19},"end":{"line":119,"column":46}},"61":{"start":{"line":119,"column":8},"end":{"line":119,"column":47}},"62":{"start":{"line":120,"column":8},"end":{"line":120,"column":14}},"63":{"start":{"line":122,"column":8},"end":{"line":122,"column":15}},"64":{"start":{"line":124,"column":4},"end":{"line":124,"column":37}},"65":{"start":{"line":99,"column":0},"end":{"line":126,"column":1}},"66":{"start":{"line":129,"column":2},"end":{"line":131,"column":3}},"67":{"start":{"line":130,"column":4},"end":{"line":130,"column":17}},"68":{"start":{"line":132,"column":2},"end":{"line":134,"column":4}},"69":{"start":{"line":128,"column":0},"end":{"line":135,"column":1}},"70":{"start":{"line":138,"column":2},"end":{"line":138,"column":49}},"71":{"start":{"line":137,"column":0},"end":{"line":139,"column":1}},"72":{"start":{"line":142,"column":20},"end":{"line":142,"column":24}},"73":{"start":{"line":144,"column":2},"end":{"line":158,"column":3}},"74":{"start":{"line":145,"column":23},"end":{"line":145,"column":46}},"75":{"start":{"line":146,"column":4},"end":{"line":148,"column":5}},"76":{"start":{"line":147,"column":6},"end":{"line":147,"column":49}},"77":{"start":{"line":149,"column":4},"end":{"line":157,"column":5}},"78":{"start":{"line":153,"column":32},"end":{"line":153,"column":55}},"79":{"start":{"line":154,"column":6},"end":{"line":156,"column":7}},"80":{"start":{"line":155,"column":8},"end":{"line":155,"column":57}},"81":{"start":{"line":159,"column":2},"end":{"line":159,"column":21}},"82":{"start":{"line":141,"column":0},"end":{"line":160,"column":1}},"83":{"start":{"line":163,"column":29},"end":{"line":163,"column":59}},"84":{"start":{"line":164,"column":2},"end":{"line":169,"column":3}},"85":{"start":{"line":165,"column":23},"end":{"line":165,"column":52}},"86":{"start":{"line":166,"column":4},"end":{"line":168,"column":5}},"87":{"start":{"line":167,"column":6},"end":{"line":167,"column":18}},"88":{"start":{"line":172,"column":22},"end":{"line":172,"column":45}},"89":{"start":{"line":173,"column":2},"end":{"line":182,"column":3}},"90":{"start":{"line":174,"column":4},"end":{"line":181,"column":6}},"91":{"start":{"line":183,"column":2},"end":{"line":183,"column":15}},"92":{"start":{"line":162,"column":0},"end":{"line":184,"column":1}},"93":{"start":{"line":191,"column":25},"end":{"line":191,"column":67}},"94":{"start":{"line":191,"column":10},"end":{"line":191,"column":67}},"95":{"start":{"line":192,"column":10},"end":{"line":192,"column":52}},"96":{"start":{"line":193,"column":8},"end":{"line":193,"column":20}},"97":{"start":{"line":194,"column":21},"end":{"line":194,"column":49}},"98":{"start":{"line":194,"column":12},"end":{"line":194,"column":49}},"99":{"start":{"line":195,"column":12},"end":{"line":195,"column":61}},"100":{"start":{"line":196,"column":12},"end":{"line":196,"column":52}},"101":{"start":{"line":197,"column":6},"end":{"line":197,"column":25}},"102":{"start":{"line":200,"column":4},"end":{"line":200,"column":16}},"103":{"start":{"line":186,"column":0},"end":{"line":202,"column":1}},"104":{"start":{"line":206,"column":2},"end":{"line":206,"column":23}},"105":{"start":{"line":208,"column":2},"end":{"line":226,"column":3}},"106":{"start":{"line":209,"column":4},"end":{"line":211,"column":7}},"107":{"start":{"line":210,"column":6},"end":{"line":210,"column":29}},"108":{"start":{"line":213,"colu
[...]
"line":49,"column":19},"end":{"line":49,"column":34}},"type":"binary-expr","locations":[{"start":{"line":49,"column":19},"end":{"line":49,"column":34}},{"start":{"line":49,"column":38},"end":{"line":49,"column":40}}]},"8":{"loc":{"start":{"line":51,"column":6},"end":{"line":53,"column":14}},"type":"switch","locations":[{"start":{"line":51,"column":6},"end":{"line":53,"column":14}},{"start":{"line":54,"column":6},"end":{"line":55,"column":59}},{"start":{"line":56,"column":6},"end":{"line":57,"column":14}}]},"9":{"loc":{"start":{"line":64,"column":24},"end":{"line":64,"column":41}},"type":"binary-expr","locations":[{"start":{"line":64,"column":24},"end":{"line":64,"column":41}},{"start":{"line":64,"column":45},"end":{"line":64,"column":47}}]},"10":{"loc":{"start":{"line":65,"column":29},"end":{"line":65,"column":53}},"type":"binary-expr","locations":[{"start":{"line":65,"column":29},"end":{"line":65,"column":53}},{"start":{"line":65,"column":57},"end":{"line":65,"column":59}}]},"11":{"loc":{"start":{"line":76,"column":33},"end":{"line":76,"column":34}},"type":"cond-expr","locations":[{"start":{"line":76,"column":33},"end":{"line":76,"column":34}},{"start":{"line":76,"column":33},"end":{"line":76,"column":52}}]},"12":{"loc":{"start":{"line":76,"column":14},"end":{"line":76,"column":33}},"type":"binary-expr","locations":[{"start":{"line":76,"column":14},"end":{"line":76,"column":33}},{"start":{"line":76,"column":33},"end":{"line":76,"column":34}}]},"13":{"loc":{"start":{"line":84,"column":24},"end":{"line":84,"column":41}},"type":"binary-expr","locations":[{"start":{"line":84,"column":24},"end":{"line":84,"column":41}},{"start":{"line":84,"column":45},"end":{"line":84,"column":47}}]},"14":{"loc":{"start":{"line":86,"column":2},"end":{"line":90,"column":3}},"type":"if","locations":[{"start":{"line":86,"column":2},"end":{"line":90,"column":3}},{"start":{"line":86,"column":2},"end":{"line":90,"column":3}}]},"15":{"loc":{"start":{"line":95,"column":2},"end":{"line":118,"column":3}},"type":"if","locations":[{"start":{"line":95,"column":2},"end":{"line":118,"column":3}},{"start":{"line":95,"column":2},"end":{"line":118,"column":3}}]},"16":{"loc":{"start":{"line":96,"column":26},"end":{"line":96,"column":43}},"type":"binary-expr","locations":[{"start":{"line":96,"column":26},"end":{"line":96,"column":43}},{"start":{"line":96,"column":47},"end":{"line":96,"column":49}}]},"17":{"loc":{"start":{"line":97,"column":31},"end":{"line":97,"column":55}},"type":"binary-expr","locations":[{"start":{"line":97,"column":31},"end":{"line":97,"column":55}},{"start":{"line":97,"column":59},"end":{"line":97,"column":61}}]},"18":{"loc":{"start":{"line":99,"column":4},"end":{"line":117,"column":5}},"type":"if","locations":[{"start":{"line":99,"column":4},"end":{"line":117,"column":5}},{"start":{"line":99,"column":4},"end":{"line":117,"column":5}}]},"19":{"loc":{"start":{"line":99,"column":8},"end":{"line":99,"column":32}},"type":"binary-expr","locations":[{"start":{"line":99,"column":8},"end":{"line":99,"column":32}},{"start":{"line":99,"column":36},"end":{"line":99,"column":71}}]},"20":{"loc":{"start":{"line":104,"column":6},"end":{"line":106,"column":7}},"type":"if","locations":[{"start":{"line":104,"column":6},"end":{"line":106,"column":7}},{"start":{"line":104,"column":6},"end":{"line":106,"column":7}}]},"21":{"loc":{"start":{"line":109,"column":6},"end":{"line":113,"column":7}},"type":"if","locations":[{"start":{"line":109,"column":6},"end":{"line":113,"column":7}},{"start":{"line":109,"column":6},"end":{"line":113,"column":7}}]}},"s":{"0":2,"1":2,"2":2,"3":2,"4":0,"5":0,"6":0,"7":2,"8":0,"9":0,"10":0,"11":0,"12":0,"13":0,"14":0,"15":0,"16":0,"17":0,"18":0,"19":0,"20":0,"21":0,"22":2,"23":0,"24":0,"25":0,"26":0,"27":0,"28":0,"29":0,"30":0,"31":0,"32":2,"33":0,"34":0,"35":0,"36":0,"37":0,"38":0,"39":0,"40":2,"41":0,"42":0,"43":0,"44":0,"45":0,"46":0,"47":0,"48":0,"49":0,"50":0,"51":0,"52":0,"53":0,"54":0,"55":0,"56":2},"f":{"0":0,"1":0,"2":0,"3":0,"4":0},"b":{"0":[0,0],"1":[0,0],"2":[0,0],"3":[0,0],"4":[0,0],"5":[0,0],"6":[0,0],"7":[0,0],"8":[0,0,0],"9":[0,0],"10":[0,0],"11":[0,0],"12":[0,0],"13":[0,0],"14":[0,0],"15":[0,0],"16":[0,0],"17":[0,0],"18":[0,0],"19":[0,0],"20":[0,0],"21":[0,0]}}
,"C:\\Users\\Evans Aboge\\Documents\\microsoft-graph-explorer-v4\\src\\telemetry\\index.ts": {"path":"C:\\Users\\Evans Aboge\\Documents\\microsoft-graph-explorer-v4\\src\\telemetry\\index.ts","statementMap":{"0":{"start":{"line":1,"column":0},"end":{"line":1,"column":39}},"1":{"start":{"line":7,"column":2},"end":{"line":7,"column":11}},"2":{"start":{"line":7,"column":2},"end":{"line":1,"column":18}},"3":{"start":{"line":2,"column":0},"end":{"line":2,"column":43}},"4":{"start":{"line":7,"column":13},"end":{"line":7,"column":23}},"5":{"start":{"line":3,"column":0},"end":{"line":3,"column":51}},"6":{"start":{"line":7,"column":25},"end":{"line":7,"column":39}},"7":{"start":{"line":4,"column":0},"end":{"line":4,"column":42}},"8":{"start":{"line":7,"column":41},"end":{"line":7,"column":51}}},"fnMap":{"0":{"name":"(anonymous_6)","decl":{"start":{"line":7,"column":2},"end":{"line":1,"column":8}},"loc":{"start":{"line":7,"column":2},"end":{"line":1,"column":18}}}},"branchMap":{},"s":{"0":2,"1":2,"2":0,"3":2,"4":2,"5":2,"6":2,"7":2,"8":2},"f":{"0":0},"b":{}}
,"C:\\Users\\Evans Aboge\\Documents\\microsoft-graph-explorer-v4\\src\\telemetry\\telemetry.ts": {"path":"C:\\Users\\Evans Aboge\\Documents\\microsoft-graph-explorer-v4\\src\\telemetry\\telemetry.ts","statementMap":{"0":{"start":{"line":2,"column":0},"end":{"line":5,"column":48}},"1":{"start":{"line":6,"column":0},"end":{"line":9,"column":43}},"2":{"start":{"line":12,"column":0},"end":{"line":12,"column":40}},"3":{"start":{"line":13,"column":0},"end":{"line":13,"column":44}},"4":{"start":{"line":14,"column":0},"end":{"line":14,"column":76}},"5":{"start":{"line":15,"column":0},"end":{"line":15,"column":70}},"6":{"start":{"line":17,"column":0},"end":{"line":21,"column":22}},"7":{"start":{"line":22,"column":0},"end":{"line":28,"column":18}},"8":{"start":{"line":31,"column":0},"end":{"line":121,"column":0}},"9":{"start":{"line":37,"column":4},"end":{"line":37,"column":41}},"10":{"start":{"line":39,"column":4},"end":{"line":46,"column":6}},"11":{"start":{"line":48,"column":4},"end":{"line":50,"column":7}},"12":{"start":{"line":53,"column":9},"end":{"line":62,"column":3}},"13":{"start":{"line":54,"column":4},"end":{"line":54,"column":39}},"14":{"start":{"line":55,"column":4},"end":{"line":55,"column":37}},"15":{"start":{"line":56,"column":4},"end":{"line":56,"column":67}},"16":{"start":{"line":57,"column":4},"end":{"line":57,"column":73}},"17":{"start":{"line":58,"column":4},"end":{"line":58,"column":65}},"18":{"start":{"line":59,"column":4},"end":{"line":59,"column":79}},"19":{"start":{"line":60,"column":4},"end":{"line":60,"column":79}},"20":{"start":{"line":61,"column":4},"end":{"line":61,"column":55}},"21":{"start":{"line":64,"column":9},"end":{"line":66,"column":3}},"22":{"start":{"line":65,"column":4},"end":{"line":65,"column":54}},"23":{"start":{"line":68,"column":9},"end":{"line":74,"column":3}},"24":{"start":{"line":73,"column":4},"end":{"line":73,"column":74}},"25":{"start":{"line":76,"column":9},"end":{"line":81,"column":3}},"26":{"start":{"line":80,"column":4},"end":{"line":80,"column":77}},"27":{"start":{"line":83,"column":9},"end":{"line":93,"column":3}},"28":{"start":{"line":84,"column":26},"end":{"line":84,"column":67}},"29":{"start":{"line":85,"column":47},"end":{"line":87,"column":5}},"30":{"start":{"line":88,"column":4},"end":{"line":91,"column":5}},"31":{"start":{"line":89,"column":27},"end":{"line":89,"column":66}},"32":{"start":{"line":90,"column":6},"end":{"line":90,"column":80}},"33":{"start":{"line":92,"column":4},"end":{"line":92,"column":54}},"34":{"start":{"line":95,"column":9},"end":{"line":98,"column":3}},"35":{"start":{"line":96,"column":4},"end":{"line":96,"column":77}},"36":{"start":{"line":97,"column":4},"end":{"line":97,"column":45}},"37":{"start":{"line":100,"column":9},"end":{"line":112,"column":3}},"38":{"start":{"line":105,"column":4},"end":{"line":105,"column":34}},"39":{"start":{"line":106,"column":4},"end":{"line":106,"column":45}},"40":{"start":{"line":107,"column":4},"end":{"line":110,"column":5}},"41":{"start":{"line":108,"column":27},"end":{"line":108,"column":66}},"42":{"start":{"line":109,"column":6},"end":{"line":109,"column":80}},"43":{"start":{"line":111,"column":4},"end":{"line":111,"column":57}},"44":{"start":{"line":114,"column":10},"end":{"line":120,"column":3}},"45":{"start":{"line":115,"column":4},"end":{"line":119,"column":6}},"46":{"start":{"line":121,"column":0},"end":{"line":121,"column":1}},"47":{"start":{"line":123,"column":13},"end":{"line":123,"column":41}}},"fnMap":{"0":{"name":"(anonymous_0)","decl":{"start":{"line":31,"column":0},"end":{"line":null,"column":-1}},"loc":{"start":{"line":31,"column":0},"end":{"line":31,"column":-1}}},"1":{"name":"Telemetry","decl":{"start":{"line":36,"column":2},"end":{"line":null,"column":-1}},"loc":{"start":{"line":36,"column":2},"end":{"line":51,"column":3}}},"2":{"name":"(anonymous_2)","decl":{"start":{"line":53,"column":2},"end":{"line":null,"column":-1}},"loc":{"start":{"line":53,"column":2},"end":{"line":62,"column":3}}},"3":{"name":"(anonymous_3)","decl":{"start":{"line":64,"column":2},"end":{"line":64,"column":19}},"loc":{"start":{"line":64,"column":48},"end":{"line":66,"column":3}}},"4":{"name":"(anonymous_4)","decl":{"start":{"line":68,"column":2},"end":{"line":69,"column":3}},"loc":{"start":{"line":71,"column":18},"end":{"line":74,"column":3}}},"5":{"name":"(anonymous_5)","decl":{"start":{"line":76,"column":2},"end":{"line":77,"column":3}},"loc":{"start":{"line":78,"column":26},"end":{"line":81,"column":3}}},"6":{"name":"(anonymous_6)","decl":{"start":{"line":83,"column":2},"end":{"line":83,"column":27}},"loc":{"start":{"line":83,"column":64},"end":{"line":93,"column":3}}},"7":{"name":"(anonymous_7)","decl":{"start":{"line":95,"column":2},"end":{"line":95,"column":28}},"loc":{"start":{"line":95,"column":63},"end":{"line":98,"column":3}}},"8":{"name":"(anonymous_8)","decl":{"start":{"line":100,"column":2},"end":{"line":101,"column":3}},"loc":{"start":{"line":103,"column":42},"end":{"line":112,"column":3}}},"9":{"name":"(anonymous_9)","decl":{"start":{"line":114,"column":2},"end":{"line":null,"column":-1}},"loc":{"start":{"line":114,"column":2},"end":{"line":120,"column":3}}}},"branchMap":{"0":{"loc":{"start":{"line":44,"column":55},"end":{"line":44,"column":60}},"type":"cond-expr","locations":[{"start":{"line":44,"column":55},"end":{"line":44,"column":60}},{"start":{"line":44,"column":63},"end":{"line":44,"column":67}}]},"1":{"loc":{"start":{"line":88,"column":4},"end":{"line":91,"column":5}},"type":"if","locations":[{"start":{"line":88,"column":4},"end":{"line":91,"column":5}},{"start":{"line":88,"column":4},"end":{"line":91,"column":5}}]},"2":{"loc":{"start":{"line":105,"column":17},"end":{"line":105,"column":27}},"type":"binary-expr","locations":[{"start":{"line":105,"column":17},"end":{"line":105,"column":27}},{"start":{"line":105,"column":31},"end":{"line":105,"column":33}}]},"3":{"loc":{"start":{"line":107,"column":4},"end":{"line":110,"column":5}},"type":"if","locations":[{"start":{"line":107,"column":4},"end":{"line":110,"column":5}},{"start":{"line":107,"column":4},"end":{"line":110,"column":5}}]},"4":{"loc":{"start":{"line":116,"column":7},"end":{"line":116,"column":40}},"type":"binary-expr","locations":[{"start":{"line":116,"column":7},"end":{"line":116,"column":40}},{"start":{"line":117,"column":6},"end":{"line":117,"column":47}},{"start":{"line":118,"column":6},"end":{"line":118,"column":8}}]}},"s":{"0":2,"1":2,"2":2,"3":2,"4":2,"5":2,"6":2,"7":2,"8":2,"9":2,"10":2,"11":2,"12":2,"13":0,"14":0,"15":0,"16":0,"17":0,"18":0,"19":0,"20":0,"21":2,"22":0,"23":2,"24":0,"25":2,"26":0,"27":2,"28":0,"29":0,"30":0,"31":0,"32":0,"33":0,"34":2,"35":0,"36":0,"37":2,"38":0,"39":0,"40":0,"41":0,"42":0,"43":0,"44":2,"45":4,"46":2,"47":2},"f":{"0":2,"1":2,"2":0,"3":0,"4":0,"5":0,"6":0,"7":0,"8":0,"9":4},"b":{"0":[2,0],"1":[0,0],"2":[0,0],"3":[0,0],"4":[4,4,0]}}
,"C:\\Users\\Evans Aboge\\Documents\\microsoft-graph-explorer-v4\\src\\tests\\utils\\open-api-sample.ts": {"path":"C:\\Users\\Evans Aboge\\Documents\\microsoft-graph-explorer-v4\\src\\tests\\utils\\open-api-sample.ts","statementMap":{"0":{"start":{"line":3,"column":2},"end":{"line":588,"column":5}},"1":{"start":{"line":1,"column":0},"end":{"line":589,"column":1}}},"fnMap":{"0":{"name":"getSample","decl":{"start":{"line":1,"column":16},"end":{"line":1,"column":25}},"loc":{"start":{"line":1,"column":25},"end":{"line":589,"column":1}}}},"branchMap":{},"s":{"0":1,"1":1},"f":{"0":1},"b":{}}
,"C:\\Users\\Evans Aboge\\Documents\\microsoft-graph-explorer-v4\\src\\themes\\dark.ts": {"path":"C:\\Users\\Evans Aboge\\Documents\\microsoft-graph-explorer-v4\\src\\themes\\dark.ts","statementMap":{"0":{"start":{"line":2,"column":13},"end":{"line":43,"column":2}}},"fnMap":{},"branchMap":{},"s":{"0":0},"f":{},"b":{}}
,"C:\\Users\\Evans Aboge\\Documents\\microsoft-graph-explorer-v4\\src\\themes\\high-contrast.ts": {"path":"C:\\Users\\Evans Aboge\\Documents\\microsoft-graph-explorer-v4\\src\\themes\\high-contrast.ts","statementMap":{"0":{"start":{"line":1,"column":13},"end":{"line":42,"column":2}}},"fnMap":{},"branchMap":{},"s":{"0":0},"f":{},"b":{}}
,"C:\\Users\\Evans Aboge\\Documents\\microsoft-graph-explorer-v4\\src\\themes\\index.ts": {"path":"C:\\Users\\Evans Aboge\\Documents\\microsoft-graph-explorer-v4\\src\\themes\\index.ts","statementMap":{"0":{"start":{"line":1,"column":0},"end":{"line":1,"column":58}},"1":{"start":{"line":3,"column":0},"end":{"line":3,"column":29}},"2":{"start":{"line":4,"column":0},"end":{"line":4,"column":46}},"3":{"start":{"line":5,"column":0},"end":{"line":5,"column":31}},"4":{"start":{"line":7,"column":20},"end":{"line":11,"column":1}},"5":{"start":{"line":14,"column":34},"end":{"line":14,"column":47}},"6":{"start":{"line":15,"column":2},"end":{"line":15,"column":22}},"7":{"start":{"line":13,"column":0},"end":{"line":16,"column":1}}},"fnMap":{"0":{"name":"loadGETheme","decl":{"start":{"line":13,"column":16},"end":{"line":13,"column":27}},"loc":{"start":{"line":13,"column":41},"end":{"line":16,"column":1}}}},"branchMap":{},"s":{"0":0,"1":0,"2":0,"3":0,"4":0,"5":0,"6":0,"7":0},"f":{"0":0},"b":{}}
,"C:\\Users\\Evans Aboge\\Documents\\microsoft-graph-explorer-v4\\src\\themes\\light.ts": {"path":"C:\\Users\\Evans Aboge\\Documents\\microsoft-graph-explorer-v4\\src\\themes\\light.ts","statementMap":{"0":{"start":{"line":3,"column":13},"end":{"line":29,"column":2}}},"fnMap":{},"branchMap":{},"s":{"0":0},"f":{},"b":{}}
,"C:\\Users\\Evans Aboge\\Documents\\microsoft-graph-explorer-v4\\src\\themes\\theme-context.ts": {"path":"C:\\Users\\Evans Aboge\\Documents\\microsoft-graph-explorer-v4\\src\\themes\\theme-context.ts","statementMap":{"0":{"start":{"line":1,"column":0},"end":{"line":1,"column":37}},"1":{"start":{"line":3,"column":13},"end":{"line":3,"column":51}}},"fnMap":{},"branchMap":{},"s":{"0":0,"1":0},"f":{},"b":{}}
,"C:\\Users\\Evans Aboge\\Documents\\microsoft-graph-explorer-v4\\src\\themes\\theme-utils.ts": {"path":"C:\\Users\\Evans Aboge\\Documents\\microsoft-graph-explorer-v4\\src\\themes\\theme-utils.ts","statementMap":{"0":{"start":{"line":1,"column":12},"end":{"line":1,"column":27}},"1":{"start":{"line":4,"column":2},"end":{"line":4,"column":35}},"2":{"start":{"line":3,"column":0},"end":{"line":5,"column":1}},"3":{"start":{"line":8,"column":16},"end":{"line":8,"column":41}},"4":{"start":{"line":9,"column":2},"end":{"line":9,"column":15}},"5":{"start":{"line":7,"column":0},"end":{"line":10,"column":1}}},"fnMap":{"0":{"name":"saveTheme","decl":{"start":{"line":3,"column":16},"end":{"line":3,"column":25}},"loc":{"start":{"line":3,"column":39},"end":{"line":5,"column":1}}},"1":{"name":"readTheme","decl":{"start":{"line":7,"column":16},"end":{"line":7,"column":25}},"loc":{"start":{"line":7,"column":25},"end":{"line":10,"column":1}}}},"branchMap":{},"s":{"0":0,"1":0,"2":0,"3":0,"4":0,"5":0},"f":{"0":0,"1":0},"b":{}}
,"C:\\Users\\Evans Aboge\\Documents\\microsoft-graph-explorer-v4\\src\\types\\enums.ts": {"path":"C:\\Users\\Evans Aboge\\Documents\\microsoft-graph-explorer-v4\\src\\types\\enums.ts","statementMap":{"0":{"start":{"line":1,"column":0},"end":{"line":4,"column":1}},"1":{"start":{"line":2,"column":2},"end":{"line":2,"column":17}},"2":{"start":{"line":3,"column":2},"end":{"line":3,"column":23}},"3":{"start":{"line":6,"column":0},"end":{"line":9,"column":1}},"4":{"start":{"line":7,"column":2},"end":{"line":7,"column":23}},"5":{"start":{"line":8,"column":2},"end":{"line":8,"column":17}},"6":{"start":{"line":11,"column":0},"end":{"line":18,"column":1}},"7":{"start":{"line":12,"column":2},"end":{"line":12,"column":25}},"8":{"start":{"line":13,"column":2},"end":{"line":13,"column":27}},"9":{"start":{"line":14,"column":2},"end":{"line":14,"column":22}},"10":{"start":{"line":15,"column":2},"end":{"line":15,"column":26}},"11":{"start":{"line":16,"column":2},"end":{"line":16,"column":20}},"12":{"start":{"line":17,"column":2},"end":{"line":17,"column":45}},"13":{"start":{"line":20,"column":0},"end":{"line":24,"column":1}},"14":{"start":{"line":21,"column":2},"end":{"line":21,"column":15}},"15":{"start":{"line":22,"column":2},"end":{"line":22,"column":32}},"16":{"start":{"line":23,"column":2},"end":{"line":23,"column":17}},"17":{"start":{"line":26,"column":0},"end":{"line":29,"column":1}},"18":{"start":{"line":27,"column":2},"end":{"line":27,"column":13}},"19":{"start":{"line":28,"column":2},"end":{"line":28,"column":15}}},"fnMap":{"0":{"name":"(anonymous_0)","decl":{"start":{"line":1,"column":0},"end":{"line":1,"column":11}},"loc":{"start":{"line":1,"column":16},"end":{"line":4,"column":1}}},"1":{"name":"(anonymous_1)","decl":{"start":{"line":6,"column":0},"end":{"line":6,"column":11}},"loc":{"start":{"line":6,"column":21},"end":{"line":9,"column":1}}},"2":{"name":"(anonymous_2)","decl":{"start":{"line":11,"column":0},"end":{"line":11,"column":11}},"loc":{"start":{"line":11,"column":23},"end":{"line":18,"column":1}}},"3":{"name":"(anonymous_3)","decl":{"start":{"line":20,"column":0},"end":{"line":20,"column":11}},"loc":{"start":{"line":20,"column":20},"end":{"line":24,"column":1}}},"4":{"name":"(anonymous_4)","decl":{"start":{"line":26,"column":0},"end":{"line":26,"column":11}},"loc":{"start":{"line":26,"column":21},"end":{"line":29,"column":1}}}},"branchMap":{"0":{"loc":{"start":{"line":1,"column":12},"end":{"line":1,"column":16}},"type":"binary-expr","locations":[{"start":{"line":1,"column":12},"end":{"line":1,"column":16}},{"start":{"line":1,"column":12},"end":{"line":1,"column":16}}]},"1":{"loc":{"start":{"line":6,"column":12},"end":{"line":6,"column":21}},"type":"binary-expr","locations":[{"start":{"line":6,"column":12},"end":{"line":6,"column":21}},{"start":{"line":6,"column":12},"end":{"line":6,"column":21}}]},"2":{"loc":{"start":{"line":11,"column":12},"end":{"line":11,"column":23}},"type":"binary-expr","locations":[{"start":{"line":11,"column":12},"end":{"line":11,"column":23}},{"start":{"line":11,"column":12},"end":{"line":11,"column":23}}]},"3":{"loc":{"start":{"line":20,"column":12},"end":{"line":20,"column":20}},"type":"binary-expr","locations":[{"start":{"line":20,"column":12},"end":{"line":20,"column":20}},{"start":{"line":20,"column":12},"end":{"line":20,"column":20}}]},"4":{"loc":{"start":{"line":26,"column":12},"end":{"line":26,"column":21}},"type":"binary-expr","locations":[{"start":{"line":26,"column":12},"end":{"line":26,"column":21}},{"start":{"line":26,"column":12},"end":{"line":26,"column":21}}]}},"s":{"0":7,"1":7,"2":7,"3":7,"4":7,"5":7,"6":7,"7":7,"8":7,"9":7,"10":7,"11":7,"12":7,"13":7,"14":7,"15":7,"16":7,"17":7,"18":7,"19":7},"f":{"0":7,"1":7,"2":7,"3":7,"4":7},"b":{"0":[7,7],"1":[7,7],"2":[7,7],"3":[7,7],"4":[7,7]}}
}
