TN:
SF:C:\Users\Evans Aboge\Documents\microsoft-graph-explorer-v4\src\appLocale.ts
FN:12,getTryItLocale
FN:16,getPortalLocale
FNF:2
FNH:2
FNDA:4,getTryItLocale
FNDA:4,getPortalLocale
DA:1,4
DA:13,4
DA:17,4
DA:20,4
DA:22,4
LF:5
LH:5
BRDA:20,0,0,4
BRDA:20,0,1,4
BRDA:22,1,0,4
BRDA:22,1,1,0
BRDA:22,1,2,4
BRF:5
BRH:4
end_of_record
TN:
SF:C:\Users\Evans Aboge\Documents\microsoft-graph-explorer-v4\src\index.tsx
FN:56,setCurrentSystemTheme
FN:67,getOSTheme
FN:88,applyCurrentSystemTheme
FN:98,refreshAccessToken
FN:99,(anonymous_6)
FN:105,(anonymous_7)
FN:140,(anonymous_8)
FN:142,(anonymous_9)
FN:151,(anonymous_10)
FN:157,(anonymous_11)
FN:165,getWorkerFor
FN:177,(anonymous_13)
FNF:12
FNH:0
FNDA:0,setCurrentSystemTheme
FNDA:0,getOSTheme
FNDA:0,applyCurrentSystemTheme
FNDA:0,refreshAccessToken
FNDA:0,(anonymous_6)
FNDA:0,(anonymous_7)
FNDA:0,(anonymous_8)
FNDA:0,(anonymous_9)
FNDA:0,(anonymous_10)
FNDA:0,(anonymous_11)
FNDA:0,getWorkerFor
FNDA:0,(anonymous_13)
DA:2,0
DA:3,0
DA:4,0
DA:5,0
DA:6,0
DA:7,0
DA:9,0
DA:10,0
DA:11,0
DA:12,0
DA:13,0
DA:14,0
DA:15,0
DA:16,0
DA:17,0
DA:18,0
DA:19,0
DA:20,0
DA:21,0
DA:22,0
DA:23,0
DA:24,0
DA:25,0
DA:26,0
DA:27,0
DA:28,0
DA:29,0
DA:30,0
DA:31,0
DA:32,0
DA:34,0
DA:35,0
DA:37,0
DA:39,0
DA:42,0
DA:43,0
DA:44,0
DA:48,0
DA:49,0
DA:50,0
DA:53,0
DA:55,0
DA:57,0
DA:59,0
DA:60,0
DA:62,0
DA:65,0
DA:68,0
DA:69,0
DA:73,0
DA:77,0
DA:78,0
DA:79,0
DA:80,0
DA:82,0
DA:85,0
DA:89,0
DA:90,0
DA:93,0
DA:95,0
DA:96,0
DA:99,0
DA:100,0
DA:101,0
DA:102,0
DA:109,0
DA:111,0
DA:113,0
DA:115,0
DA:117,0
DA:118,0
DA:119,0
DA:120,0
DA:123,0
DA:125,0
DA:126,0
DA:127,0
DA:129,0
DA:134,0
DA:135,0
DA:137,0
DA:140,0
DA:141,0
DA:142,0
DA:143,0
DA:151,0
DA:152,0
DA:153,0
DA:156,0
DA:158,0
DA:159,0
DA:161,0
DA:168,0
DA:170,0
DA:174,0
DA:175,0
DA:177,0
DA:178,0
DA:190,0
LF:99
LH:0
BRDA:43,0,0,0
BRDA:43,0,1,0
BRDA:49,1,0,0
BRDA:49,1,1,0
BRDA:55,2,0,0
BRDA:55,2,1,0
BRDA:59,3,0,0
BRDA:59,3,1,0
BRDA:77,4,0,0
BRDA:77,4,1,0
BRDA:79,5,0,0
BRDA:79,5,1,0
BRDA:100,6,0,0
BRDA:100,6,1,0
BRDA:100,7,0,0
BRDA:100,7,1,0
BRDA:117,8,0,0
BRDA:117,8,1,0
BRDA:125,9,0,0
BRDA:125,9,1,0
BRDA:125,10,0,0
BRDA:125,10,1,0
BRDA:134,11,0,0
BRDA:134,11,1,0
BRDA:134,12,0,0
BRDA:134,12,1,0
BRDA:141,13,0,0
BRDA:141,13,1,0
BRDA:151,14,0,0
BRDA:151,14,1,0
BRDA:158,15,0,0
BRDA:158,15,1,0
BRF:32
BRH:0
end_of_record
TN:
SF:C:\Users\Evans Aboge\Documents\microsoft-graph-explorer-v4\src\setupTests.ts
FNF:0
FNH:0
DA:1,33
DA:2,33
DA:5,33
DA:7,33
DA:8,33
DA:9,33
LF:6
LH:6
BRF:0
BRH:0
end_of_record
TN:
SF:C:\Users\Evans Aboge\Documents\microsoft-graph-explorer-v4\src\app\middleware\localStorageMiddleware.ts
FN:3,(anonymous_0)
FN:3,(anonymous_1)
FN:3,(anonymous_2)
FNF:3
FNH:2
FNDA:2,(anonymous_0)
FNDA:2,(anonymous_1)
FNDA:0,(anonymous_2)
DA:3,2
DA:4,0
DA:5,0
DA:7,0
DA:10,2
LF:5
LH:2
BRDA:4,0,0,0
BRDA:4,0,1,0
BRF:2
BRH:0
end_of_record
TN:
SF:C:\Users\Evans Aboge\Documents\microsoft-graph-explorer-v4\src\app\middleware\telemetryMiddleware.ts
FN:15,(anonymous_13)
FN:15,(anonymous_14)
FN:15,(anonymous_15)
FN:62,trackException
FNF:4
FNH:2
FNDA:2,(anonymous_13)
FNDA:2,(anonymous_14)
FNDA:0,(anonymous_15)
FNDA:0,trackException
DA:1,2
DA:2,2
DA:6,2
DA:12,2
DA:15,2
DA:16,0
DA:17,0
DA:19,0
DA:27,0
DA:30,0
DA:38,0
DA:41,0
DA:47,0
DA:50,0
DA:56,0
DA:59,0
DA:68,0
DA:69,0
DA:71,0
DA:72,0
DA:73,0
DA:76,0
DA:77,0
DA:78,0
DA:81,0
DA:82,0
DA:83,0
DA:90,2
LF:28
LH:6
BRDA:18,0,0,0
BRDA:18,0,1,0
BRDA:18,0,2,0
BRDA:18,0,3,0
BRDA:71,1,0,0
BRDA:71,1,1,0
BRDA:76,2,0,0
BRDA:76,2,1,0
BRF:8
BRH:0
end_of_record
TN:
SF:C:\Users\Evans Aboge\Documents\microsoft-graph-explorer-v4\src\app\services\graph-constants.ts
FN:13,(anonymous_0)
FN:18,(anonymous_1)
FNF:2
FNH:2
FNDA:10,(anonymous_0)
FNDA:10,(anonymous_1)
DA:1,10
DA:2,10
DA:3,10
DA:4,10
DA:5,10
DA:6,10
DA:7,10
DA:8,10
DA:10,10
DA:12,10
DA:13,10
DA:14,10
DA:15,10
DA:16,10
DA:18,10
DA:19,10
DA:20,10
DA:21,10
DA:23,10
DA:25,10
DA:26,10
LF:21
LH:21
BRDA:13,0,0,10
BRDA:13,0,1,10
BRDA:18,1,0,10
BRDA:18,1,1,10
BRF:4
BRH:4
end_of_record
TN:
SF:C:\Users\Evans Aboge\Documents\microsoft-graph-explorer-v4\src\app\services\redux-constants.ts
FNF:0
FNH:0
DA:1,22
DA:2,22
DA:3,22
DA:4,22
DA:5,22
DA:6,22
DA:7,22
DA:8,22
DA:9,22
DA:10,22
DA:11,22
DA:12,22
DA:13,22
DA:14,22
DA:15,22
DA:16,22
DA:17,22
DA:18,22
DA:19,22
DA:20,22
DA:21,22
DA:22,22
DA:23,22
DA:24,22
DA:25,22
DA:26,22
DA:27,22
DA:28,22
DA:29,22
DA:30,22
DA:31,22
DA:32,22
DA:33,22
DA:34,22
DA:35,22
DA:36,22
DA:37,22
DA:38,22
DA:39,22
DA:40,22
DA:41,22
DA:42,22
DA:43,22
DA:44,22
DA:45,22
DA:46,22
DA:47,22
LF:47
LH:47
BRF:0
BRH:0
end_of_record
TN:
SF:C:\Users\Evans Aboge\Documents\microsoft-graph-explorer-v4\src\app\services\actions\adaptive-cards-action-creator.ts
FN:13,getAdaptiveCardSuccess
FN:20,getAdaptiveCardError
FN:27,getAdaptiveCardPending
FN:34,getAdaptiveCard
FN:38,(anonymous_23)
FN:72,createCardFromTemplate
FN:77,(anonymous_27)
FNF:7
FNH:3
FNDA:1,getAdaptiveCardSuccess
FNDA:1,getAdaptiveCardError
FNDA:1,getAdaptiveCardPending
FNDA:0,getAdaptiveCard
FNDA:0,(anonymous_23)
FNDA:0,createCardFromTemplate
FNDA:0,(anonymous_27)
DA:1,1
DA:5,1
DA:6,1
DA:7,1
DA:13,1
DA:14,1
DA:20,1
DA:21,1
DA:27,1
DA:28,1
DA:34,1
DA:38,0
DA:39,0
DA:41,0
DA:44,0
DA:46,0
DA:49,0
DA:50,0
DA:52,0
DA:55,0
DA:57,0
DA:58,0
DA:59,0
DA:60,0
DA:64,0
DA:67,0
DA:73,0
DA:74,0
DA:77,0
DA:79,0
DA:80,0
LF:31
LH:11
BRDA:39,0,0,0
BRDA:39,0,1,0
BRDA:44,1,0,0
BRDA:44,1,1,0
BRDA:50,2,0,0
BRDA:50,2,1,0
BRF:6
BRH:0
end_of_record
TN:
SF:C:\Users\Evans Aboge\Documents\microsoft-graph-explorer-v4\src\app\services\actions\auth-action-creators.ts
FN:9,getAuthTokenSuccess
FN:16,getConsentedScopesSuccess
FN:23,signOutSuccess
FN:30,setAuthenticationPending
FN:37,signOut
FN:38,(anonymous_5)
FN:50,signIn
FN:51,(anonymous_7)
FN:54,storeScopes
FN:55,(anonymous_9)
FNF:10
FNH:0
FNDA:0,getAuthTokenSuccess
FNDA:0,getConsentedScopesSuccess
FNDA:0,signOutSuccess
FNDA:0,setAuthenticationPending
FNDA:0,signOut
FNDA:0,(anonymous_5)
FNDA:0,signIn
FNDA:0,(anonymous_7)
FNDA:0,storeScopes
FNDA:0,(anonymous_9)
DA:1,0
DA:3,0
DA:4,0
DA:9,0
DA:10,0
DA:16,0
DA:17,0
DA:23,0
DA:24,0
DA:30,0
DA:31,0
DA:37,0
DA:38,0
DA:39,0
DA:40,0
DA:41,0
DA:42,0
DA:44,0
DA:45,0
DA:50,0
DA:51,0
DA:54,0
DA:55,0
LF:23
LH:0
BRDA:41,0,0,0
BRDA:41,0,1,0
BRF:2
BRH:0
end_of_record
TN:
SF:C:\Users\Evans Aboge\Documents\microsoft-graph-explorer-v4\src\app\services\actions\autocomplete-action-creators.ts
FN:9,fetchAutocompleteSuccess
FN:16,fetchAutocompleteError
FN:23,fetchAutocompletePending
FN:29,fetchAutoCompleteOptions
FN:33,(anonymous_17)
FNF:5
FNH:0
FNDA:0,fetchAutocompleteSuccess
FNDA:0,fetchAutocompleteError
FNDA:0,fetchAutocompletePending
FNDA:0,fetchAutoCompleteOptions
FNDA:0,(anonymous_17)
DA:1,0
DA:3,0
DA:9,0
DA:10,0
DA:16,0
DA:17,0
DA:23,0
DA:24,0
DA:29,0
DA:33,0
DA:34,0
DA:35,0
DA:36,0
DA:41,0
DA:42,0
DA:44,0
LF:16
LH:0
BRDA:41,0,0,0
BRDA:41,0,1,0
BRF:2
BRH:0
end_of_record
TN:
SF:C:\Users\Evans Aboge\Documents\microsoft-graph-explorer-v4\src\app\services\actions\devxApi-action-creators.ts
FN:4,setDevxApiUrl
FNF:1
FNH:0
FNDA:0,setDevxApiUrl
DA:2,0
DA:4,0
DA:5,0
LF:3
LH:0
BRF:0
BRH:0
end_of_record
TN:
SF:C:\Users\Evans Aboge\Documents\microsoft-graph-explorer-v4\src\app\services\actions\dimensions-action-creator.ts
FN:5,setDimensions
FNF:1
FNH:0
FNDA:0,setDimensions
DA:3,0
DA:5,0
DA:6,0
LF:3
LH:0
BRF:0
BRH:0
end_of_record
TN:
SF:C:\Users\Evans Aboge\Documents\microsoft-graph-explorer-v4\src\app\services\actions\explorer-mode-action-creator.ts
FN:4,setGraphExplorerMode
FNF:1
FNH:1
FNDA:1,setGraphExplorerMode
DA:2,1
DA:4,1
DA:5,1
LF:3
LH:3
BRF:0
BRH:0
end_of_record
TN:
SF:C:\Users\Evans Aboge\Documents\microsoft-graph-explorer-v4\src\app\services\actions\ocps-action-creators.ts
FN:16,getPoliciesSuccess
FN:23,getPoliciesError
FN:30,getPoliciesPending
FN:38,getPolicies
FN:39,(anonymous_17)
FN:67,getPolicy
FN:90,getPolicyUrl
FNF:7
FNH:0
FNDA:0,getPoliciesSuccess
FNDA:0,getPoliciesError
FNDA:0,getPoliciesPending
FNDA:0,getPolicies
FNDA:0,(anonymous_17)
FNDA:0,getPolicy
FNDA:0,getPolicyUrl
DA:1,0
DA:4,0
DA:16,0
DA:17,0
DA:23,0
DA:24,0
DA:30,0
DA:31,0
DA:38,0
DA:39,0
DA:41,0
DA:42,0
DA:44,0
DA:49,0
DA:50,0
DA:53,0
DA:54,0
DA:55,0
DA:57,0
DA:58,0
DA:59,0
DA:61,0
DA:67,0
DA:68,0
DA:73,0
DA:74,0
DA:75,0
DA:76,0
DA:77,0
DA:79,0
DA:80,0
DA:82,0
DA:83,0
DA:87,0
DA:91,0
DA:92,0
DA:93,0
DA:95,0
LF:38
LH:0
BRDA:54,0,0,0
BRDA:54,0,1,0
BRDA:73,1,0,0
BRDA:73,1,1,0
BRDA:73,2,0,0
BRDA:73,2,1,0
BRDA:74,3,0,0
BRDA:74,3,1,0
BRDA:76,4,0,0
BRDA:76,4,1,0
BRDA:79,5,0,0
BRDA:79,5,1,0
BRDA:82,6,0,0
BRDA:82,6,1,0
BRDA:92,7,0,0
BRDA:92,7,1,0
BRF:16
BRH:0
end_of_record
TN:
SF:C:\Users\Evans Aboge\Documents\microsoft-graph-explorer-v4\src\app\services\actions\permissions-action-creator.ts
FN:25,fetchScopesSuccess
FN:32,fetchScopesPending
FN:38,fetchScopesError
FN:45,fetchScopes
FN:46,(anonymous_17)
FN:102,getPermissionsScopeType
FN:109,consentToScopes
FN:110,(anonymous_22)
FNF:8
FNH:0
FNDA:0,fetchScopesSuccess
FNDA:0,fetchScopesPending
FNDA:0,fetchScopesError
FNDA:0,fetchScopes
FNDA:0,(anonymous_17)
FNDA:0,getPermissionsScopeType
FNDA:0,consentToScopes
FNDA:0,(anonymous_22)
DA:1,0
DA:3,0
DA:4,0
DA:9,0
DA:10,0
DA:11,0
DA:12,0
DA:13,0
DA:14,0
DA:19,0
DA:23,0
DA:25,0
DA:26,0
DA:32,0
DA:33,0
DA:38,0
DA:39,0
DA:45,0
DA:46,0
DA:47,0
DA:49,0
DA:50,0
DA:52,0
DA:54,0
DA:55,0
DA:56,0
DA:58,0
DA:59,0
DA:63,0
DA:64,0
DA:67,0
DA:68,0
DA:71,0
DA:76,0
DA:78,0
DA:80,0
DA:81,0
DA:82,0
DA:83,0
DA:90,0
DA:92,0
DA:103,0
DA:104,0
DA:106,0
DA:109,0
DA:110,0
DA:112,0
DA:113,0
DA:114,0
DA:115,0
DA:118,0
DA:119,0
LF:52
LH:0
BRDA:54,0,0,0
BRDA:54,0,1,0
BRDA:58,1,0,0
BRDA:58,1,1,0
BRDA:67,2,0,0
BRDA:67,2,1,0
BRDA:68,3,0,0
BRDA:68,3,1,0
BRDA:103,4,0,0
BRDA:103,4,1,0
BRDA:103,5,0,0
BRDA:103,5,1,0
BRDA:103,6,0,0
BRDA:103,6,1,0
BRDA:113,7,0,0
BRDA:113,7,1,0
BRDA:113,8,0,0
BRDA:113,8,1,0
BRF:18
BRH:0
end_of_record
TN:
SF:C:\Users\Evans Aboge\Documents\microsoft-graph-explorer-v4\src\app\services\actions\permissions-panel-action-creator.ts
FN:3,togglePermissionsPanel
FNF:1
FNH:0
FNDA:0,togglePermissionsPanel
DA:1,0
DA:3,0
DA:4,0
LF:3
LH:0
BRF:0
BRH:0
end_of_record
TN:
SF:C:\Users\Evans Aboge\Documents\microsoft-graph-explorer-v4\src\app\services\actions\profile-action-creators.ts
FN:28,profileRequestSuccess
FN:35,profileRequestError
FN:54,getProfileInfo
FN:55,(anonymous_16)
FN:70,getProfileInformation
FN:89,getBetaProfile
FN:101,getAgeGroup
FN:113,getProfileType
FN:121,getProfileImage
FN:137,getProfileResponse
FNF:10
FNH:6
FNDA:1,profileRequestSuccess
FNDA:1,profileRequestError
FNDA:1,getProfileInfo
FNDA:1,(anonymous_16)
FNDA:1,getProfileInformation
FNDA:0,getBetaProfile
FNDA:0,getAgeGroup
FNDA:0,getProfileType
FNDA:0,getProfileImage
FNDA:1,getProfileResponse
DA:4,1
DA:11,1
DA:15,1
DA:16,1
DA:28,1
DA:29,1
DA:35,1
DA:36,1
DA:42,1
DA:54,1
DA:55,1
DA:56,1
DA:58,1
DA:59,0
DA:60,0
DA:61,0
DA:62,0
DA:63,0
DA:65,1
DA:71,1
DA:79,1
DA:80,1
DA:81,0
DA:82,0
DA:83,0
DA:85,1
DA:91,0
DA:92,0
DA:93,0
DA:94,0
DA:95,0
DA:97,0
DA:102,0
DA:103,0
DA:104,0
DA:105,0
DA:106,0
DA:108,0
DA:110,0
DA:114,0
DA:115,0
DA:116,0
DA:118,0
DA:122,0
DA:124,0
DA:125,0
DA:126,0
DA:127,0
DA:128,0
DA:129,0
DA:132,0
DA:134,0
DA:138,1
DA:139,1
DA:141,1
DA:142,0
DA:143,0
LF:57
LH:21
BRDA:82,0,0,0
BRDA:82,0,1,0
BRDA:103,1,0,0
BRDA:103,1,1,0
BRDA:104,2,0,0
BRDA:104,2,1,0
BRDA:104,3,0,0
BRDA:104,3,1,0
BRDA:104,4,0,0
BRDA:104,4,1,0
BRDA:104,5,0,0
BRDA:104,5,1,0
BRDA:104,6,0,0
BRDA:104,6,1,0
BRDA:104,7,0,0
BRDA:104,7,1,0
BRDA:105,8,0,0
BRDA:105,8,1,0
BRDA:105,9,0,0
BRDA:105,9,1,0
BRDA:114,10,0,0
BRDA:114,10,1,0
BRDA:114,11,0,0
BRDA:114,11,1,0
BRDA:114,12,0,0
BRDA:114,12,1,0
BRDA:114,13,0,0
BRDA:114,13,1,0
BRDA:114,14,0,0
BRDA:114,14,1,0
BRDA:114,15,0,0
BRDA:114,15,1,0
BRDA:114,16,0,0
BRDA:114,16,1,0
BRDA:114,17,0,0
BRDA:114,17,1,0
BRDA:114,18,0,0
BRDA:114,18,1,0
BRDA:114,19,0,0
BRDA:114,19,1,0
BRDA:115,20,0,0
BRDA:115,20,1,0
BRF:42
BRH:0
end_of_record
TN:
SF:C:\Users\Evans Aboge\Documents\microsoft-graph-explorer-v4\src\app\services\actions\proxy-action-creator.ts
FN:5,getGraphProxyUrl
FN:6,(anonymous_14)
FN:20,setGraphProxyUrl
FNF:3
FNH:0
FNDA:0,getGraphProxyUrl
FNDA:0,(anonymous_14)
FNDA:0,setGraphProxyUrl
DA:2,0
DA:3,0
DA:5,0
DA:6,0
DA:8,0
DA:9,0
DA:10,0
DA:12,0
DA:13,0
DA:15,0
DA:20,0
DA:21,0
LF:12
LH:0
BRDA:9,0,0,0
BRDA:9,0,1,0
BRF:2
BRH:0
end_of_record
TN:
SF:C:\Users\Evans Aboge\Documents\microsoft-graph-explorer-v4\src\app\services\actions\query-action-creator-util.ts
FN:19,queryResponse
FN:26,anonymousRequest
FN:37,createAnonymousRequest
FN:43,(anonymous_20)
FN:63,authenticatedRequest
FN:72,createAuthenticatedRequest
FN:80,(anonymous_23)
FN:99,makeGraphRequest
FN:100,(anonymous_25)
FN:128,isImageResponse
FN:137,isBetaURLResponse
FN:141,getContentType
FN:162,isFileResponse
FN:186,generateResponseDownloadUrl
FN:204,parseResponse
FN:209,(anonymous_36)
FN:230,queryResultsInCorsError
FNF:17
FNH:12
FNDA:2,queryResponse
FNDA:2,anonymousRequest
FNDA:3,createAnonymousRequest
FNDA:0,(anonymous_20)
FNDA:0,authenticatedRequest
FNDA:1,createAuthenticatedRequest
FNDA:1,(anonymous_23)
FNDA:1,makeGraphRequest
FNDA:1,(anonymous_25)
FNDA:2,isImageResponse
FNDA:0,isBetaURLResponse
FNDA:6,getContentType
FNDA:4,isFileResponse
FNDA:0,generateResponseDownloadUrl
FNDA:2,parseResponse
FNDA:2,(anonymous_36)
FNDA:0,queryResultsInCorsError
DA:1,3
DA:6,3
DA:10,3
DA:13,3
DA:14,3
DA:15,3
DA:16,3
DA:17,3
DA:19,3
DA:20,2
DA:26,3
DA:31,2
DA:32,2
DA:33,2
DA:34,2
DA:37,3
DA:38,3
DA:39,3
DA:40,3
DA:42,3
DA:43,0
DA:44,0
DA:48,3
DA:49,3
DA:56,3
DA:60,3
DA:63,3
DA:66,0
DA:68,0
DA:69,0
DA:76,1
DA:77,1
DA:79,1
DA:80,1
DA:81,1
DA:85,1
DA:86,1
DA:90,1
DA:96,1
DA:99,3
DA:100,1
DA:103,1
DA:105,1
DA:106,1
DA:107,1
DA:108,0
DA:109,0
DA:110,0
DA:111,0
DA:112,0
DA:113,0
DA:114,0
DA:115,0
DA:116,0
DA:117,0
DA:118,0
DA:119,0
DA:120,0
DA:122,0
DA:124,0
DA:128,3
DA:129,2
DA:130,0
DA:132,2
DA:137,3
DA:138,0
DA:141,3
DA:142,6
DA:144,6
DA:145,6
DA:146,6
DA:147,2
DA:149,6
DA:153,6
DA:154,6
DA:155,6
DA:159,6
DA:162,3
DA:163,4
DA:164,4
DA:165,0
DA:166,0
DA:167,0
DA:172,4
DA:173,4
DA:174,4
DA:183,0
DA:186,3
DA:191,0
DA:192,0
DA:193,0
DA:194,0
DA:195,0
DA:196,0
DA:197,0
DA:200,0
DA:204,3
DA:206,2
DA:208,2
DA:209,2
DA:210,2
DA:213,2
DA:214,2
DA:216,0
DA:221,2
DA:224,0
DA:227,0
DA:230,3
DA:231,0
DA:232,0
LF:110
LH:71
BRDA:42,0,0,0
BRDA:42,0,1,3
BRDA:42,1,0,3
BRDA:42,1,1,1
BRDA:66,2,0,0
BRDA:66,2,1,0
BRDA:79,3,0,1
BRDA:79,3,1,0
BRDA:79,4,0,1
BRDA:79,4,1,1
BRDA:129,5,0,0
BRDA:129,5,1,2
BRDA:133,6,0,2
BRDA:133,6,1,2
BRDA:138,7,0,0
BRDA:138,7,1,0
BRDA:138,8,0,0
BRDA:138,8,1,0
BRDA:138,9,0,0
BRDA:138,9,1,0
BRDA:138,10,0,0
BRDA:138,10,1,0
BRDA:138,11,0,0
BRDA:138,11,1,0
BRDA:138,12,0,0
BRDA:138,12,1,0
BRDA:138,13,0,0
BRDA:138,13,1,0
BRDA:138,14,0,0
BRDA:138,14,1,0
BRDA:138,15,0,0
BRDA:138,15,1,0
BRDA:138,16,0,0
BRDA:138,16,1,0
BRDA:144,17,0,6
BRDA:144,17,1,0
BRDA:146,18,0,2
BRDA:146,18,1,4
BRDA:149,19,0,6
BRDA:149,19,1,0
BRDA:154,20,0,6
BRDA:154,20,1,0
BRDA:164,21,0,0
BRDA:164,21,1,4
BRDA:166,22,0,0
BRDA:166,22,1,0
BRDA:173,23,0,4
BRDA:173,23,1,0
BRDA:175,24,0,4
BRDA:175,24,1,4
BRDA:175,24,2,4
BRDA:175,24,3,4
BRDA:175,24,4,4
BRDA:175,24,5,4
BRDA:206,25,0,0
BRDA:206,25,1,2
BRDA:208,26,0,2
BRDA:208,26,1,0
BRDA:208,27,0,2
BRDA:208,27,1,2
BRDA:215,28,0,0
BRDA:215,28,1,0
BRDA:215,28,2,0
BRDA:215,28,3,2
BRDA:215,28,4,0
BRF:65
BRH:27
end_of_record
TN:
SF:C:\Users\Evans Aboge\Documents\microsoft-graph-explorer-v4\src\app\services\actions\query-action-creators.ts
FN:21,runQuery
FN:22,(anonymous_16)
FN:29,(anonymous_17)
FN:38,(anonymous_20)
FN:57,(anonymous_23)
FN:69,processResponse
FN:145,fetchContentDownloadUrl
FN:170,(anonymous_32)
FN:203,(anonymous_35)
FN:214,createHistory
FNF:10
FNH:5
FNDA:2,runQuery
FNDA:2,(anonymous_16)
FNDA:0,(anonymous_17)
FNDA:0,(anonymous_20)
FNDA:2,(anonymous_23)
FNDA:2,processResponse
FNDA:0,fetchContentDownloadUrl
FNDA:0,(anonymous_32)
FNDA:0,(anonymous_35)
FNDA:2,createHistory
DA:1,1
DA:3,1
DA:7,1
DA:8,1
DA:18,1
DA:19,1
DA:21,2
DA:22,2
DA:23,2
DA:24,2
DA:25,2
DA:27,2
DA:28,0
DA:30,0
DA:39,0
DA:45,0
DA:56,2
DA:58,2
DA:76,2
DA:77,2
DA:78,2
DA:88,2
DA:96,2
DA:97,2
DA:98,2
DA:101,0
DA:102,2
DA:103,2
DA:105,2
DA:107,2
DA:108,0
DA:112,0
DA:113,0
DA:119,2
DA:126,0
DA:131,0
DA:133,0
DA:139,0
DA:149,0
DA:150,0
DA:153,0
DA:156,0
DA:159,0
DA:160,0
DA:162,0
DA:169,0
DA:171,0
DA:172,0
DA:173,0
DA:174,0
DA:176,0
DA:177,0
DA:179,0
DA:180,0
DA:182,0
DA:194,0
DA:201,0
DA:204,0
DA:210,0
DA:223,2
DA:224,2
DA:225,2
DA:226,2
DA:228,2
DA:229,0
DA:232,0
DA:235,2
DA:236,0
DA:241,2
DA:255,2
DA:257,2
DA:258,2
LF:72
LH:36
BRDA:23,0,0,2
BRDA:23,0,1,0
BRDA:23,1,0,2
BRDA:23,1,1,2
BRDA:23,2,0,0
BRDA:23,2,1,2
BRDA:23,3,0,2
BRDA:23,3,1,2
BRDA:27,4,0,0
BRDA:27,4,1,2
BRDA:96,5,0,2
BRDA:96,5,1,0
BRDA:101,6,0,2
BRDA:101,6,1,2
BRDA:112,7,0,0
BRDA:112,7,1,0
BRDA:126,8,0,0
BRDA:126,8,1,0
BRDA:127,9,0,0
BRDA:127,9,1,0
BRDA:127,9,2,0
BRDA:228,10,0,0
BRDA:228,10,1,2
BRDA:235,11,0,0
BRDA:235,11,1,2
BRF:25
BRH:12
end_of_record
TN:
SF:C:\Users\Evans Aboge\Documents\microsoft-graph-explorer-v4\src\app\services\actions\query-input-action-creators.ts
FN:5,setSampleQuery
FNF:1
FNH:1
FNDA:1,setSampleQuery
DA:3,1
DA:5,1
DA:6,1
LF:3
LH:3
BRF:0
BRH:0
end_of_record
TN:
SF:C:\Users\Evans Aboge\Documents\microsoft-graph-explorer-v4\src\app\services\actions\query-loading-action-creators.ts
FN:3,queryRunningStatus
FNF:1
FNH:1
FNDA:3,queryRunningStatus
DA:1,3
DA:3,3
DA:4,3
LF:3
LH:3
BRF:0
BRH:0
end_of_record
TN:
SF:C:\Users\Evans Aboge\Documents\microsoft-graph-explorer-v4\src\app\services\actions\query-status-action-creator.ts
FN:5,setQueryResponseStatus
FN:12,clearResponse
FN:19,clearQueryStatus
FN:20,(anonymous_3)
FNF:4
FNH:1
FNDA:2,setQueryResponseStatus
FNDA:0,clearResponse
FNDA:0,clearQueryStatus
FNDA:0,(anonymous_3)
DA:3,1
DA:5,1
DA:6,2
DA:12,1
DA:13,0
DA:19,1
DA:20,0
DA:21,0
LF:8
LH:5
BRF:0
BRH:0
end_of_record
TN:
SF:C:\Users\Evans Aboge\Documents\microsoft-graph-explorer-v4\src\app\services\actions\request-history-action-creators.ts
FN:11,addHistoryItem
FN:18,removeHistoryItem
FN:21,(anonymous_15)
FN:23,(anonymous_18)
FN:32,bulkRemoveHistoryItems
FN:35,(anonymous_20)
FN:39,(anonymous_21)
FN:41,(anonymous_24)
FN:50,viewHistoryItem
FNF:9
FNH:1
FNDA:3,addHistoryItem
FNDA:0,removeHistoryItem
FNDA:0,(anonymous_15)
FNDA:0,(anonymous_18)
FNDA:0,bulkRemoveHistoryItems
FNDA:0,(anonymous_20)
FNDA:0,(anonymous_21)
FNDA:0,(anonymous_24)
FNDA:0,viewHistoryItem
DA:3,2
DA:4,2
DA:11,2
DA:12,3
DA:18,2
DA:20,0
DA:21,0
DA:22,0
DA:24,0
DA:32,2
DA:34,0
DA:35,0
DA:36,0
DA:39,0
DA:40,0
DA:42,0
DA:50,2
DA:51,0
LF:18
LH:7
BRF:0
BRH:0
end_of_record
TN:
SF:C:\Users\Evans Aboge\Documents\microsoft-graph-explorer-v4\src\app\services\actions\response-expanded-action-creator.ts
FN:3,expandResponseArea
FNF:1
FNH:0
FNDA:0,expandResponseArea
DA:1,0
DA:3,0
DA:4,0
LF:3
LH:0
BRF:0
BRH:0
end_of_record
TN:
SF:C:\Users\Evans Aboge\Documents\microsoft-graph-explorer-v4\src\app\services\actions\samples-action-creators.ts
FN:10,fetchSamplesSuccess
FN:17,fetchSamplesError
FN:24,fetchSamplesPending
FN:30,fetchSamples
FN:31,(anonymous_17)
FNF:5
FNH:1
FNDA:1,fetchSamplesSuccess
FNDA:0,fetchSamplesError
FNDA:0,fetchSamplesPending
FNDA:0,fetchSamples
FNDA:0,(anonymous_17)
DA:1,1
DA:4,1
DA:10,1
DA:11,1
DA:17,1
DA:18,0
DA:24,1
DA:25,0
DA:30,1
DA:31,0
DA:32,0
DA:33,0
DA:35,0
DA:39,0
DA:44,0
DA:46,0
DA:49,0
DA:50,0
DA:51,0
DA:53,0
DA:54,0
DA:56,0
LF:22
LH:7
BRDA:36,0,0,0
BRDA:36,0,1,0
BRDA:50,1,0,0
BRDA:50,1,1,0
BRF:4
BRH:0
end_of_record
TN:
SF:C:\Users\Evans Aboge\Documents\microsoft-graph-explorer-v4\src\app\services\actions\snippet-action-creator.ts
FN:10,getSnippetSuccess
FN:17,getSnippetError
FN:24,getSnippetPending
FN:30,getSnippet
FN:31,(anonymous_17)
FNF:5
FNH:1
FNDA:1,getSnippetSuccess
FNDA:0,getSnippetError
FNDA:0,getSnippetPending
FNDA:0,getSnippet
FNDA:0,(anonymous_17)
DA:3,1
DA:4,1
DA:10,1
DA:11,1
DA:17,1
DA:18,0
DA:24,1
DA:25,0
DA:30,1
DA:31,0
DA:32,0
DA:34,0
DA:36,0
DA:39,0
DA:40,0
DA:42,0
DA:43,0
DA:44,0
DA:45,0
DA:49,0
DA:51,0
DA:52,0
DA:56,0
DA:61,0
DA:62,0
DA:64,0
DA:65,0
DA:66,0
DA:67,0
DA:68,0
DA:70,0
DA:72,0
LF:32
LH:7
BRDA:39,0,0,0
BRDA:39,0,1,0
BRDA:42,1,0,0
BRDA:42,1,1,0
BRDA:44,2,0,0
BRDA:44,2,1,0
BRF:6
BRH:0
end_of_record
TN:
SF:C:\Users\Evans Aboge\Documents\microsoft-graph-explorer-v4\src\app\services\actions\terms-of-use-action-creator.ts
FN:4,clearTermsOfUse
FN:5,(anonymous_1)
FNF:2
FNH:2
FNDA:1,clearTermsOfUse
FNDA:1,(anonymous_1)
DA:2,1
DA:4,1
DA:5,1
DA:6,1
LF:4
LH:4
BRF:0
BRH:0
end_of_record
TN:
SF:C:\Users\Evans Aboge\Documents\microsoft-graph-explorer-v4\src\app\services\actions\theme-action-creator.ts
FN:7,changeThemeSuccess
FN:14,changeTheme
FN:17,(anonymous_2)
FNF:3
FNH:0
FNDA:0,changeThemeSuccess
FNDA:0,changeTheme
FNDA:0,(anonymous_2)
DA:3,0
DA:5,0
DA:7,0
DA:8,0
DA:14,0
DA:15,0
DA:17,0
DA:18,0
LF:8
LH:0
BRF:0
BRH:0
end_of_record
TN:
SF:C:\Users\Evans Aboge\Documents\microsoft-graph-explorer-v4\src\app\services\actions\toggle-sidebar-action-creator.ts
FN:4,toggleSidebar
FNF:1
FNH:1
FNDA:1,toggleSidebar
DA:2,1
DA:4,1
DA:5,1
LF:3
LH:3
BRF:0
BRH:0
end_of_record
TN:
SF:C:\Users\Evans Aboge\Documents\microsoft-graph-explorer-v4\src\app\services\graph-client\GraphAuthenticationProvider.ts
FN:5,(anonymous_13)
FN:9,(anonymous_15)
FNF:2
FNH:2
FNDA:6,(anonymous_13)
FNDA:1,(anonymous_15)
DA:3,3
DA:5,3
DA:9,3
DA:11,1
DA:12,0
DA:14,1
DA:17,3
LF:7
LH:6
BRF:0
BRH:0
end_of_record
TN:
SF:C:\Users\Evans Aboge\Documents\microsoft-graph-explorer-v4\src\app\services\graph-client\graph-client.ts
FN:5,(anonymous_0)
FN:8,(anonymous_2)
FN:17,(anonymous_3)
FNF:3
FNH:3
FNDA:3,(anonymous_0)
FNDA:1,(anonymous_2)
FNDA:1,(anonymous_3)
DA:1,3
DA:2,3
DA:3,3
DA:5,3
DA:8,3
DA:10,1
DA:14,1
DA:17,3
DA:18,1
DA:19,1
DA:21,1
DA:23,3
LF:12
LH:12
BRDA:18,0,0,1
BRDA:18,0,1,0
BRF:2
BRH:1
end_of_record
TN:
SF:C:\Users\Evans Aboge\Documents\microsoft-graph-explorer-v4\src\app\services\graph-client\index.ts
FN:3,(anonymous_0)
FNF:1
FNH:1
FNDA:1,(anonymous_0)
DA:1,3
DA:3,4
DA:4,3
LF:3
LH:3
BRF:0
BRH:0
end_of_record
TN:
SF:C:\Users\Evans Aboge\Documents\microsoft-graph-explorer-v4\src\app\services\reducers\adaptive-cards-reducer.ts
FN:15,adaptiveCard
FNF:1
FNH:1
FNDA:10,adaptiveCard
DA:3,3
DA:9,3
DA:15,16
DA:16,10
DA:18,1
DA:23,1
DA:28,1
DA:34,7
LF:8
LH:8
BRDA:15,0,0,6
BRDA:15,0,1,4
BRDA:17,1,0,1
BRDA:17,1,1,1
BRDA:17,1,2,1
BRDA:17,1,3,7
BRF:6
BRH:6
end_of_record
TN:
SF:C:\Users\Evans Aboge\Documents\microsoft-graph-explorer-v4\src\app\services\reducers\auth-reducers.ts
FN:14,authToken
FN:36,consentedScopes
FNF:2
FNH:2
FNDA:8,authToken
FNDA:6,consentedScopes
DA:3,3
DA:9,3
DA:14,12
DA:15,8
DA:17,1
DA:22,0
DA:27,0
DA:32,7
DA:36,10
DA:37,6
DA:39,0
DA:41,0
DA:43,6
LF:13
LH:9
BRDA:14,0,0,4
BRDA:14,0,1,4
BRDA:16,1,0,1
BRDA:16,1,1,0
BRDA:16,1,2,0
BRDA:16,1,3,7
BRDA:36,2,0,4
BRDA:36,2,1,2
BRDA:38,3,0,0
BRDA:38,3,1,0
BRDA:38,3,2,6
BRF:11
BRH:7
end_of_record
TN:
SF:C:\Users\Evans Aboge\Documents\microsoft-graph-explorer-v4\src\app\services\reducers\autocomplete-reducer.ts
FN:11,autoComplete
FNF:1
FNH:1
FNDA:6,autoComplete
DA:3,2
DA:5,2
DA:11,12
DA:12,6
DA:14,0
DA:20,0
DA:26,0
DA:32,6
LF:8
LH:5
BRDA:11,0,0,6
BRDA:11,0,1,0
BRDA:13,1,0,0
BRDA:13,1,1,0
BRDA:13,1,2,0
BRDA:13,1,3,6
BRF:6
BRH:2
end_of_record
TN:
SF:C:\Users\Evans Aboge\Documents\microsoft-graph-explorer-v4\src\app\services\reducers\devxApi-reducers.ts
FN:10,devxApi
FNF:1
FNH:1
FNDA:6,devxApi
DA:3,2
DA:4,2
DA:6,2
DA:10,12
DA:11,6
DA:14,0
DA:17,6
LF:7
LH:6
BRDA:10,0,0,6
BRDA:10,0,1,0
BRDA:13,1,0,0
BRDA:13,1,1,6
BRF:4
BRH:2
end_of_record
TN:
SF:C:\Users\Evans Aboge\Documents\microsoft-graph-explorer-v4\src\app\services\reducers\dimensions-reducers.ts
FN:16,dimensions
FNF:1
FNH:1
FNDA:6,dimensions
DA:3,2
DA:5,2
DA:16,12
DA:17,6
DA:19,0
DA:21,6
LF:6
LH:5
BRDA:16,0,0,6
BRDA:16,0,1,0
BRDA:18,1,0,0
BRDA:18,1,1,6
BRF:4
BRH:2
end_of_record
TN:
SF:C:\Users\Evans Aboge\Documents\microsoft-graph-explorer-v4\src\app\services\reducers\graph-explorer-mode-reducer.ts
FN:5,graphExplorerMode
FNF:1
FNH:1
FNDA:7,graphExplorerMode
DA:2,3
DA:3,3
DA:5,14
DA:6,7
DA:8,1
DA:10,6
LF:6
LH:6
BRDA:5,0,0,7
BRDA:5,0,1,0
BRDA:7,1,0,1
BRDA:7,1,1,6
BRF:4
BRH:3
end_of_record
TN:
SF:C:\Users\Evans Aboge\Documents\microsoft-graph-explorer-v4\src\app\services\reducers\index.ts
FNF:0
FNH:0
DA:1,2
DA:2,2
DA:3,2
DA:4,2
DA:5,2
DA:6,2
DA:7,2
DA:8,2
DA:9,2
DA:10,2
DA:11,2
DA:12,2
DA:13,2
DA:14,2
DA:15,2
DA:16,2
DA:17,2
DA:18,2
DA:19,2
DA:20,2
DA:21,2
DA:22,2
DA:23,2
DA:25,2
LF:24
LH:24
BRF:0
BRH:0
end_of_record
TN:
SF:C:\Users\Evans Aboge\Documents\microsoft-graph-explorer-v4\src\app\services\reducers\ocps-reducers.ts
FN:11,policies
FNF:1
FNH:1
FNDA:6,policies
DA:3,2
DA:5,2
DA:11,12
DA:12,6
DA:14,0
DA:20,0
DA:26,0
DA:32,6
LF:8
LH:5
BRDA:11,0,0,6
BRDA:11,0,1,0
BRDA:13,1,0,0
BRDA:13,1,1,0
BRDA:13,1,2,0
BRDA:13,1,3,6
BRF:6
BRH:2
end_of_record
TN:
SF:C:\Users\Evans Aboge\Documents\microsoft-graph-explorer-v4\src\app\services\reducers\permissions-panel-reducer.ts
FN:4,permissionsPanelOpen
FNF:1
FNH:1
FNDA:6,permissionsPanelOpen
DA:2,2
DA:4,12
DA:5,6
DA:7,0
DA:9,6
LF:5
LH:4
BRDA:4,0,0,6
BRDA:4,0,1,0
BRDA:6,1,0,0
BRDA:6,1,1,6
BRF:4
BRH:2
end_of_record
TN:
SF:C:\Users\Evans Aboge\Documents\microsoft-graph-explorer-v4\src\app\services\reducers\permissions-reducer.ts
FN:12,scopes
FNF:1
FNH:1
FNDA:6,scopes
DA:3,2
DA:5,2
DA:12,12
DA:13,6
DA:15,0
DA:16,0
DA:23,0
DA:30,0
DA:37,6
LF:9
LH:5
BRDA:12,0,0,6
BRDA:12,0,1,0
BRDA:14,1,0,0
BRDA:14,1,1,0
BRDA:14,1,2,0
BRDA:14,1,3,6
BRF:6
BRH:2
end_of_record
TN:
SF:C:\Users\Evans Aboge\Documents\microsoft-graph-explorer-v4\src\app\services\reducers\profile-reducer.ts
FN:4,profile
FNF:1
FNH:1
FNDA:6,profile
DA:2,2
DA:4,10
DA:5,6
DA:7,0
DA:9,0
DA:11,6
LF:6
LH:4
BRDA:4,0,0,4
BRDA:4,0,1,2
BRDA:6,1,0,0
BRDA:6,1,1,0
BRDA:6,1,2,6
BRF:5
BRH:3
end_of_record
TN:
SF:C:\Users\Evans Aboge\Documents\microsoft-graph-explorer-v4\src\app\services\reducers\proxy-url-reducer.ts
FN:5,proxyUrl
FNF:1
FNH:1
FNDA:6,proxyUrl
DA:2,2
DA:3,2
DA:5,12
DA:6,6
DA:8,0
DA:10,6
LF:6
LH:5
BRDA:5,0,0,6
BRDA:5,0,1,0
BRDA:7,1,0,0
BRDA:7,1,1,6
BRF:4
BRH:2
end_of_record
TN:
SF:C:\Users\Evans Aboge\Documents\microsoft-graph-explorer-v4\src\app\services\reducers\query-input-reducers.ts
FN:4,sampleQuery
FNF:1
FNH:1
FNDA:8,sampleQuery
DA:2,3
DA:4,12
DA:5,8
DA:7,1
DA:9,7
LF:5
LH:5
BRDA:4,0,0,4
BRDA:4,0,1,4
BRDA:6,1,0,1
BRDA:6,1,1,7
BRF:4
BRH:4
end_of_record
TN:
SF:C:\Users\Evans Aboge\Documents\microsoft-graph-explorer-v4\src\app\services\reducers\query-loading-reducers.ts
FN:12,isLoadingData
FNF:1
FNH:1
FNDA:6,isLoadingData
DA:2,2
DA:12,10
DA:13,6
DA:15,0
DA:17,0
DA:18,0
DA:21,0
DA:23,0
DA:25,0
DA:27,0
DA:29,0
DA:31,6
LF:12
LH:4
BRDA:12,0,0,4
BRDA:12,0,1,2
BRDA:14,1,0,0
BRDA:14,1,1,0
BRDA:14,1,2,0
BRDA:14,1,3,0
BRDA:14,1,4,0
BRDA:14,1,5,0
BRDA:14,1,6,0
BRDA:14,1,7,6
BRDA:17,2,0,0
BRDA:17,2,1,0
BRF:12
BRH:3
end_of_record
TN:
SF:C:\Users\Evans Aboge\Documents\microsoft-graph-explorer-v4\src\app\services\reducers\query-runner-reducers.ts
FN:15,graphResponse
FNF:1
FNH:1
FNDA:8,graphResponse
DA:3,3
DA:10,3
DA:15,3
DA:16,14
DA:19,8
DA:21,1
DA:23,0
DA:25,0
DA:27,0
DA:29,7
LF:10
LH:7
BRDA:16,0,0,6
BRDA:16,0,1,2
BRDA:20,1,0,1
BRDA:20,1,1,0
BRDA:20,1,2,0
BRDA:20,1,3,0
BRDA:20,1,4,7
BRF:7
BRH:4
end_of_record
TN:
SF:C:\Users\Evans Aboge\Documents\microsoft-graph-explorer-v4\src\app\services\reducers\query-runner-status-reducers.ts
FN:6,queryRunnerStatus
FNF:1
FNH:1
FNDA:8,queryRunnerStatus
DA:2,3
DA:6,12
DA:7,8
DA:9,1
DA:11,0
DA:13,0
DA:15,1
DA:17,0
DA:19,6
LF:9
LH:6
BRDA:6,0,0,4
BRDA:6,0,1,4
BRDA:8,1,0,1
BRDA:8,1,1,0
BRDA:8,1,2,0
BRDA:8,1,3,1
BRDA:8,1,4,0
BRDA:8,1,5,6
BRF:8
BRH:5
end_of_record
TN:
SF:C:\Users\Evans Aboge\Documents\microsoft-graph-explorer-v4\src\app\services\reducers\request-history-reducers.ts
FN:9,history
FN:13,(anonymous_2)
FN:14,(anonymous_3)
FN:22,(anonymous_4)
FN:26,(anonymous_5)
FNF:5
FNH:2
FNDA:8,history
FNDA:1,(anonymous_2)
FNDA:0,(anonymous_3)
FNDA:0,(anonymous_4)
FNDA:0,(anonymous_5)
DA:3,3
DA:9,14
DA:10,8
DA:12,1
DA:13,1
DA:14,1
DA:15,0
DA:19,1
DA:22,0
DA:25,0
DA:26,0
DA:29,7
LF:12
LH:8
BRDA:9,0,0,6
BRDA:9,0,1,2
BRDA:11,1,0,1
BRDA:11,1,1,0
BRDA:11,1,2,0
BRDA:11,1,3,7
BRDA:16,2,0,1
BRDA:16,2,1,0
BRF:8
BRH:5
end_of_record
TN:
SF:C:\Users\Evans Aboge\Documents\microsoft-graph-explorer-v4\src\app\services\reducers\response-expanded-reducer.ts
FN:4,responseAreaExpanded
FNF:1
FNH:1
FNDA:6,responseAreaExpanded
DA:2,2
DA:4,12
DA:5,6
DA:7,0
DA:10,6
LF:5
LH:4
BRDA:4,0,0,6
BRDA:4,0,1,0
BRDA:6,1,0,0
BRDA:6,1,1,6
BRF:4
BRH:2
end_of_record
TN:
SF:C:\Users\Evans Aboge\Documents\microsoft-graph-explorer-v4\src\app\services\reducers\samples-reducers.ts
FN:11,samples
FNF:1
FNH:1
FNDA:10,samples
DA:2,3
DA:3,3
DA:5,3
DA:11,16
DA:12,10
DA:14,1
DA:19,1
DA:25,1
DA:32,7
LF:9
LH:9
BRDA:11,0,0,6
BRDA:11,0,1,4
BRDA:13,1,0,1
BRDA:13,1,1,1
BRDA:13,1,2,1
BRDA:13,1,3,7
BRF:6
BRH:6
end_of_record
TN:
SF:C:\Users\Evans Aboge\Documents\microsoft-graph-explorer-v4\src\app\services\reducers\snippet-reducer.ts
FN:11,snippets
FNF:1
FNH:1
FNDA:7,snippets
DA:2,3
DA:5,3
DA:11,13
DA:12,7
DA:14,1
DA:20,0
DA:26,0
DA:32,6
LF:8
LH:6
BRDA:11,0,0,6
BRDA:11,0,1,1
BRDA:13,1,0,1
BRDA:13,1,1,0
BRDA:13,1,2,0
BRDA:13,1,3,6
BRF:6
BRH:4
end_of_record
TN:
SF:C:\Users\Evans Aboge\Documents\microsoft-graph-explorer-v4\src\app\services\reducers\terms-of-use-reducer.ts
FN:4,termsOfUse
FNF:1
FNH:1
FNDA:7,termsOfUse
DA:2,3
DA:4,11
DA:5,7
DA:7,1
DA:9,6
LF:5
LH:5
BRDA:4,0,0,4
BRDA:4,0,1,3
BRDA:6,1,0,1
BRDA:6,1,1,6
BRF:4
BRH:4
end_of_record
TN:
SF:C:\Users\Evans Aboge\Documents\microsoft-graph-explorer-v4\src\app\services\reducers\theme-reducer.ts
FN:4,theme
FNF:1
FNH:1
FNDA:6,theme
DA:2,2
DA:4,12
DA:5,6
DA:7,0
DA:9,6
LF:5
LH:4
BRDA:4,0,0,6
BRDA:4,0,1,0
BRDA:6,1,0,0
BRDA:6,1,1,6
BRF:4
BRH:2
end_of_record
TN:
SF:C:\Users\Evans Aboge\Documents\microsoft-graph-explorer-v4\src\app\services\reducers\toggle-sidebar-reducer.ts
FN:13,sidebarProperties
FNF:1
FNH:1
FNDA:7,sidebarProperties
DA:2,3
DA:8,3
DA:13,13
DA:14,7
DA:16,1
DA:18,0
DA:19,0
DA:25,0
DA:26,0
DA:32,0
DA:33,0
DA:39,6
LF:12
LH:6
BRDA:13,0,0,6
BRDA:13,0,1,1
BRDA:15,1,0,1
BRDA:15,1,1,0
BRDA:15,1,2,0
BRDA:15,1,3,0
BRDA:15,1,4,6
BRDA:18,2,0,0
BRDA:18,2,1,0
BRDA:25,3,0,0
BRDA:25,3,1,0
BRDA:32,4,0,0
BRDA:32,4,1,0
BRF:13
BRH:4
end_of_record
TN:
SF:C:\Users\Evans Aboge\Documents\microsoft-graph-explorer-v4\src\app\utils\adaptive-cards-lookup.ts
FN:4,lookupTemplate
FNF:1
FNH:0
FNDA:0,lookupTemplate
DA:2,1
DA:4,1
DA:5,0
DA:6,0
DA:7,0
DA:9,0
DA:10,0
DA:12,0
DA:13,0
DA:14,0
DA:19,0
DA:22,1
LF:12
LH:3
BRDA:5,0,0,0
BRDA:5,0,1,0
BRDA:10,1,0,0
BRDA:10,1,1,0
BRDA:13,2,0,0
BRDA:13,2,1,0
BRF:6
BRH:0
end_of_record
TN:
SF:C:\Users\Evans Aboge\Documents\microsoft-graph-explorer-v4\src\app\utils\badge-color.ts
FN:3,getStyleFor
FNF:1
FNH:0
FNDA:0,getStyleFor
DA:1,0
DA:3,0
DA:4,0
DA:5,0
DA:7,0
DA:9,0
DA:12,0
DA:15,0
DA:18,0
DA:21,0
DA:24,0
LF:11
LH:0
BRDA:8,0,0,0
BRDA:8,0,1,0
BRDA:8,0,2,0
BRDA:8,0,3,0
BRDA:8,0,4,0
BRDA:8,0,5,0
BRF:6
BRH:0
end_of_record
TN:
SF:C:\Users\Evans Aboge\Documents\microsoft-graph-explorer-v4\src\app\utils\dynamic-sort.ts
FN:8,dynamicSort
FN:14,(anonymous_1)
FN:19,(anonymous_2)
FNF:3
FNH:3
FNDA:4,dynamicSort
FNDA:10,(anonymous_1)
FNDA:2,(anonymous_2)
DA:1,1
DA:8,1
DA:9,4
DA:10,4
DA:11,3
DA:13,4
DA:14,3
DA:15,10
DA:16,10
DA:19,1
DA:20,2
DA:21,2
LF:12
LH:12
BRDA:10,0,0,3
BRDA:10,0,1,1
BRDA:13,1,0,3
BRDA:13,1,1,1
BRDA:15,2,0,4
BRDA:15,2,1,6
BRDA:15,3,0,4
BRDA:15,3,1,2
BRDA:20,4,0,0
BRDA:20,4,1,2
BRDA:20,5,0,0
BRDA:20,5,1,2
BRF:12
BRH:10
end_of_record
TN:
SF:C:\Users\Evans Aboge\Documents\microsoft-graph-explorer-v4\src\app\utils\external-link-validation.ts
FN:6,validateExternalLink
FN:9,(anonymous_16)
FN:14,(anonymous_17)
FN:31,isValidHttpsUrl
FNF:4
FNH:1
FNDA:0,validateExternalLink
FNDA:0,(anonymous_16)
FNDA:0,(anonymous_17)
FNDA:3,isValidHttpsUrl
DA:1,2
DA:2,2
DA:4,2
DA:6,2
DA:7,0
DA:8,0
DA:10,0
DA:11,0
DA:15,0
DA:20,0
DA:21,0
DA:22,0
DA:24,0
DA:25,0
DA:27,0
DA:31,2
DA:34,3
DA:35,3
DA:37,0
DA:40,3
LF:20
LH:8
BRDA:7,0,0,0
BRDA:7,0,1,0
BRDA:7,1,0,0
BRDA:7,1,1,0
BRDA:10,2,0,0
BRDA:10,2,1,0
BRDA:20,3,0,0
BRDA:20,3,1,0
BRDA:24,4,0,0
BRDA:24,4,1,0
BRF:10
BRH:0
end_of_record
TN:
SF:C:\Users\Evans Aboge\Documents\microsoft-graph-explorer-v4\src\app\utils\generate-groups.ts
FN:3,generateGroupsFromList
FN:11,(anonymous_1)
FN:18,(anonymous_3)
FNF:3
FNH:3
FNDA:2,generateGroupsFromList
FNDA:10,(anonymous_1)
FNDA:36,(anonymous_3)
DA:3,1
DA:4,2
DA:5,2
DA:7,2
DA:8,2
DA:9,2
DA:11,10
DA:12,1
DA:15,9
DA:16,9
DA:17,4
DA:18,36
DA:19,4
DA:20,3
DA:22,4
DA:30,4
DA:34,1
LF:17
LH:17
BRDA:11,0,0,1
BRDA:11,0,1,1
BRDA:11,1,0,2
BRDA:11,1,1,2
BRDA:11,1,2,2
BRDA:16,2,0,4
BRDA:16,2,1,5
BRDA:19,3,0,3
BRDA:19,3,1,1
BRF:9
BRH:9
end_of_record
TN:
SF:C:\Users\Evans Aboge\Documents\microsoft-graph-explorer-v4\src\app\utils\graph-toolkit-lookup.ts
FN:6,lookupToolkitUrl
FNF:1
FNH:0
FNDA:0,lookupToolkitUrl
DA:1,0
DA:3,0
DA:4,0
DA:6,0
DA:7,0
DA:8,0
DA:9,0
DA:10,0
DA:11,0
DA:12,0
DA:13,0
DA:14,0
DA:15,0
DA:16,0
DA:17,0
DA:25,0
LF:16
LH:0
BRDA:7,0,0,0
BRDA:7,0,1,0
BRDA:11,1,0,0
BRDA:11,1,1,0
BRDA:13,2,0,0
BRDA:13,2,1,0
BRF:6
BRH:0
end_of_record
TN:
SF:C:\Users\Evans Aboge\Documents\microsoft-graph-explorer-v4\src\app\utils\hash-string.ts
FN:1,stringToHash
FNF:1
FNH:1
FNDA:3,stringToHash
DA:1,1
DA:2,3
DA:3,3
DA:4,1
DA:7,2
DA:8,22
DA:10,22
DA:12,22
DA:14,2
LF:9
LH:9
BRDA:3,0,0,1
BRDA:3,0,1,2
BRF:2
BRH:2
end_of_record
TN:
SF:C:\Users\Evans Aboge\Documents\microsoft-graph-explorer-v4\src\app\utils\open-api-parser.ts
FN:10,parseOpenApiResponse
FN:24,(anonymous_1)
FN:39,getVerbParameterValues
FN:43,(anonymous_3)
FN:58,getLinkValues
FNF:5
FNH:5
FNDA:1,parseOpenApiResponse
FNDA:2,(anonymous_1)
FNDA:2,getVerbParameterValues
FNDA:2,(anonymous_3)
FNDA:2,getLinkValues
DA:10,1
DA:16,1
DA:18,1
DA:19,1
DA:20,1
DA:21,1
DA:22,1
DA:24,1
DA:25,2
DA:32,1
DA:33,1
DA:35,0
DA:40,2
DA:41,2
DA:42,2
DA:43,1
DA:44,2
DA:45,2
DA:55,2
DA:59,2
DA:60,2
DA:61,2
DA:62,2
DA:63,1
DA:66,1
LF:25
LH:24
BRDA:42,0,0,1
BRDA:42,0,1,1
BRDA:42,1,0,2
BRDA:42,1,1,1
BRDA:44,2,0,2
BRDA:44,2,1,0
BRDA:44,3,0,2
BRDA:44,3,1,2
BRDA:49,4,0,2
BRDA:49,4,1,0
BRDA:48,5,0,2
BRDA:48,5,1,2
BRDA:60,6,0,2
BRDA:60,6,1,0
BRDA:62,7,0,1
BRDA:62,7,1,1
BRDA:62,8,0,2
BRDA:62,8,1,1
BRF:18
BRH:15
end_of_record
TN:
SF:C:\Users\Evans Aboge\Documents\microsoft-graph-explorer-v4\src\app\utils\query-parameter-sanitization.ts
FN:32,isPositiveInteger
FN:36,isBooleanString
FN:40,isMediaType
FN:44,isKeyValuePair
FN:48,isPropertyName
FN:52,isAllAlpha
FN:60,sanitizeQueryParameter
FN:147,sanitizeSelectQueryOptionValue
FN:149,(anonymous_8)
FN:165,sanitizeFormatQueryOptionValue
FN:168,(anonymous_10)
FN:191,sanitizeOrderByQueryOptionValue
FN:194,(anonymous_12)
FN:195,(anonymous_13)
FN:226,sanitizeSearchQueryOptionValue
FN:281,sanitizeExpandQueryOptionValue
FN:332,sanitizeFilterQueryOptionValue
FN:379,(anonymous_18)
FNF:18
FNH:18
FNDA:5,isPositiveInteger
FNDA:2,isBooleanString
FNDA:5,isMediaType
FNDA:2,isKeyValuePair
FNDA:22,isPropertyName
FNDA:120,isAllAlpha
FNDA:45,sanitizeQueryParameter
FNDA:5,sanitizeSelectQueryOptionValue
FNDA:8,(anonymous_8)
FNDA:5,sanitizeFormatQueryOptionValue
FNDA:7,(anonymous_10)
FNDA:3,sanitizeOrderByQueryOptionValue
FNDA:4,(anonymous_12)
FNDA:6,(anonymous_13)
FNDA:3,sanitizeSearchQueryOptionValue
FNDA:5,sanitizeExpandQueryOptionValue
FNDA:18,sanitizeFilterQueryOptionValue
FNDA:108,(anonymous_18)
DA:3,7
DA:4,7
DA:5,7
DA:6,7
DA:7,7
DA:10,7
DA:11,7
DA:14,7
DA:16,7
DA:18,7
DA:20,7
DA:23,7
DA:27,7
DA:30,7
DA:33,5
DA:37,2
DA:41,5
DA:45,2
DA:49,22
DA:52,7
DA:53,120
DA:60,7
DA:62,45
DA:63,0
DA:66,45
DA:67,45
DA:69,45
DA:71,3
DA:72,2
DA:74,3
DA:78,2
DA:79,1
DA:81,2
DA:86,2
DA:87,2
DA:91,2
DA:92,1
DA:94,2
DA:98,5
DA:99,5
DA:103,5
DA:104,5
DA:108,3
DA:109,3
DA:113,3
DA:114,3
DA:118,5
DA:119,5
DA:123,11
DA:124,11
DA:129,4
DA:130,1
DA:132,4
DA:135,45
DA:148,5
DA:149,5
DA:150,8
DA:151,8
DA:152,1
DA:155,5
DA:167,5
DA:168,5
DA:170,7
DA:171,5
DA:172,5
DA:175,2
DA:176,1
DA:179,5
DA:192,3
DA:194,3
DA:195,6
DA:196,4
DA:197,4
DA:199,1
DA:201,4
DA:204,4
DA:205,2
DA:206,2
DA:207,2
DA:208,0
DA:210,2
DA:213,4
DA:215,3
DA:227,3
DA:228,3
DA:230,3
DA:231,0
DA:234,5
DA:235,5
DA:238,5
DA:239,1
DA:240,1
DA:244,4
DA:245,4
DA:246,3
DA:250,1
DA:251,1
DA:252,0
DA:254,1
DA:256,4
DA:260,0
DA:261,0
DA:262,0
DA:263,0
DA:264,0
DA:268,0
DA:271,3
DA:282,5
DA:285,5
DA:287,5
DA:288,6
DA:290,6
DA:291,1
DA:294,6
DA:295,2
DA:296,2
DA:299,4
DA:300,4
DA:301,4
DA:302,4
DA:303,0
DA:306,4
DA:307,4
DA:308,4
DA:309,4
DA:313,0
DA:316,5
DA:333,18
DA:335,18
DA:337,18
DA:338,0
DA:341,18
DA:342,29
DA:343,29
DA:346,29
DA:347,29
DA:349,6
DA:354,23
DA:355,23
DA:356,23
DA:357,23
DA:358,23
DA:359,5
DA:360,5
DA:361,0
DA:363,5
DA:364,5
DA:365,4
DA:366,4
DA:367,4
DA:368,4
DA:370,4
DA:372,5
DA:378,18
DA:379,18
DA:380,108
DA:381,1
DA:382,1
DA:385,18
DA:386,1
DA:387,1
DA:389,1
DA:391,1
DA:393,1
DA:394,0
DA:396,1
DA:399,0
DA:406,17
DA:407,3
DA:408,3
DA:409,3
DA:414,14
DA:416,12
DA:417,12
DA:418,12
DA:419,12
DA:420,12
DA:425,2
DA:427,2
DA:428,2
DA:429,2
DA:435,0
DA:437,18
LF:183
LH:166
BRDA:37,0,0,2
BRDA:37,0,1,1
BRDA:62,1,0,0
BRDA:62,1,1,45
BRDA:70,2,0,3
BRDA:70,2,1,2
BRDA:70,2,2,1
BRDA:70,2,3,2
BRDA:70,2,4,2
BRDA:70,2,5,5
BRDA:70,2,6,5
BRDA:70,2,7,3
BRDA:70,2,8,3
BRDA:70,2,9,5
BRDA:70,2,10,11
BRDA:70,2,11,4
BRDA:71,3,0,2
BRDA:71,3,1,1
BRDA:78,4,0,1
BRDA:78,4,1,1
BRDA:91,5,0,1
BRDA:91,5,1,1
BRDA:129,6,0,1
BRDA:129,6,1,3
BRDA:129,7,0,4
BRDA:129,7,1,3
BRDA:129,7,2,1
BRDA:151,8,0,1
BRDA:151,8,1,7
BRDA:151,9,0,8
BRDA:151,9,1,3
BRDA:151,9,2,2
BRDA:170,10,0,5
BRDA:170,10,1,2
BRDA:172,11,0,2
BRDA:172,11,1,3
BRDA:175,12,0,1
BRDA:175,12,1,1
BRDA:197,13,0,1
BRDA:197,13,1,3
BRDA:197,14,0,4
BRDA:197,14,1,2
BRDA:197,14,2,1
BRDA:204,15,0,2
BRDA:204,15,1,2
BRDA:206,16,0,2
BRDA:206,16,1,0
BRDA:207,17,0,0
BRDA:207,17,1,2
BRDA:207,18,0,2
BRDA:207,18,1,1
BRDA:230,19,0,0
BRDA:230,19,1,3
BRDA:238,20,0,1
BRDA:238,20,1,4
BRDA:244,21,0,4
BRDA:244,21,1,0
BRDA:245,22,0,3
BRDA:245,22,1,1
BRDA:251,23,0,0
BRDA:251,23,1,1
BRDA:260,24,0,0
BRDA:260,24,1,0
BRDA:268,25,0,0
BRDA:268,25,1,0
BRDA:290,26,0,1
BRDA:290,26,1,5
BRDA:294,27,0,2
BRDA:294,27,1,4
BRDA:300,28,0,4
BRDA:300,28,1,0
BRDA:302,29,0,0
BRDA:302,29,1,4
BRDA:337,30,0,0
BRDA:337,30,1,18
BRDA:347,31,0,6
BRDA:347,31,1,23
BRDA:347,32,0,29
BRDA:347,32,1,25
BRDA:347,32,2,23
BRDA:358,33,0,5
BRDA:358,33,1,18
BRDA:360,34,0,0
BRDA:360,34,1,5
BRDA:364,35,0,4
BRDA:364,35,1,1
BRDA:366,36,0,4
BRDA:366,36,1,0
BRDA:380,37,0,1
BRDA:380,37,1,107
BRDA:385,38,0,1
BRDA:385,38,1,17
BRDA:387,39,0,1
BRDA:387,39,1,0
BRDA:389,40,0,1
BRDA:389,40,1,0
BRDA:390,41,0,0
BRDA:390,41,1,0
BRDA:393,42,0,0
BRDA:393,42,1,1
BRDA:396,43,0,1
BRDA:396,43,1,0
BRDA:406,44,0,3
BRDA:406,44,1,14
BRDA:414,45,0,12
BRDA:414,45,1,2
BRDA:416,46,0,12
BRDA:416,46,1,0
BRDA:418,47,0,12
BRDA:418,47,1,0
BRDA:418,48,0,12
BRDA:418,48,1,2
BRDA:425,49,0,2
BRDA:425,49,1,0
BRDA:428,50,0,2
BRDA:428,50,1,0
BRDA:428,51,0,2
BRDA:428,51,1,0
BRF:118
BRH:92
end_of_record
TN:
SF:C:\Users\Evans Aboge\Documents\microsoft-graph-explorer-v4\src\app\utils\query-url-sanitization.ts
FN:26,isDeprecation
FN:35,isFunctionCall
FN:43,sanitizeGraphAPISandboxUrl
FN:57,sanitizeQueryUrl
FN:70,(anonymous_4)
FN:77,(anonymous_5)
FN:96,sanitizePathSegment
FN:118,(anonymous_7)
FN:141,sanitizeQueryParameters
FN:147,encodeHashCharacters
FNF:10
FNH:8
FNDA:40,isDeprecation
FNDA:22,isFunctionCall
FNDA:0,sanitizeGraphAPISandboxUrl
FNDA:25,sanitizeQueryUrl
FNDA:2,(anonymous_4)
FNDA:76,(anonymous_5)
FNDA:76,sanitizePathSegment
FNDA:5,(anonymous_7)
FNDA:0,sanitizeQueryParameters
FNDA:1,encodeHashCharacters
DA:3,6
DA:4,6
DA:8,6
DA:11,6
DA:13,6
DA:15,6
DA:17,6
DA:19,6
DA:26,6
DA:27,40
DA:35,6
DA:36,22
DA:43,6
DA:44,0
DA:45,0
DA:47,0
DA:48,0
DA:49,0
DA:51,0
DA:57,6
DA:58,25
DA:60,25
DA:61,25
DA:66,25
DA:67,25
DA:68,25
DA:71,2
DA:76,25
DA:77,25
DA:78,76
DA:82,76
DA:86,25
DA:97,76
DA:99,76
DA:106,54
DA:110,22
DA:111,3
DA:112,3
DA:116,3
DA:119,5
DA:120,4
DA:121,4
DA:122,4
DA:124,1
DA:127,3
DA:130,19
DA:131,0
DA:134,19
DA:143,0
DA:144,0
DA:147,6
DA:148,1
LF:52
LH:43
BRDA:48,0,0,0
BRDA:48,0,1,0
BRDA:62,1,0,0
BRDA:62,1,1,25
BRDA:67,2,0,25
BRDA:67,2,1,0
BRDA:99,3,0,54
BRDA:99,3,1,22
BRDA:100,4,0,76
BRDA:100,4,1,30
BRDA:100,4,2,28
BRDA:100,4,3,26
BRDA:100,4,4,23
BRDA:110,5,0,3
BRDA:110,5,1,19
BRDA:119,6,0,4
BRDA:119,6,1,1
BRDA:121,7,0,0
BRDA:121,7,1,4
BRDA:130,8,0,0
BRDA:130,8,1,19
BRDA:130,9,0,19
BRDA:130,9,1,2
BRF:23
BRH:17
end_of_record
TN:
SF:C:\Users\Evans Aboge\Documents\microsoft-graph-explorer-v4\src\app\utils\sample-url-generation.ts
FN:3,parseSampleUrl
FN:30,generateSearchParameters
FNF:2
FNH:2
FNDA:31,parseSampleUrl
FNDA:29,generateSearchParameters
DA:1,10
DA:3,10
DA:4,31
DA:5,31
DA:6,31
DA:7,31
DA:9,31
DA:10,30
DA:11,30
DA:12,29
DA:13,29
DA:14,29
DA:15,29
DA:17,1
DA:18,0
DA:25,31
DA:31,29
DA:32,29
DA:33,2
DA:34,2
DA:37,0
DA:38,0
DA:42,29
LF:23
LH:20
BRDA:9,0,0,30
BRDA:9,0,1,1
BRDA:13,1,0,0
BRDA:13,1,1,29
BRDA:17,2,0,0
BRDA:17,2,1,1
BRDA:32,3,0,2
BRDA:32,3,1,27
BRDA:37,4,0,0
BRDA:37,4,1,0
BRF:10
BRH:6
end_of_record
TN:
SF:C:\Users\Evans Aboge\Documents\microsoft-graph-explorer-v4\src\app\utils\status-message.ts
FN:1,replaceLinks
FN:12,convertArrayToObject
FN:14,(anonymous_4)
FN:22,extractUrl
FN:26,matchIncludesLink
FN:33,getMatchesAndParts
FNF:6
FNH:5
FNDA:4,replaceLinks
FNDA:1,convertArrayToObject
FNDA:1,(anonymous_4)
FNDA:6,extractUrl
FNDA:0,matchIncludesLink
FNDA:3,getMatchesAndParts
DA:1,1
DA:2,4
DA:3,4
DA:4,4
DA:5,5
DA:6,5
DA:9,4
DA:12,1
DA:13,1
DA:14,1
DA:15,1
DA:22,1
DA:23,6
DA:26,1
DA:27,0
DA:28,0
DA:29,0
DA:30,0
DA:33,1
DA:34,3
DA:35,3
DA:36,3
DA:37,3
DA:38,3
LF:24
LH:20
BRDA:3,0,0,4
BRDA:3,0,1,0
BRDA:30,1,0,0
BRDA:30,1,1,0
BRF:4
BRH:1
end_of_record
TN:
SF:C:\Users\Evans Aboge\Documents\microsoft-graph-explorer-v4\src\app\utils\string-operations.ts
FN:7,(anonymous_0)
FNF:1
FNH:0
FNDA:0,(anonymous_0)
DA:7,2
DA:8,0
LF:2
LH:1
BRF:0
BRH:0
end_of_record
TN:
SF:C:\Users\Evans Aboge\Documents\microsoft-graph-explorer-v4\src\app\utils\token-helpers.ts
FN:10,getTokenSubstituteValue
FN:42,substituteTokens
FNF:2
FNH:0
FNDA:0,getTokenSubstituteValue
FNDA:0,substituteTokens
DA:3,0
DA:10,0
DA:11,0
DA:12,0
DA:13,0
DA:14,0
DA:16,0
DA:17,0
DA:20,0
DA:21,0
DA:23,0
DA:24,0
DA:25,0
DA:27,0
DA:28,0
DA:29,0
DA:30,0
DA:42,0
DA:44,0
DA:45,0
DA:46,0
DA:47,0
DA:49,0
DA:50,0
DA:51,0
DA:54,0
DA:55,0
DA:56,0
DA:57,0
DA:60,0
LF:30
LH:0
BRDA:12,0,0,0
BRDA:12,0,1,0
BRDA:24,1,0,0
BRDA:24,1,1,0
BRDA:27,2,0,0
BRDA:27,2,1,0
BRDA:29,3,0,0
BRDA:29,3,1,0
BRDA:50,4,0,0
BRDA:50,4,1,0
BRDA:54,5,0,0
BRDA:54,5,1,0
BRDA:56,6,0,0
BRDA:56,6,1,0
BRF:14
BRH:0
end_of_record
TN:
SF:C:\Users\Evans Aboge\Documents\microsoft-graph-explorer-v4\src\app\utils\translate-messages.ts
FN:4,translateMessage
FN:12,getTranslation
FN:15,(anonymous_3)
FNF:3
FNH:0
FNDA:0,translateMessage
FNDA:0,getTranslation
FNDA:0,(anonymous_3)
DA:1,3
DA:2,3
DA:4,3
DA:5,0
DA:6,0
DA:7,0
DA:9,0
DA:13,0
DA:14,0
DA:15,0
DA:16,0
DA:17,0
DA:18,0
DA:21,0
LF:14
LH:3
BRDA:6,0,0,0
BRDA:6,0,1,0
BRDA:9,1,0,0
BRDA:9,1,1,0
BRDA:14,2,0,0
BRDA:14,2,1,0
BRDA:17,3,0,0
BRDA:17,3,1,0
BRF:8
BRH:0
end_of_record
TN:
SF:C:\Users\Evans Aboge\Documents\microsoft-graph-explorer-v4\src\app\utils\version.ts
FN:3,getVersion
FNF:1
FNH:0
FNDA:0,getVersion
DA:1,0
DA:3,0
DA:4,0
LF:3
LH:0
BRDA:4,0,0,0
BRDA:4,0,1,0
BRF:2
BRH:0
end_of_record
TN:
SF:C:\Users\Evans Aboge\Documents\microsoft-graph-explorer-v4\src\app\views\App.styles.ts
FN:3,(anonymous_0)
FNF:1
FNH:0
FNDA:0,(anonymous_0)
DA:1,0
DA:3,0
DA:4,0
LF:3
LH:0
BRF:0
BRH:0
end_of_record
TN:
SF:C:\Users\Evans Aboge\Documents\microsoft-graph-explorer-v4\src\app\views\classnames.ts
FN:9,classNames
FNF:1
FNH:0
FNDA:0,classNames
DA:1,0
DA:9,0
DA:10,0
DA:11,0
LF:4
LH:0
BRF:0
BRH:0
end_of_record
TN:
SF:C:\Users\Evans Aboge\Documents\microsoft-graph-explorer-v4\src\app\views\app-sections\ResponseMessages.tsx
FN:16,responseMessages
FN:18,getOdataLinkFromResponseBody
FN:22,(anonymous_5)
FN:37,(anonymous_6)
FN:49,(anonymous_7)
FNF:5
FNH:0
FNDA:0,responseMessages
FNDA:0,getOdataLinkFromResponseBody
FNDA:0,(anonymous_5)
FNDA:0,(anonymous_6)
FNDA:0,(anonymous_7)
DA:1,0
DA:2,0
DA:3,0
DA:7,0
DA:8,0
DA:9,0
DA:16,0
DA:19,0
DA:20,0
DA:21,0
DA:22,0
DA:23,0
DA:24,0
DA:31,0
DA:34,0
DA:35,0
DA:37,0
DA:38,0
DA:39,0
DA:40,0
DA:41,0
DA:45,0
DA:46,0
DA:49,0
DA:57,0
DA:58,0
LF:26
LH:0
BRDA:21,0,0,0
BRDA:21,0,1,0
BRDA:23,1,0,0
BRDA:23,1,1,0
BRDA:45,2,0,0
BRDA:45,2,1,0
BRDA:57,3,0,0
BRDA:57,3,1,0
BRDA:57,4,0,0
BRDA:57,4,1,0
BRDA:57,5,0,0
BRDA:57,5,1,0
BRDA:62,6,0,0
BRDA:62,6,1,0
BRDA:62,7,0,0
BRDA:62,7,1,0
BRDA:66,8,0,0
BRDA:66,8,1,0
BRDA:66,9,0,0
BRDA:66,9,1,0
BRDA:66,10,0,0
BRDA:66,10,1,0
BRDA:69,11,0,0
BRDA:69,11,1,0
BRDA:69,12,0,0
BRDA:69,12,1,0
BRDA:69,13,0,0
BRDA:69,13,1,0
BRF:28
BRH:0
end_of_record
TN:
SF:C:\Users\Evans Aboge\Documents\microsoft-graph-explorer-v4\src\app\views\app-sections\TermsOfUseMessage.tsx
FN:7,termsOfUseMessage
FN:16,(anonymous_2)
FN:23,(anonymous_3)
FNF:3
FNH:0
FNDA:0,termsOfUseMessage
FNDA:0,(anonymous_2)
FNDA:0,(anonymous_3)
DA:1,0
DA:2,0
DA:3,0
DA:5,0
DA:7,0
DA:8,0
DA:17,0
DA:24,0
LF:8
LH:0
BRDA:8,0,0,0
BRDA:8,0,1,0
BRF:2
BRH:0
end_of_record
TN:
SF:C:\Users\Evans Aboge\Documents\microsoft-graph-explorer-v4\src\app\views\authentication\Authentication.styles.ts
FN:3,(anonymous_0)
FNF:1
FNH:0
FNDA:0,(anonymous_0)
DA:1,0
DA:3,0
DA:4,0
LF:3
LH:0
BRF:0
BRH:0
end_of_record
TN:
SF:C:\Users\Evans Aboge\Documents\microsoft-graph-explorer-v4\src\app\views\authentication\AuthenticationErrorsHints.ts
FN:12,getSignInAuthErrorHint
FN:17,signInAuthError
FN:21,getConsentAuthErrorHint
FN:27,scopeAuthError
FN:31,getHint
FNF:5
FNH:0
FNDA:0,getSignInAuthErrorHint
FNDA:0,signInAuthError
FNDA:0,getConsentAuthErrorHint
FNDA:0,scopeAuthError
FNDA:0,getHint
DA:1,3
DA:3,3
DA:9,3
DA:12,3
DA:13,0
DA:14,0
DA:17,3
DA:18,0
DA:21,3
DA:22,0
DA:23,0
DA:24,0
DA:27,3
DA:28,0
DA:32,0
LF:15
LH:7
BRDA:14,0,0,0
BRDA:14,0,1,0
BRDA:24,1,0,0
BRDA:24,1,1,0
BRF:4
BRH:0
end_of_record
TN:
SF:C:\Users\Evans Aboge\Documents\microsoft-graph-explorer-v4\src\app\views\authentication\index.ts
FNF:0
FNH:0
DA:1,0
DA:3,0
LF:2
LH:0
BRF:0
BRH:0
end_of_record
TN:
SF:C:\Users\Evans Aboge\Documents\microsoft-graph-explorer-v4\src\app\views\authentication\auth-util-components\UtilComponents.tsx
FN:7,showSignInButtonOrProfile
FN:19,(anonymous_2)
FN:23,(anonymous_3)
FNF:3
FNH:0
FNDA:0,showSignInButtonOrProfile
FNDA:0,(anonymous_2)
FNDA:0,(anonymous_3)
DA:1,0
DA:2,0
DA:3,0
DA:4,0
DA:5,0
DA:7,0
DA:14,0
DA:19,0
DA:23,0
DA:28,0
LF:10
LH:0
BRDA:14,0,0,0
BRDA:14,0,1,0
BRDA:25,1,0,0
BRDA:25,1,1,0
BRDA:30,2,0,0
BRDA:30,2,1,0
BRDA:31,3,0,0
BRDA:31,3,1,0
BRF:8
BRH:0
end_of_record
TN:
SF:C:\Users\Evans Aboge\Documents\microsoft-graph-explorer-v4\src\app\views\authentication\auth-util-components\index.tsx
FN:1,(anonymous_0)
FNF:1
FNH:0
FNDA:0,(anonymous_0)
DA:1,0
LF:1
LH:0
BRF:0
BRH:0
end_of_record
TN:
SF:C:\Users\Evans Aboge\Documents\microsoft-graph-explorer-v4\src\app\views\authentication\profile\Profile.tsx
FN:14,(anonymous_6)
FN:16,(anonymous_7)
FN:22,(anonymous_8)
FN:34,(anonymous_9)
FN:50,(anonymous_10)
FN:82,(anonymous_11)
FN:117,showProfileComponent
FNF:7
FNH:0
FNDA:0,(anonymous_6)
FNDA:0,(anonymous_7)
FNDA:0,(anonymous_8)
FNDA:0,(anonymous_9)
FNDA:0,(anonymous_10)
FNDA:0,(anonymous_11)
FNDA:0,showProfileComponent
DA:1,0
DA:2,0
DA:3,0
DA:5,0
DA:6,0
DA:8,0
DA:9,0
DA:10,0
DA:11,0
DA:12,0
DA:14,0
DA:15,0
DA:16,0
DA:17,0
DA:18,0
DA:19,0
DA:20,0
DA:22,0
DA:23,0
DA:24,0
DA:25,0
DA:30,0
DA:31,0
DA:34,0
DA:35,0
DA:36,0
DA:37,0
DA:38,0
DA:39,0
DA:40,0
DA:41,0
DA:42,0
DA:45,0
DA:47,0
DA:50,0
DA:51,0
DA:53,0
DA:54,0
DA:57,0
DA:64,0
DA:66,0
DA:82,0
DA:90,0
DA:101,0
DA:103,0
DA:110,0
DA:118,0
DA:124,0
DA:125,0
DA:130,0
DA:134,0
DA:136,0
LF:52
LH:0
BRDA:19,0,0,0
BRDA:19,0,1,0
BRDA:23,1,0,0
BRDA:23,1,1,0
BRDA:23,2,0,0
BRDA:23,2,1,0
BRDA:30,3,0,0
BRDA:30,3,1,0
BRDA:36,4,0,0
BRDA:36,4,1,0
BRDA:36,5,0,0
BRDA:36,5,1,0
BRDA:38,6,0,0
BRDA:38,6,1,0
BRDA:41,7,0,0
BRDA:41,7,1,0
BRDA:41,8,0,0
BRDA:41,8,1,0
BRDA:53,9,0,0
BRDA:53,9,1,0
BRDA:101,10,0,0
BRDA:101,10,1,0
BRDA:107,11,0,0
BRDA:107,11,1,0
BRDA:124,12,0,0
BRDA:124,12,1,0
BRF:26
BRH:0
end_of_record
TN:
SF:C:\Users\Evans Aboge\Documents\microsoft-graph-explorer-v4\src\app\views\common\copy.ts
FN:4,genericCopy
FN:16,copy
FN:29,trackedGenericCopy
FNF:3
FNH:0
FNDA:0,genericCopy
FNDA:0,copy
FNDA:0,trackedGenericCopy
DA:1,0
DA:4,0
DA:5,0
DA:6,0
DA:7,0
DA:8,0
DA:10,0
DA:11,0
DA:13,0
DA:16,0
DA:17,0
DA:18,0
DA:19,0
DA:21,0
DA:22,0
DA:24,0
DA:26,0
DA:29,0
DA:35,0
DA:36,0
LF:20
LH:0
BRF:0
BRH:0
end_of_record
TN:
SF:C:\Users\Evans Aboge\Documents\microsoft-graph-explorer-v4\src\app\views\common\dimensions-adjustment.ts
FN:1,convertVhToPx
FN:7,convertPxToVh
FN:13,getResponseHeight
FNF:3
FNH:0
FNDA:0,convertVhToPx
FNDA:0,convertPxToVh
FNDA:0,getResponseHeight
DA:1,0
DA:2,0
DA:4,0
DA:7,0
DA:8,0
DA:9,0
DA:10,0
DA:13,0
DA:14,0
DA:15,0
DA:16,0
DA:18,0
LF:12
LH:0
BRDA:15,0,0,0
BRDA:15,0,1,0
BRF:2
BRH:0
end_of_record
TN:
SF:C:\Users\Evans Aboge\Documents\microsoft-graph-explorer-v4\src\app\views\common\index.ts
FN:6,(anonymous_0)
FN:5,(anonymous_1)
FNF:2
FNH:0
FNDA:0,(anonymous_0)
FNDA:0,(anonymous_1)
DA:1,0
DA:2,0
DA:5,0
DA:6,0
LF:4
LH:0
BRF:0
BRH:0
end_of_record
TN:
SF:C:\Users\Evans Aboge\Documents\microsoft-graph-explorer-v4\src\app\views\common\share.ts
FN:12,(anonymous_0)
FN:49,(anonymous_1)
FNF:2
FNH:0
FNDA:0,(anonymous_0)
FNDA:0,(anonymous_1)
DA:1,0
DA:2,0
DA:4,0
DA:5,0
DA:12,0
DA:13,0
DA:14,0
DA:15,0
DA:17,0
DA:18,0
DA:21,0
DA:22,0
DA:23,0
DA:25,0
DA:28,0
DA:30,0
DA:31,0
DA:32,0
DA:35,0
DA:36,0
DA:37,0
DA:40,0
DA:41,0
DA:42,0
DA:43,0
DA:46,0
DA:49,0
DA:50,0
LF:28
LH:0
BRDA:17,0,0,0
BRDA:17,0,1,0
BRDA:30,1,0,0
BRDA:30,1,1,0
BRDA:30,2,0,0
BRDA:30,2,1,0
BRDA:35,3,0,0
BRDA:35,3,1,0
BRDA:35,4,0,0
BRDA:35,4,1,0
BRDA:40,5,0,0
BRDA:40,5,1,0
BRDA:42,6,0,0
BRDA:42,6,1,0
BRF:14
BRH:0
end_of_record
TN:
SF:C:\Users\Evans Aboge\Documents\microsoft-graph-explorer-v4\src\app\views\common\image\Image.tsx
FN:4,(anonymous_25)
FN:5,Image
FN:12,(anonymous_27)
FN:24,(anonymous_30)
FNF:4
FNH:0
FNDA:0,(anonymous_25)
FNDA:0,Image
FNDA:0,(anonymous_27)
FNDA:0,(anonymous_30)
DA:1,0
DA:4,0
DA:6,0
DA:7,0
DA:12,0
DA:13,0
DA:15,0
DA:16,0
DA:17,0
DA:18,0
DA:20,0
DA:24,0
DA:25,0
DA:26,0
DA:28,0
DA:32,0
LF:16
LH:0
BRDA:6,0,0,0
BRDA:6,0,1,0
BRF:2
BRH:0
end_of_record
TN:
SF:C:\Users\Evans Aboge\Documents\microsoft-graph-explorer-v4\src\app\views\common\monaco\Monaco.tsx
FN:18,Monaco
FN:32,(anonymous_2)
FNF:2
FNH:0
FNDA:0,Monaco
FNDA:0,(anonymous_2)
DA:1,0
DA:2,0
DA:3,0
DA:5,0
DA:6,0
DA:7,0
DA:18,0
DA:20,0
DA:21,0
DA:23,0
DA:24,0
DA:26,0
DA:28,0
DA:32,0
LF:14
LH:0
BRDA:23,0,0,0
BRDA:23,0,1,0
BRDA:23,1,0,0
BRDA:23,1,1,0
BRDA:26,2,0,0
BRDA:26,2,1,0
BRDA:36,3,0,0
BRDA:36,3,1,0
BRDA:37,4,0,0
BRDA:37,4,1,0
BRDA:51,5,0,0
BRDA:51,5,1,0
BRF:12
BRH:0
end_of_record
TN:
SF:C:\Users\Evans Aboge\Documents\microsoft-graph-explorer-v4\src\app\views\common\monaco\util\format-json.ts
FN:5,formatJsonStringForAllBrowsers
FNF:1
FNH:0
FNDA:0,formatJsonStringForAllBrowsers
DA:1,0
DA:3,0
DA:5,0
DA:11,0
DA:12,0
DA:13,0
DA:15,0
DA:24,0
LF:8
LH:0
BRF:0
BRH:0
end_of_record
TN:
SF:C:\Users\Evans Aboge\Documents\microsoft-graph-explorer-v4\src\app\views\common\monaco\util\format-xml.ts
FN:6,formatXml
FN:13,(anonymous_1)
FNF:2
FNH:0
FNDA:0,formatXml
FNDA:0,(anonymous_1)
DA:6,0
DA:7,0
DA:8,0
DA:9,0
DA:11,0
DA:13,0
DA:14,0
DA:15,0
DA:16,0
DA:17,0
DA:18,0
DA:19,0
DA:20,0
DA:22,0
DA:25,0
DA:27,0
LF:16
LH:0
BRDA:15,0,0,0
BRDA:15,0,1,0
BRDA:17,1,0,0
BRDA:17,1,1,0
BRDA:17,2,0,0
BRDA:17,2,1,0
BRDA:19,3,0,0
BRDA:19,3,1,0
BRF:8
BRH:0
end_of_record
TN:
SF:C:\Users\Evans Aboge\Documents\microsoft-graph-explorer-v4\src\app\views\query-response\index.ts
FNF:0
FNH:0
DA:1,0
DA:4,0
LF:2
LH:0
BRF:0
BRH:0
end_of_record
TN:
SF:C:\Users\Evans Aboge\Documents\microsoft-graph-explorer-v4\src\app\views\query-response\queryResponse.styles.ts
FN:3,(anonymous_0)
FNF:1
FNH:0
FNDA:0,(anonymous_0)
DA:3,0
DA:4,0
LF:2
LH:0
BRF:0
BRH:0
end_of_record
TN:
SF:C:\Users\Evans Aboge\Documents\microsoft-graph-explorer-v4\src\app\views\query-response\adaptive-cards\AdaptiveCard.tsx
FN:19,(anonymous_25)
FN:22,AdaptiveCard
FN:27,(anonymous_27)
FN:37,(anonymous_28)
FN:45,(anonymous_29)
FN:50,(anonymous_30)
FN:62,(anonymous_31)
FN:103,(anonymous_32)
FN:111,(anonymous_33)
FN:152,(anonymous_34)
FN:173,onPivotItemClick
FN:181,mapStateToProps
FN:189,mapDispatchToProps
FNF:13
FNH:0
FNDA:0,(anonymous_25)
FNDA:0,AdaptiveCard
FNDA:0,(anonymous_27)
FNDA:0,(anonymous_28)
FNDA:0,(anonymous_29)
FNDA:0,(anonymous_30)
FNDA:0,(anonymous_31)
FNDA:0,(anonymous_32)
FNDA:0,(anonymous_33)
FNDA:0,(anonymous_34)
FNDA:0,onPivotItemClick
FNDA:0,mapStateToProps
FNDA:0,mapDispatchToProps
DA:1,0
DA:2,0
DA:3,0
DA:4,0
DA:5,0
DA:6,0
DA:8,0
DA:12,0
DA:13,0
DA:14,0
DA:15,0
DA:16,0
DA:17,0
DA:19,0
DA:23,0
DA:24,0
DA:27,0
DA:28,0
DA:29,0
DA:30,0
DA:31,0
DA:37,0
DA:38,0
DA:39,0
DA:41,0
DA:45,0
DA:47,0
DA:50,0
DA:51,0
DA:52,0
DA:54,0
DA:57,0
DA:59,0
DA:62,0
DA:63,0
DA:64,0
DA:65,0
DA:67,0
DA:68,0
DA:71,0
DA:72,0
DA:80,0
DA:81,0
DA:82,0
DA:99,0
DA:100,0
DA:101,0
DA:102,0
DA:103,0
DA:112,0
DA:113,0
DA:115,0
DA:116,0
DA:153,0
DA:167,0
DA:171,0
DA:174,0
DA:175,0
DA:176,0
DA:177,0
DA:181,0
DA:182,0
DA:190,0
DA:200,0
DA:201,0
DA:203,0
DA:204,0
LF:67
LH:0
BRDA:23,0,0,0
BRDA:23,0,1,0
BRDA:30,1,0,0
BRDA:30,1,1,0
BRDA:39,2,0,0
BRDA:39,2,1,0
BRDA:51,3,0,0
BRDA:51,3,1,0
BRDA:54,4,0,0
BRDA:54,4,1,0
BRDA:67,5,0,0
BRDA:67,5,1,0
BRDA:71,6,0,0
BRDA:71,6,1,0
BRDA:71,7,0,0
BRDA:71,7,1,0
BRDA:80,8,0,0
BRDA:80,8,1,0
BRDA:80,9,0,0
BRDA:80,9,1,0
BRDA:81,10,0,0
BRDA:81,10,1,0
BRDA:81,11,0,0
BRDA:81,11,1,0
BRDA:81,11,2,0
BRDA:112,12,0,0
BRDA:112,12,1,0
BRDA:112,13,0,0
BRDA:112,13,1,0
BRDA:115,14,0,0
BRDA:115,14,1,0
BRDA:115,15,0,0
BRDA:115,15,1,0
BRDA:174,16,0,0
BRDA:174,16,1,0
BRDA:176,17,0,0
BRDA:176,17,1,0
BRF:37
BRH:0
end_of_record
TN:
SF:C:\Users\Evans Aboge\Documents\microsoft-graph-explorer-v4\src\app\views\query-response\adaptive-cards\AdaptiveHostConfig.ts
FNF:0
FNH:0
DA:1,0
DA:128,0
LF:2
LH:0
BRF:0
BRH:0
end_of_record
TN:
SF:C:\Users\Evans Aboge\Documents\microsoft-graph-explorer-v4\src\app\views\query-response\headers\ResponseHeaders.tsx
FN:14,(anonymous_14)
FN:16,(anonymous_15)
FN:38,(anonymous_16)
FNF:3
FNH:0
FNDA:0,(anonymous_14)
FNDA:0,(anonymous_15)
FNDA:0,(anonymous_16)
DA:2,0
DA:3,0
DA:4,0
DA:5,0
DA:6,0
DA:8,0
DA:10,0
DA:11,0
DA:12,0
DA:14,0
DA:15,0
DA:16,0
DA:17,0
DA:19,0
DA:21,0
DA:22,0
DA:23,0
DA:30,0
DA:31,0
DA:39,0
DA:49,0
DA:54,0
LF:22
LH:0
BRDA:21,0,0,0
BRDA:21,0,1,0
BRDA:21,1,0,0
BRDA:21,1,1,0
BRDA:22,2,0,0
BRDA:22,2,1,0
BRDA:22,3,0,0
BRDA:22,3,1,0
BRDA:30,4,0,0
BRDA:30,4,1,0
BRF:10
BRH:0
end_of_record
TN:
SF:C:\Users\Evans Aboge\Documents\microsoft-graph-explorer-v4\src\app\views\query-response\headers\index.ts
FNF:0
FNH:0
DA:1,0
DA:2,0
LF:2
LH:0
BRF:0
BRH:0
end_of_record
TN:
SF:C:\Users\Evans Aboge\Documents\microsoft-graph-explorer-v4\src\app\views\query-response\pivot-items\pivot-items.tsx
FN:22,(anonymous_1)
FN:24,(anonymous_2)
FN:29,showDotIfAdaptiveCardPresent
FN:39,showDotIfGraphToolkitPresent
FN:50,renderItemLink
FN:121,(anonymous_6)
FN:136,(anonymous_7)
FNF:7
FNH:0
FNDA:0,(anonymous_1)
FNDA:0,(anonymous_2)
FNDA:0,showDotIfAdaptiveCardPresent
FNDA:0,showDotIfGraphToolkitPresent
FNDA:0,renderItemLink
FNDA:0,(anonymous_6)
FNDA:0,(anonymous_7)
DA:1,0
DA:2,0
DA:3,0
DA:5,0
DA:6,0
DA:7,0
DA:10,0
DA:11,0
DA:12,0
DA:13,0
DA:14,0
DA:15,0
DA:16,0
DA:17,0
DA:18,0
DA:19,0
DA:20,0
DA:22,0
DA:24,0
DA:26,0
DA:27,0
DA:30,0
DA:31,0
DA:32,0
DA:33,0
DA:36,0
DA:40,0
DA:41,0
DA:42,0
DA:43,0
DA:44,0
DA:47,0
DA:51,0
DA:62,0
DA:87,0
DA:88,0
DA:121,0
DA:133,0
DA:136,0
DA:137,0
DA:138,0
DA:139,0
DA:140,0
LF:43
LH:0
BRDA:30,0,0,0
BRDA:30,0,1,0
BRDA:32,1,0,0
BRDA:32,1,1,0
BRDA:40,2,0,0
BRDA:40,2,1,0
BRDA:42,3,0,0
BRDA:42,3,1,0
BRDA:42,4,0,0
BRDA:42,4,1,0
BRDA:56,5,0,0
BRDA:56,5,1,0
BRDA:57,6,0,0
BRDA:57,6,1,0
BRDA:87,7,0,0
BRDA:87,7,1,0
BRDA:125,8,0,0
BRDA:125,8,1,0
BRDA:137,9,0,0
BRDA:137,9,1,0
BRDA:139,10,0,0
BRDA:139,10,1,0
BRF:22
BRH:0
end_of_record
TN:
SF:C:\Users\Evans Aboge\Documents\microsoft-graph-explorer-v4\src\app\views\query-response\response\Response.tsx
FN:11,(anonymous_1)
FN:13,(anonymous_2)
FNF:2
FNH:0
FNDA:0,(anonymous_1)
FNDA:0,(anonymous_2)
DA:2,0
DA:3,0
DA:6,0
DA:7,0
DA:8,0
DA:9,0
DA:11,0
DA:12,0
DA:13,0
DA:14,0
DA:15,0
DA:17,0
DA:19,0
DA:20,0
DA:21,0
DA:35,0
LF:16
LH:0
BRDA:19,0,0,0
BRDA:19,0,1,0
BRDA:19,1,0,0
BRDA:19,1,1,0
BRDA:24,2,0,0
BRDA:24,2,1,0
BRDA:27,3,0,0
BRDA:27,3,1,0
BRF:8
BRH:0
end_of_record
TN:
SF:C:\Users\Evans Aboge\Documents\microsoft-graph-explorer-v4\src\app\views\query-response\response\ResponseDisplay.tsx
FN:7,(anonymous_1)
FNF:1
FNH:0
FNDA:0,(anonymous_1)
DA:1,0
DA:2,0
DA:3,0
DA:4,0
DA:5,0
DA:7,0
DA:8,0
DA:10,0
DA:12,0
DA:15,0
DA:18,0
DA:19,0
DA:24,0
DA:28,0
LF:14
LH:0
BRDA:11,0,0,0
BRDA:11,0,1,0
BRDA:11,0,2,0
BRDA:18,1,0,0
BRDA:18,1,1,0
BRF:5
BRH:0
end_of_record
TN:
SF:C:\Users\Evans Aboge\Documents\microsoft-graph-explorer-v4\src\app\views\query-response\response\index.ts
FNF:0
FNH:0
DA:1,0
DA:2,0
LF:2
LH:0
BRF:0
BRH:0
end_of_record
TN:
SF:C:\Users\Evans Aboge\Documents\microsoft-graph-explorer-v4\src\app\views\query-response\snippets\Snippets.tsx
FN:7,GetSnippets
FNF:1
FNH:0
FNDA:0,GetSnippets
DA:1,0
DA:2,0
DA:4,0
DA:5,0
DA:8,0
DA:16,0
DA:18,0
LF:7
LH:0
BRF:0
BRH:0
end_of_record
TN:
SF:C:\Users\Evans Aboge\Documents\microsoft-graph-explorer-v4\src\app\views\query-response\snippets\index.tsx
FN:1,(anonymous_0)
FNF:1
FNH:0
FNDA:0,(anonymous_0)
DA:1,0
LF:1
LH:0
BRF:0
BRH:0
end_of_record
TN:
SF:C:\Users\Evans Aboge\Documents\microsoft-graph-explorer-v4\src\app\views\query-runner\QueryRunner.styles.ts
FN:1,(anonymous_0)
FNF:1
FNH:0
FNDA:0,(anonymous_0)
DA:1,0
DA:2,0
LF:2
LH:0
BRF:0
BRH:0
end_of_record
TN:
SF:C:\Users\Evans Aboge\Documents\microsoft-graph-explorer-v4\src\app\views\query-runner\index.ts
FNF:0
FNH:0
DA:1,0
DA:4,0
LF:2
LH:0
BRF:0
BRH:0
end_of_record
TN:
SF:C:\Users\Evans Aboge\Documents\microsoft-graph-explorer-v4\src\app\views\query-runner\query-input\QueryInput.styles.ts
FN:3,(anonymous_0)
FNF:1
FNH:0
FNDA:0,(anonymous_0)
DA:3,0
DA:4,0
DA:5,0
LF:3
LH:0
BRF:0
BRH:0
end_of_record
TN:
SF:C:\Users\Evans Aboge\Documents\microsoft-graph-explorer-v4\src\app\views\query-runner\query-input\QueryInput.tsx
FN:17,(anonymous_3)
FN:39,(anonymous_4)
FN:49,(anonymous_5)
FN:55,(anonymous_6)
FN:70,(anonymous_7)
FN:75,(anonymous_8)
FN:90,(anonymous_9)
FN:99,(anonymous_10)
FN:114,(anonymous_11)
FNF:9
FNH:0
FNDA:0,(anonymous_3)
FNDA:0,(anonymous_4)
FNDA:0,(anonymous_5)
FNDA:0,(anonymous_6)
FNDA:0,(anonymous_7)
FNDA:0,(anonymous_8)
FNDA:0,(anonymous_9)
FNDA:0,(anonymous_10)
FNDA:0,(anonymous_11)
DA:2,0
DA:3,0
DA:4,0
DA:5,0
DA:9,0
DA:10,0
DA:11,0
DA:12,0
DA:13,0
DA:14,0
DA:15,0
DA:17,0
DA:22,0
DA:24,0
DA:25,0
DA:33,0
DA:38,0
DA:39,0
DA:40,0
DA:42,0
DA:43,0
DA:44,0
DA:49,0
DA:50,0
DA:51,0
DA:52,0
DA:55,0
DA:56,0
DA:57,0
DA:58,0
DA:60,0
DA:61,0
DA:62,0
DA:63,0
DA:64,0
DA:65,0
DA:70,0
DA:71,0
DA:72,0
DA:75,0
DA:76,0
DA:80,0
DA:90,0
DA:99,0
DA:114,0
DA:123,0
DA:125,0
LF:47
LH:0
BRDA:42,0,0,0
BRDA:42,0,1,0
BRDA:60,1,0,0
BRDA:60,1,1,0
BRDA:61,2,0,0
BRDA:61,2,1,0
BRDA:61,3,0,0
BRDA:61,3,1,0
BRDA:71,4,0,0
BRDA:71,4,1,0
BRDA:89,5,0,0
BRDA:89,5,1,0
BRDA:97,6,0,0
BRDA:97,6,1,0
BRDA:112,7,0,0
BRDA:112,7,1,0
BRF:16
BRH:0
end_of_record
TN:
SF:C:\Users\Evans Aboge\Documents\microsoft-graph-explorer-v4\src\app\views\query-runner\query-input\index.ts
FNF:0
FNH:0
DA:1,0
DA:3,0
LF:2
LH:0
BRF:0
BRH:0
end_of_record
TN:
SF:C:\Users\Evans Aboge\Documents\microsoft-graph-explorer-v4\src\app\views\query-runner\query-input\auto-complete\AutoComplete.tsx
FN:24,(anonymous_15)
FN:28,AutoComplete
FN:57,(anonymous_17)
FN:62,(anonymous_18)
FN:64,getTextWidth
FN:82,(anonymous_20)
FN:103,(anonymous_21)
FN:108,(anonymous_22)
FN:140,(anonymous_23)
FN:215,(anonymous_24)
FN:224,(anonymous_25)
FN:231,(anonymous_26)
FN:239,(anonymous_27)
FN:245,(anonymous_28)
FN:264,(anonymous_29)
FN:315,(anonymous_30)
FN:346,(anonymous_31)
FN:350,(anonymous_32)
FN:45,(anonymous_33)
FN:49,(anonymous_34)
FN:52,(anonymous_35)
FN:254,(anonymous_36)
FN:284,(anonymous_37)
FN:300,(anonymous_38)
FN:324,(anonymous_39)
FN:359,(anonymous_40)
FN:376,(anonymous_41)
FN:399,(anonymous_42)
FN:405,mapStateToProps
FN:415,mapDispatchToProps
FNF:30
FNH:0
FNDA:0,(anonymous_15)
FNDA:0,AutoComplete
FNDA:0,(anonymous_17)
FNDA:0,(anonymous_18)
FNDA:0,getTextWidth
FNDA:0,(anonymous_20)
FNDA:0,(anonymous_21)
FNDA:0,(anonymous_22)
FNDA:0,(anonymous_23)
FNDA:0,(anonymous_24)
FNDA:0,(anonymous_25)
FNDA:0,(anonymous_26)
FNDA:0,(anonymous_27)
FNDA:0,(anonymous_28)
FNDA:0,(anonymous_29)
FNDA:0,(anonymous_30)
FNDA:0,(anonymous_31)
FNDA:0,(anonymous_32)
FNDA:0,(anonymous_33)
FNDA:0,(anonymous_34)
FNDA:0,(anonymous_35)
FNDA:0,(anonymous_36)
FNDA:0,(anonymous_37)
FNDA:0,(anonymous_38)
FNDA:0,(anonymous_39)
FNDA:0,(anonymous_40)
FNDA:0,(anonymous_41)
FNDA:0,(anonymous_42)
FNDA:0,mapStateToProps
FNDA:0,mapDispatchToProps
DA:1,0
DA:2,0
DA:3,0
DA:4,0
DA:6,0
DA:8,0
DA:10,0
DA:11,0
DA:12,0
DA:13,0
DA:14,0
DA:15,0
DA:16,0
DA:21,0
DA:22,0
DA:24,0
DA:29,0
DA:31,0
DA:33,0
DA:45,0
DA:46,0
DA:49,0
DA:50,0
DA:52,0
DA:53,0
DA:57,0
DA:58,0
DA:59,0
DA:62,0
DA:65,0
DA:66,0
DA:68,0
DA:69,0
DA:72,0
DA:73,0
DA:77,0
DA:82,0
DA:83,0
DA:84,0
DA:86,0
DA:92,0
DA:93,0
DA:94,0
DA:95,0
DA:100,0
DA:103,0
DA:104,0
DA:105,0
DA:108,0
DA:109,0
DA:110,0
DA:111,0
DA:113,0
DA:116,0
DA:117,0
DA:121,0
DA:122,0
DA:125,0
DA:128,0
DA:129,0
DA:132,0
DA:133,0
DA:136,0
DA:140,0
DA:141,0
DA:142,0
DA:144,0
DA:146,0
DA:147,0
DA:148,0
DA:150,0
DA:151,0
DA:153,0
DA:156,0
DA:157,0
DA:158,0
DA:159,0
DA:161,0
DA:164,0
DA:165,0
DA:166,0
DA:167,0
DA:168,0
DA:170,0
DA:172,0
DA:175,0
DA:176,0
DA:177,0
DA:178,0
DA:179,0
DA:181,0
DA:183,0
DA:186,0
DA:187,0
DA:189,0
DA:192,0
DA:195,0
DA:196,0
DA:197,0
DA:198,0
DA:199,0
DA:200,0
DA:201,0
DA:202,0
DA:203,0
DA:207,0
DA:209,0
DA:210,0
DA:215,0
DA:216,0
DA:217,0
DA:218,0
DA:221,0
DA:224,0
DA:225,0
DA:226,0
DA:227,0
DA:228,0
DA:231,0
DA:232,0
DA:233,0
DA:236,0
DA:239,0
DA:240,0
DA:241,0
DA:242,0
DA:244,0
DA:245,0
DA:246,0
DA:249,0
DA:250,0
DA:254,0
DA:255,0
DA:256,0
DA:264,0
DA:265,0
DA:266,0
DA:267,0
DA:271,0
DA:272,0
DA:273,0
DA:274,0
DA:284,0
DA:285,0
DA:286,0
DA:287,0
DA:288,0
DA:289,0
DA:291,0
DA:292,0
DA:294,0
DA:300,0
DA:301,0
DA:303,0
DA:304,0
DA:307,0
DA:308,0
DA:311,0
DA:315,0
DA:316,0
DA:324,0
DA:325,0
DA:326,0
DA:327,0
DA:328,0
DA:330,0
DA:331,0
DA:340,0
DA:341,0
DA:342,0
DA:343,0
DA:346,0
DA:347,0
DA:350,0
DA:351,0
DA:352,0
DA:353,0
DA:359,0
DA:361,0
DA:362,0
DA:363,0
DA:364,0
DA:365,0
DA:366,0
DA:367,0
DA:369,0
DA:372,0
DA:374,0
DA:376,0
DA:399,0
DA:403,0
DA:405,0
DA:406,0
DA:416,0
DA:427,0
LF:195
LH:0
BRDA:29,0,0,0
BRDA:29,0,1,0
BRDA:68,1,0,0
BRDA:68,1,1,0
BRDA:77,2,0,0
BRDA:77,2,1,0
BRDA:92,3,0,0
BRDA:92,3,1,0
BRDA:92,4,0,0
BRDA:92,4,1,0
BRDA:94,5,0,0
BRDA:94,5,1,0
BRDA:110,6,0,0
BRDA:110,6,1,0
BRDA:114,7,0,0
BRDA:114,7,1,0
BRDA:114,7,2,0
BRDA:114,7,3,0
BRDA:114,7,4,0
BRDA:114,7,5,0
BRDA:121,8,0,0
BRDA:121,8,1,0
BRDA:145,9,0,0
BRDA:145,9,1,0
BRDA:145,9,2,0
BRDA:145,9,3,0
BRDA:145,9,4,0
BRDA:145,9,5,0
BRDA:146,10,0,0
BRDA:146,10,1,0
BRDA:156,11,0,0
BRDA:156,11,1,0
BRDA:165,12,0,0
BRDA:165,12,1,0
BRDA:167,13,0,0
BRDA:167,13,1,0
BRDA:176,14,0,0
BRDA:176,14,1,0
BRDA:178,15,0,0
BRDA:178,15,1,0
BRDA:186,16,0,0
BRDA:186,16,1,0
BRDA:195,17,0,0
BRDA:195,17,1,0
BRDA:196,18,0,0
BRDA:196,18,1,0
BRDA:197,19,0,0
BRDA:197,19,1,0
BRDA:197,20,0,0
BRDA:197,20,1,0
BRDA:201,21,0,0
BRDA:201,21,1,0
BRDA:201,22,0,0
BRDA:201,22,1,0
BRDA:217,23,0,0
BRDA:217,23,1,0
BRDA:227,24,0,0
BRDA:227,24,1,0
BRDA:232,25,0,0
BRDA:232,25,1,0
BRDA:241,26,0,0
BRDA:241,26,1,0
BRDA:249,27,0,0
BRDA:249,27,1,0
BRDA:249,28,0,0
BRDA:249,28,1,0
BRDA:249,28,2,0
BRDA:265,29,0,0
BRDA:265,29,1,0
BRDA:266,30,0,0
BRDA:266,30,1,0
BRDA:272,31,0,0
BRDA:272,31,1,0
BRDA:272,32,0,0
BRDA:272,32,1,0
BRDA:273,33,0,0
BRDA:273,33,1,0
BRDA:352,34,0,0
BRDA:352,34,1,0
BRDA:352,35,0,0
BRDA:352,35,1,0
BRDA:260,36,0,0
BRDA:260,36,1,0
BRDA:287,37,0,0
BRDA:287,37,1,0
BRDA:288,38,0,0
BRDA:288,38,1,0
BRDA:291,39,0,0
BRDA:291,39,1,0
BRDA:291,40,0,0
BRDA:291,40,1,0
BRDA:302,41,0,0
BRDA:302,41,1,0
BRDA:302,41,2,0
BRDA:325,42,0,0
BRDA:325,42,1,0
BRDA:327,43,0,0
BRDA:327,43,1,0
BRDA:389,44,0,0
BRDA:389,44,1,0
BRDA:392,45,0,0
BRDA:392,45,1,0
BRDA:395,46,0,0
BRDA:395,46,1,0
BRDA:395,46,2,0
BRDA:395,46,3,0
BRF:106
BRH:0
end_of_record
TN:
SF:C:\Users\Evans Aboge\Documents\microsoft-graph-explorer-v4\src\app\views\query-runner\query-input\auto-complete\SuggestionsList.tsx
FN:8,(anonymous_6)
FN:12,(anonymous_7)
FN:13,(anonymous_8)
FN:18,(anonymous_9)
FN:30,(anonymous_10)
FN:36,(anonymous_11)
FNF:6
FNH:0
FNDA:0,(anonymous_6)
FNDA:0,(anonymous_7)
FNDA:0,(anonymous_8)
FNDA:0,(anonymous_9)
FNDA:0,(anonymous_10)
FNDA:0,(anonymous_11)
DA:1,0
DA:2,0
DA:5,0
DA:6,0
DA:8,0
DA:9,0
DA:10,0
DA:12,0
DA:13,0
DA:14,0
DA:15,0
DA:18,0
DA:19,0
DA:20,0
DA:21,0
DA:28,0
DA:31,0
DA:36,0
DA:49,0
DA:50,0
LF:20
LH:0
BRDA:19,0,0,0
BRDA:19,0,1,0
BRDA:19,1,0,0
BRDA:19,1,1,0
BRDA:20,2,0,0
BRDA:20,2,1,0
BRDA:20,3,0,0
BRDA:20,3,1,0
BRDA:33,4,0,0
BRDA:33,4,1,0
BRF:10
BRH:0
end_of_record
TN:
SF:C:\Users\Evans Aboge\Documents\microsoft-graph-explorer-v4\src\app\views\query-runner\query-input\auto-complete\auto-complete.styles.ts
FN:3,(anonymous_0)
FNF:1
FNH:0
FNDA:0,(anonymous_0)
DA:3,0
DA:4,0
DA:6,0
LF:3
LH:0
BRF:0
BRH:0
end_of_record
TN:
SF:C:\Users\Evans Aboge\Documents\microsoft-graph-explorer-v4\src\app\views\query-runner\query-input\auto-complete\auto-complete.util.ts
FN:3,cleanUpSelectedSuggestion
FN:16,getParametersWithVerb
FN:25,(anonymous_2)
FN:28,getLastCharacterOf
FN:32,getLastSymbolInUrl
FN:60,(anonymous_5)
FN:63,(anonymous_6)
FN:68,getFilteredSuggestions
FN:69,(anonymous_8)
FNF:9
FNH:1
FNDA:2,cleanUpSelectedSuggestion
FNDA:0,getParametersWithVerb
FNDA:0,(anonymous_2)
FNDA:0,getLastCharacterOf
FNDA:0,getLastSymbolInUrl
FNDA:0,(anonymous_5)
FNDA:0,(anonymous_6)
FNDA:0,getFilteredSuggestions
FNDA:0,(anonymous_8)
DA:3,1
DA:4,2
DA:5,2
DA:10,2
DA:11,2
DA:13,0
DA:16,1
DA:17,0
DA:18,0
DA:19,0
DA:21,0
DA:22,0
DA:23,0
DA:25,0
DA:28,1
DA:29,0
DA:32,1
DA:33,0
DA:60,0
DA:61,0
DA:63,0
DA:64,0
DA:68,1
DA:69,0
DA:70,0
LF:25
LH:9
BRDA:5,0,0,2
BRDA:5,0,1,0
BRDA:18,1,0,0
BRDA:18,1,1,0
BRDA:22,2,0,0
BRDA:22,2,1,0
BRDA:63,3,0,0
BRDA:63,3,1,0
BRF:8
BRH:1
end_of_record
TN:
SF:C:\Users\Evans Aboge\Documents\microsoft-graph-explorer-v4\src\app\views\query-runner\query-input\auto-complete\index.ts
FNF:0
FNH:0
DA:1,0
DA:2,0
LF:2
LH:0
BRF:0
BRH:0
end_of_record
TN:
SF:C:\Users\Evans Aboge\Documents\microsoft-graph-explorer-v4\src\app\views\query-runner\query-input\auto-complete\suffix\HintList.tsx
FN:7,(anonymous_1)
FN:8,(anonymous_2)
FNF:2
FNH:0
FNDA:0,(anonymous_1)
FNDA:0,(anonymous_2)
DA:1,0
DA:2,0
DA:5,0
DA:7,0
DA:8,0
DA:22,0
LF:6
LH:0
BRDA:9,0,0,0
BRDA:9,0,1,0
BRDA:12,1,0,0
BRDA:12,1,1,0
BRF:4
BRH:0
end_of_record
TN:
SF:C:\Users\Evans Aboge\Documents\microsoft-graph-explorer-v4\src\app\views\query-runner\query-input\auto-complete\suffix\suffix-util.ts
FN:22,(anonymous_0)
FN:26,(anonymous_1)
FN:27,(anonymous_2)
FN:45,filterQueriesUsingTip
FN:47,(anonymous_4)
FN:55,filterQueriesUsingQueryParameters
FN:61,(anonymous_6)
FN:67,(anonymous_7)
FN:68,(anonymous_8)
FN:81,getUniqueSample
FN:82,(anonymous_10)
FN:83,(anonymous_11)
FNF:12
FNH:0
FNDA:0,(anonymous_0)
FNDA:0,(anonymous_1)
FNDA:0,(anonymous_2)
FNDA:0,filterQueriesUsingTip
FNDA:0,(anonymous_4)
FNDA:0,filterQueriesUsingQueryParameters
FNDA:0,(anonymous_6)
FNDA:0,(anonymous_7)
FNDA:0,(anonymous_8)
FNDA:0,getUniqueSample
FNDA:0,(anonymous_10)
FNDA:0,(anonymous_11)
DA:3,0
DA:4,0
DA:5,0
DA:22,0
DA:23,0
DA:24,0
DA:25,0
DA:26,0
DA:28,0
DA:29,0
DA:30,0
DA:31,0
DA:32,0
DA:35,0
DA:36,0
DA:37,0
DA:38,0
DA:40,0
DA:42,0
DA:46,0
DA:47,0
DA:48,0
DA:49,0
DA:52,0
DA:56,0
DA:57,0
DA:58,0
DA:59,0
DA:60,0
DA:61,0
DA:62,0
DA:63,0
DA:66,0
DA:67,0
DA:68,0
DA:69,0
DA:70,0
DA:74,0
DA:75,0
DA:79,0
DA:82,0
DA:83,0
DA:84,0
LF:43
LH:0
BRDA:31,0,0,0
BRDA:31,0,1,0
BRDA:35,1,0,0
BRDA:35,1,1,0
BRDA:37,2,0,0
BRDA:37,2,1,0
BRDA:46,3,0,0
BRDA:46,3,1,0
BRDA:46,4,0,0
BRDA:46,4,1,0
BRDA:48,5,0,0
BRDA:48,5,1,0
BRDA:57,6,0,0
BRDA:57,6,1,0
BRDA:60,7,0,0
BRDA:60,7,1,0
BRDA:69,8,0,0
BRDA:69,8,1,0
BRDA:74,9,0,0
BRDA:74,9,1,0
BRF:20
BRH:0
end_of_record
TN:
SF:C:\Users\Evans Aboge\Documents\microsoft-graph-explorer-v4\src\app\views\query-runner\query-input\auto-complete\suffix\suffix.styles.ts
FNF:0
FNH:0
DA:1,0
DA:3,0
LF:2
LH:0
BRF:0
BRH:0
end_of_record
TN:
SF:C:\Users\Evans Aboge\Documents\microsoft-graph-explorer-v4\src\app\views\query-runner\request\auth\Auth.styles.ts
FN:3,(anonymous_0)
FNF:1
FNH:0
FNDA:0,(anonymous_0)
DA:1,0
DA:3,0
DA:4,0
LF:3
LH:0
BRF:0
BRH:0
end_of_record
TN:
SF:C:\Users\Evans Aboge\Documents\microsoft-graph-explorer-v4\src\app\views\query-runner\request\auth\Auth.tsx
FN:16,Auth
FN:17,(anonymous_20)
FN:22,(anonymous_21)
FN:26,(anonymous_24)
FN:28,(anonymous_25)
FN:31,(anonymous_26)
FNF:6
FNH:0
FNDA:0,Auth
FNDA:0,(anonymous_20)
FNDA:0,(anonymous_21)
FNDA:0,(anonymous_24)
FNDA:0,(anonymous_25)
FNDA:0,(anonymous_26)
DA:2,0
DA:3,0
DA:4,0
DA:5,0
DA:6,0
DA:8,0
DA:10,0
DA:11,0
DA:12,0
DA:13,0
DA:14,0
DA:16,0
DA:17,0
DA:18,0
DA:19,0
DA:20,0
DA:22,0
DA:23,0
DA:26,0
DA:27,0
DA:28,0
DA:29,0
DA:30,0
DA:32,0
DA:36,0
DA:37,0
DA:41,0
DA:45,0
DA:46,0
DA:51,0
DA:75,0
DA:77,0
LF:32
LH:0
BRDA:23,0,0,0
BRDA:23,0,1,0
BRDA:45,1,0,0
BRDA:45,1,1,0
BRDA:53,2,0,0
BRDA:53,2,1,0
BRF:6
BRH:0
end_of_record
TN:
SF:C:\Users\Evans Aboge\Documents\microsoft-graph-explorer-v4\src\app\views\query-runner\request\auth\index.ts
FNF:0
FNH:0
DA:1,0
DA:3,0
LF:2
LH:0
BRF:0
BRH:0
end_of_record
TN:
SF:C:\Users\Evans Aboge\Documents\microsoft-graph-explorer-v4\src\app\views\query-runner\request\body\RequestBody.tsx
FN:8,(anonymous_1)
FN:9,(anonymous_2)
FN:15,(anonymous_3)
FNF:3
FNH:0
FNDA:0,(anonymous_1)
FNDA:0,(anonymous_2)
FNDA:0,(anonymous_3)
DA:1,0
DA:2,0
DA:5,0
DA:6,0
DA:8,0
DA:9,0
DA:11,0
DA:15,0
DA:19,0
LF:9
LH:0
BRF:0
BRH:0
end_of_record
TN:
SF:C:\Users\Evans Aboge\Documents\microsoft-graph-explorer-v4\src\app\views\query-runner\request\body\index.ts
FNF:0
FNH:0
DA:1,0
DA:3,0
LF:2
LH:0
BRF:0
BRH:0
end_of_record
TN:
SF:C:\Users\Evans Aboge\Documents\microsoft-graph-explorer-v4\src\app\views\query-runner\request\feedback\FeedbackForm.tsx
FN:18,FeedbackForm
FN:23,(anonymous_21)
FN:25,surveyActivated
FN:29,(anonymous_23)
FN:31,(anonymous_24)
FN:38,(anonymous_25)
FN:60,(anonymous_26)
FN:68,loadAndInitialize
FN:137,setEvents
FN:138,(anonymous_30)
FN:146,(anonymous_31)
FN:154,(anonymous_32)
FN:160,(anonymous_33)
FN:79,(anonymous_35)
FN:100,(anonymous_36)
FN:112,(anonymous_37)
FN:131,(anonymous_38)
FN:135,(anonymous_39)
FN:170,getCampaignId
FN:178,getAuthType
FNF:20
FNH:0
FNDA:0,FeedbackForm
FNDA:0,(anonymous_21)
FNDA:0,surveyActivated
FNDA:0,(anonymous_23)
FNDA:0,(anonymous_24)
FNDA:0,(anonymous_25)
FNDA:0,(anonymous_26)
FNDA:0,loadAndInitialize
FNDA:0,setEvents
FNDA:0,(anonymous_30)
FNDA:0,(anonymous_31)
FNDA:0,(anonymous_32)
FNDA:0,(anonymous_33)
FNDA:0,(anonymous_35)
FNDA:0,(anonymous_36)
FNDA:0,(anonymous_37)
FNDA:0,(anonymous_38)
FNDA:0,(anonymous_39)
FNDA:0,getCampaignId
FNDA:0,getAuthType
DA:1,0
DA:2,0
DA:4,0
DA:5,0
DA:6,0
DA:8,0
DA:9,0
DA:11,0
DA:12,0
DA:13,0
DA:14,0
DA:15,0
DA:16,0
DA:18,0
DA:19,0
DA:20,0
DA:21,0
DA:22,0
DA:23,0
DA:26,0
DA:29,0
DA:30,0
DA:31,0
DA:32,0
DA:36,0
DA:38,0
DA:39,0
DA:59,0
DA:60,0
DA:64,0
DA:65,0
DA:72,0
DA:79,0
DA:95,0
DA:101,0
DA:102,0
DA:110,0
DA:112,0
DA:117,0
DA:130,0
DA:132,0
DA:133,0
DA:135,0
DA:138,0
DA:139,0
DA:140,0
DA:141,0
DA:142,0
DA:146,0
DA:147,0
DA:148,0
DA:149,0
DA:150,0
DA:154,0
DA:155,0
DA:156,0
DA:157,0
DA:160,0
DA:161,0
DA:162,0
DA:163,0
DA:171,0
DA:174,0
DA:179,0
LF:64
LH:0
BRDA:64,0,0,0
BRDA:64,0,1,0
BRDA:139,1,0,0
BRDA:139,1,1,0
BRDA:147,2,0,0
BRDA:147,2,1,0
BRDA:155,3,0,0
BRDA:155,3,1,0
BRDA:161,4,0,0
BRDA:161,4,1,0
BRDA:75,5,0,0
BRDA:75,5,1,0
BRDA:76,6,0,0
BRDA:76,6,1,0
BRDA:76,7,0,0
BRDA:76,7,1,0
BRDA:77,8,0,0
BRDA:77,8,1,0
BRDA:77,9,0,0
BRDA:77,9,1,0
BRDA:86,10,0,0
BRDA:86,10,1,0
BRDA:86,11,0,0
BRDA:86,11,1,0
BRDA:90,12,0,0
BRDA:90,12,1,0
BRDA:90,13,0,0
BRDA:90,13,1,0
BRDA:90,14,0,0
BRDA:90,14,1,0
BRDA:90,15,0,0
BRDA:90,15,1,0
BRDA:91,16,0,0
BRDA:91,16,1,0
BRDA:91,17,0,0
BRDA:91,17,1,0
BRDA:91,18,0,0
BRDA:91,18,1,0
BRDA:91,19,0,0
BRDA:91,19,1,0
BRDA:98,20,0,0
BRDA:98,20,1,0
BRDA:98,21,0,0
BRDA:98,21,1,0
BRDA:98,22,0,0
BRDA:98,22,1,0
BRDA:98,23,0,0
BRDA:98,23,1,0
BRDA:99,24,0,0
BRDA:99,24,1,0
BRDA:99,25,0,0
BRDA:99,25,1,0
BRDA:99,26,0,0
BRDA:99,26,1,0
BRDA:99,27,0,0
BRDA:99,27,1,0
BRDA:101,28,0,0
BRDA:101,28,1,0
BRDA:171,29,0,0
BRDA:171,29,1,0
BRF:60
BRH:0
end_of_record
TN:
SF:C:\Users\Evans Aboge\Documents\microsoft-graph-explorer-v4\src\app\views\query-runner\request\feedback\campaignDefinitions.ts
FN:82,getCampaignId
FNF:1
FNH:0
FNDA:0,getCampaignId
DA:1,0
DA:3,0
DA:80,0
DA:83,0
LF:4
LH:0
BRDA:21,0,0,0
BRDA:21,0,1,0
BRDA:26,1,0,0
BRDA:26,1,1,0
BRDA:83,2,0,0
BRDA:83,2,1,0
BRF:6
BRH:0
end_of_record
TN:
SF:C:\Users\Evans Aboge\Documents\microsoft-graph-explorer-v4\src\app\views\query-runner\request\feedback\uiStrings.ts
FNF:0
FNH:0
DA:1,0
DA:3,0
LF:2
LH:0
BRF:0
BRH:0
end_of_record
TN:
SF:C:\Users\Evans Aboge\Documents\microsoft-graph-explorer-v4\src\app\views\query-runner\request\headers\Headers.styles.ts
FN:3,(anonymous_0)
FNF:1
FNH:0
FNDA:0,(anonymous_0)
DA:1,0
DA:3,0
DA:4,0
LF:3
LH:0
BRF:0
BRH:0
end_of_record
TN:
SF:C:\Users\Evans Aboge\Documents\microsoft-graph-explorer-v4\src\app\views\query-runner\request\headers\HeadersList.tsx
FN:8,(anonymous_6)
FN:13,(anonymous_7)
FN:23,(anonymous_8)
FN:32,(anonymous_9)
FN:59,(anonymous_10)
FNF:5
FNH:0
FNDA:0,(anonymous_6)
FNDA:0,(anonymous_7)
FNDA:0,(anonymous_8)
FNDA:0,(anonymous_9)
FNDA:0,(anonymous_10)
DA:1,0
DA:2,0
DA:4,0
DA:5,0
DA:8,0
DA:9,0
DA:10,0
DA:13,0
DA:14,0
DA:15,0
DA:16,0
DA:17,0
DA:19,0
DA:23,0
DA:27,0
DA:32,0
DA:33,0
DA:35,0
DA:36,0
DA:44,0
DA:59,0
DA:60,0
DA:63,0
DA:74,0
LF:24
LH:0
BRDA:15,0,0,0
BRDA:15,0,1,0
BRDA:18,1,0,0
BRDA:18,1,1,0
BRDA:35,2,0,0
BRDA:35,2,1,0
BRDA:59,3,0,0
BRDA:59,3,1,0
BRF:8
BRH:0
end_of_record
TN:
SF:C:\Users\Evans Aboge\Documents\microsoft-graph-explorer-v4\src\app\views\query-runner\request\headers\RequestHeaders.tsx
FN:19,(anonymous_10)
FN:20,(anonymous_11)
FN:33,(anonymous_12)
FN:36,(anonymous_13)
FN:41,(anonymous_14)
FN:45,(anonymous_15)
FN:47,(anonymous_16)
FN:57,(anonymous_17)
FN:83,(anonymous_18)
FN:84,(anonymous_19)
FN:117,(anonymous_20)
FNF:11
FNH:0
FNDA:0,(anonymous_10)
FNDA:0,(anonymous_11)
FNDA:0,(anonymous_12)
FNDA:0,(anonymous_13)
FNDA:0,(anonymous_14)
FNDA:0,(anonymous_15)
FNDA:0,(anonymous_16)
FNDA:0,(anonymous_17)
FNDA:0,(anonymous_18)
FNDA:0,(anonymous_19)
FNDA:0,(anonymous_20)
DA:1,0
DA:2,0
DA:3,0
DA:4,0
DA:6,0
DA:7,0
DA:8,0
DA:9,0
DA:10,0
DA:11,0
DA:19,0
DA:20,0
DA:21,0
DA:22,0
DA:23,0
DA:24,0
DA:26,0
DA:27,0
DA:29,0
DA:30,0
DA:32,0
DA:33,0
DA:36,0
DA:37,0
DA:41,0
DA:42,0
DA:45,0
DA:46,0
DA:47,0
DA:49,0
DA:50,0
DA:52,0
DA:53,0
DA:54,0
DA:57,0
DA:58,0
DA:59,0
DA:60,0
DA:62,0
DA:63,0
DA:69,0
DA:71,0
DA:72,0
DA:73,0
DA:75,0
DA:76,0
DA:77,0
DA:81,0
DA:83,0
DA:84,0
DA:117,0
DA:124,0
DA:125,0
LF:53
LH:0
BRDA:37,0,0,0
BRDA:37,0,1,0
BRDA:42,1,0,0
BRDA:42,1,1,0
BRDA:58,2,0,0
BRDA:58,2,1,0
BRDA:62,3,0,0
BRDA:62,3,1,0
BRDA:86,4,0,0
BRDA:86,4,1,0
BRF:10
BRH:0
end_of_record
TN:
SF:C:\Users\Evans Aboge\Documents\microsoft-graph-explorer-v4\src\app\views\query-runner\request\headers\index.ts
FNF:0
FNH:0
DA:1,0
DA:4,0
LF:2
LH:0
BRF:0
BRH:0
end_of_record
TN:
SF:C:\Users\Evans Aboge\Documents\microsoft-graph-explorer-v4\src\app\views\query-runner\request\permissions\Permission.styles.ts
FN:3,(anonymous_0)
FNF:1
FNH:0
FNDA:0,(anonymous_0)
DA:1,0
DA:3,0
DA:4,0
LF:3
LH:0
BRF:0
BRH:0
end_of_record
TN:
SF:C:\Users\Evans Aboge\Documents\microsoft-graph-explorer-v4\src\app\views\query-runner\request\permissions\index.ts
FNF:0
FNH:0
DA:1,0
DA:4,0
LF:2
LH:0
BRF:0
BRH:0
end_of_record
TN:
SF:C:\Users\Evans Aboge\Documents\microsoft-graph-explorer-v4\src\app\views\query-runner\request\permissions\util.ts
FN:3,setConsentedStatus
FN:5,(anonymous_1)
FNF:2
FNH:0
FNDA:0,setConsentedStatus
FNDA:0,(anonymous_1)
DA:3,0
DA:4,0
DA:5,0
DA:6,0
DA:7,0
LF:5
LH:0
BRDA:4,0,0,0
BRDA:4,0,1,0
BRDA:6,1,0,0
BRDA:6,1,1,0
BRF:4
BRH:0
end_of_record
TN:
SF:C:\Users\Evans Aboge\Documents\microsoft-graph-explorer-v4\src\app\views\query-runner\util\iframe-message-parser.ts
FN:16,extractBody
FN:64,extractHeaders
FN:113,extractUrl
FN:129,(anonymous_6)
FN:145,parse
FN:159,(anonymous_8)
FNF:6
FNH:6
FNDA:4,extractBody
FNDA:4,extractHeaders
FNDA:4,extractUrl
FNDA:8,(anonymous_6)
FNDA:4,parse
FNDA:8,(anonymous_8)
DA:17,4
DA:18,4
DA:19,4
DA:20,4
DA:22,4
DA:23,589
DA:24,589
DA:25,589
DA:32,589
DA:33,18
DA:34,2
DA:40,2
DA:41,50
DA:42,50
DA:46,589
DA:49,4
DA:65,4
DA:66,4
DA:68,4
DA:69,4
DA:70,4
DA:71,4
DA:72,4
DA:74,4
DA:77,385
DA:78,8
DA:79,8
DA:82,385
DA:83,4
DA:84,154
DA:85,154
DA:86,154
DA:88,154
DA:89,154
DA:90,6
DA:92,6
DA:93,6
DA:94,6
DA:95,6
DA:98,154
DA:99,4
DA:104,0
DA:114,4
DA:115,4
DA:119,4
DA:123,4
DA:124,4
DA:125,4
DA:128,4
DA:129,4
DA:130,8
DA:131,3
DA:136,4
DA:137,1
DA:140,4
DA:142,4
DA:145,1
DA:151,4
DA:153,4
DA:154,4
DA:155,4
DA:157,4
DA:159,4
DA:160,8
DA:163,4
LF:65
LH:64
BRDA:32,0,0,18
BRDA:32,0,1,571
BRDA:33,1,0,2
BRDA:33,1,1,16
BRDA:77,2,0,8
BRDA:77,2,1,377
BRDA:77,3,0,385
BRDA:77,3,1,8
BRDA:82,4,0,4
BRDA:82,4,1,381
BRDA:89,5,0,6
BRDA:89,5,1,148
BRDA:98,6,0,4
BRDA:98,6,1,150
BRDA:98,7,0,154
BRDA:98,7,1,6
BRDA:126,8,0,1
BRDA:126,8,1,3
BRDA:130,9,0,3
BRDA:130,9,1,5
BRDA:136,10,0,1
BRDA:136,10,1,3
BRF:22
BRH:22
end_of_record
TN:
SF:C:\Users\Evans Aboge\Documents\microsoft-graph-explorer-v4\src\app\views\settings\Settings.tsx
FN:33,Settings
FN:39,(anonymous_7)
FN:49,(anonymous_8)
FN:59,(anonymous_9)
FN:69,(anonymous_10)
FN:82,(anonymous_11)
FN:94,(anonymous_12)
FN:102,(anonymous_13)
FN:109,(anonymous_14)
FN:118,(anonymous_15)
FN:122,(anonymous_16)
FN:132,(anonymous_17)
FN:140,(anonymous_18)
FN:146,(anonymous_19)
FN:152,(anonymous_20)
FN:156,(anonymous_21)
FN:161,(anonymous_22)
FN:167,(anonymous_23)
FN:180,(anonymous_24)
FN:186,(anonymous_25)
FN:191,(anonymous_26)
FN:225,(anonymous_27)
FN:252,(anonymous_28)
FN:259,(anonymous_29)
FN:266,(anonymous_30)
FNF:25
FNH:0
FNDA:0,Settings
FNDA:0,(anonymous_7)
FNDA:0,(anonymous_8)
FNDA:0,(anonymous_9)
FNDA:0,(anonymous_10)
FNDA:0,(anonymous_11)
FNDA:0,(anonymous_12)
FNDA:0,(anonymous_13)
FNDA:0,(anonymous_14)
FNDA:0,(anonymous_15)
FNDA:0,(anonymous_16)
FNDA:0,(anonymous_17)
FNDA:0,(anonymous_18)
FNDA:0,(anonymous_19)
FNDA:0,(anonymous_20)
FNDA:0,(anonymous_21)
FNDA:0,(anonymous_22)
FNDA:0,(anonymous_23)
FNDA:0,(anonymous_24)
FNDA:0,(anonymous_25)
FNDA:0,(anonymous_26)
FNDA:0,(anonymous_27)
FNDA:0,(anonymous_28)
FNDA:0,(anonymous_29)
FNDA:0,(anonymous_30)
DA:1,0
DA:16,0
DA:17,0
DA:18,0
DA:20,0
DA:21,0
DA:22,0
DA:23,0
DA:24,0
DA:27,0
DA:28,0
DA:29,0
DA:30,0
DA:31,0
DA:34,0
DA:36,0
DA:37,0
DA:38,0
DA:39,0
DA:40,0
DA:41,0
DA:42,0
DA:43,0
DA:47,0
DA:49,0
DA:50,0
DA:59,0
DA:69,0
DA:82,0
DA:86,0
DA:87,0
DA:94,0
DA:102,0
DA:106,0
DA:109,0
DA:110,0
DA:111,0
DA:112,0
DA:113,0
DA:118,0
DA:119,0
DA:122,0
DA:123,0
DA:124,0
DA:125,0
DA:126,0
DA:132,0
DA:133,0
DA:134,0
DA:135,0
DA:136,0
DA:137,0
DA:140,0
DA:141,0
DA:146,0
DA:147,0
DA:152,0
DA:153,0
DA:156,0
DA:157,0
DA:158,0
DA:161,0
DA:162,0
DA:167,0
DA:168,0
DA:170,0
DA:172,0
DA:174,0
DA:176,0
DA:180,0
DA:181,0
DA:186,0
DA:191,0
DA:198,0
DA:204,0
DA:225,0
DA:253,0
DA:259,0
DA:266,0
DA:281,0
LF:80
LH:0
BRDA:86,0,0,0
BRDA:86,0,1,0
BRDA:171,1,0,0
BRDA:171,1,1,0
BRDA:171,1,2,0
BRF:5
BRH:0
end_of_record
TN:
SF:C:\Users\Evans Aboge\Documents\microsoft-graph-explorer-v4\src\app\views\settings\index.ts
FNF:0
FNH:0
DA:1,0
DA:3,0
LF:2
LH:0
BRF:0
BRH:0
end_of_record
TN:
SF:C:\Users\Evans Aboge\Documents\microsoft-graph-explorer-v4\src\app\views\sidebar\Sidebar.styles.ts
FN:6,(anonymous_0)
FNF:1
FNH:0
FNDA:0,(anonymous_0)
DA:1,0
DA:6,0
DA:7,0
DA:8,0
LF:4
LH:0
BRF:0
BRH:0
end_of_record
TN:
SF:C:\Users\Evans Aboge\Documents\microsoft-graph-explorer-v4\src\app\views\sidebar\Sidebar.tsx
FN:9,(anonymous_1)
FN:24,onPivotItemClick
FNF:2
FNH:0
FNDA:0,(anonymous_1)
FNDA:0,onPivotItemClick
DA:1,0
DA:2,0
DA:4,0
DA:5,0
DA:6,0
DA:9,0
DA:10,0
DA:25,0
DA:26,0
DA:27,0
DA:28,0
LF:11
LH:0
BRDA:25,0,0,0
BRDA:25,0,1,0
BRDA:27,1,0,0
BRDA:27,1,1,0
BRF:4
BRH:0
end_of_record
TN:
SF:C:\Users\Evans Aboge\Documents\microsoft-graph-explorer-v4\src\app\views\sidebar\history\har-utils.ts
FN:4,createHarPayload
FN:9,(anonymous_1)
FN:56,generateHar
FN:70,createEntries
FN:72,(anonymous_4)
FN:110,exportQuery
FNF:6
FNH:0
FNDA:0,createHarPayload
FNDA:0,(anonymous_1)
FNDA:0,generateHar
FNDA:0,createEntries
FNDA:0,(anonymous_4)
FNDA:0,exportQuery
DA:4,0
DA:5,0
DA:7,0
DA:8,0
DA:9,0
DA:10,0
DA:11,0
DA:14,0
DA:18,0
DA:45,0
DA:46,0
DA:53,0
DA:56,0
DA:57,0
DA:58,0
DA:71,0
DA:72,0
DA:73,0
DA:107,0
DA:110,0
DA:111,0
DA:113,0
DA:114,0
DA:116,0
DA:117,0
DA:118,0
DA:119,0
DA:120,0
DA:121,0
DA:122,0
LF:30
LH:0
BRDA:8,0,0,0
BRDA:8,0,1,0
BRDA:45,1,0,0
BRDA:45,1,1,0
BRF:4
BRH:0
end_of_record
TN:
SF:C:\Users\Evans Aboge\Documents\microsoft-graph-explorer-v4\src\app\views\sidebar\history\history-utils.ts
FN:9,writeHistoryData
FN:13,readHistoryData
FN:27,historyItemHasExpired
FN:36,(anonymous_22)
FN:41,(anonymous_25)
FN:42,(anonymous_28)
FN:46,(anonymous_29)
FNF:7
FNH:1
FNDA:2,writeHistoryData
FNDA:0,readHistoryData
FNDA:0,historyItemHasExpired
FNDA:0,(anonymous_22)
FNDA:0,(anonymous_25)
FNDA:0,(anonymous_28)
FNDA:0,(anonymous_29)
DA:1,2
DA:4,2
DA:9,2
DA:10,2
DA:13,2
DA:14,0
DA:15,0
DA:16,0
DA:17,0
DA:18,0
DA:20,0
DA:21,0
DA:24,0
DA:28,0
DA:29,0
DA:30,0
DA:31,0
DA:32,0
DA:33,0
DA:36,2
DA:37,0
DA:38,0
DA:41,2
DA:42,0
DA:43,0
DA:44,0
DA:47,0
LF:27
LH:7
BRDA:43,0,0,0
BRDA:43,0,1,0
BRF:2
BRH:0
end_of_record
TN:
SF:C:\Users\Evans Aboge\Documents\microsoft-graph-explorer-v4\src\app\views\sidebar\sample-queries\SampleQueries.tsx
FN:34,(anonymous_27)
FN:35,SampleQueries
FN:43,(anonymous_29)
FN:52,(anonymous_30)
FN:58,(anonymous_31)
FN:63,(anonymous_32)
FN:72,(anonymous_33)
FN:91,(anonymous_34)
FN:112,(anonymous_35)
FN:144,(anonymous_36)
FN:153,(anonymous_37)
FN:167,(anonymous_38)
FN:192,(anonymous_39)
FN:210,(anonymous_40)
FN:229,(anonymous_41)
FN:247,(anonymous_42)
FN:308,(anonymous_43)
FN:309,(anonymous_44)
FN:77,(anonymous_45)
FN:295,(anonymous_48)
FN:332,(anonymous_49)
FN:336,(anonymous_50)
FN:346,(anonymous_51)
FN:369,(anonymous_52)
FN:435,(anonymous_53)
FN:472,displayTipMessage
FN:480,mapStateToProps
FN:489,mapDispatchToProps
FNF:28
FNH:0
FNDA:0,(anonymous_27)
FNDA:0,SampleQueries
FNDA:0,(anonymous_29)
FNDA:0,(anonymous_30)
FNDA:0,(anonymous_31)
FNDA:0,(anonymous_32)
FNDA:0,(anonymous_33)
FNDA:0,(anonymous_34)
FNDA:0,(anonymous_35)
FNDA:0,(anonymous_36)
FNDA:0,(anonymous_37)
FNDA:0,(anonymous_38)
FNDA:0,(anonymous_39)
FNDA:0,(anonymous_40)
FNDA:0,(anonymous_41)
FNDA:0,(anonymous_42)
FNDA:0,(anonymous_43)
FNDA:0,(anonymous_44)
FNDA:0,(anonymous_45)
FNDA:0,(anonymous_48)
FNDA:0,(anonymous_49)
FNDA:0,(anonymous_50)
FNDA:0,(anonymous_51)
FNDA:0,(anonymous_52)
FNDA:0,(anonymous_53)
FNDA:0,displayTipMessage
FNDA:0,mapStateToProps
FNDA:0,mapDispatchToProps
DA:1,0
DA:7,0
DA:8,0
DA:9,0
DA:10,0
DA:12,0
DA:13,0
DA:20,0
DA:21,0
DA:22,0
DA:23,0
DA:24,0
DA:25,0
DA:26,0
DA:27,0
DA:28,0
DA:29,0
DA:30,0
DA:31,0
DA:32,0
DA:34,0
DA:36,0
DA:37,0
DA:43,0
DA:44,0
DA:45,0
DA:46,0
DA:48,0
DA:52,0
DA:53,0
DA:54,0
DA:58,0
DA:59,0
DA:60,0
DA:61,0
DA:62,0
DA:63,0
DA:64,0
DA:65,0
DA:66,0
DA:69,0
DA:72,0
DA:73,0
DA:74,0
DA:77,0
DA:78,0
DA:85,0
DA:88,0
DA:91,0
DA:96,0
DA:98,0
DA:99,0
DA:100,0
DA:102,0
DA:103,0
DA:104,0
DA:106,0
DA:108,0
DA:109,0
DA:112,0
DA:137,0
DA:141,0
DA:144,0
DA:153,0
DA:164,0
DA:167,0
DA:189,0
DA:192,0
DA:210,0
DA:211,0
DA:212,0
DA:213,0
DA:214,0
DA:215,0
DA:216,0
DA:217,0
DA:220,0
DA:221,0
DA:222,0
DA:224,0
DA:230,0
DA:231,0
DA:233,0
DA:247,0
DA:248,0
DA:249,0
DA:250,0
DA:251,0
DA:254,0
DA:255,0
DA:263,0
DA:265,0
DA:266,0
DA:267,0
DA:268,0
DA:269,0
DA:270,0
DA:272,0
DA:275,0
DA:277,0
DA:279,0
DA:280,0
DA:284,0
DA:287,0
DA:288,0
DA:291,0
DA:295,0
DA:296,0
DA:297,0
DA:308,0
DA:309,0
DA:310,0
DA:313,0
DA:332,0
DA:333,0
DA:336,0
DA:337,0
DA:340,0
DA:342,0
DA:343,0
DA:344,0
DA:345,0
DA:346,0
DA:347,0
DA:348,0
DA:352,0
DA:353,0
DA:364,0
DA:365,0
DA:366,0
DA:369,0
DA:370,0
DA:371,0
DA:375,0
DA:406,0
DA:435,0
DA:470,0
DA:473,0
DA:480,0
DA:481,0
DA:490,0
DA:504,0
DA:506,0
DA:508,0
LF:144
LH:0
BRDA:36,0,0,0
BRDA:36,0,1,0
BRDA:45,1,0,0
BRDA:45,1,1,0
BRDA:45,2,0,0
BRDA:45,2,1,0
BRDA:53,3,0,0
BRDA:53,3,1,0
BRDA:61,4,0,0
BRDA:61,4,1,0
BRDA:66,5,0,0
BRDA:66,5,1,0
BRDA:102,6,0,0
BRDA:102,6,1,0
BRDA:107,7,0,0
BRDA:107,7,1,0
BRDA:107,7,2,0
BRDA:107,7,3,0
BRDA:108,8,0,0
BRDA:108,8,1,0
BRDA:108,9,0,0
BRDA:108,9,1,0
BRDA:216,10,0,0
BRDA:216,10,1,0
BRDA:216,11,0,0
BRDA:216,11,1,0
BRDA:216,12,0,0
BRDA:216,12,1,0
BRDA:220,13,0,0
BRDA:220,13,1,0
BRDA:221,14,0,0
BRDA:221,14,1,0
BRDA:221,15,0,0
BRDA:221,15,1,0
BRDA:230,16,0,0
BRDA:230,16,1,0
BRDA:238,17,0,0
BRDA:238,17,1,0
BRDA:250,18,0,0
BRDA:250,18,1,0
BRDA:259,19,0,0
BRDA:259,19,1,0
BRDA:265,20,0,0
BRDA:265,20,1,0
BRDA:266,21,0,0
BRDA:266,21,1,0
BRDA:268,22,0,0
BRDA:268,22,1,0
BRDA:269,23,0,0
BRDA:269,23,1,0
BRDA:279,24,0,0
BRDA:279,24,1,0
BRDA:281,25,0,0
BRDA:281,25,1,0
BRDA:287,26,0,0
BRDA:287,26,1,0
BRDA:88,27,0,0
BRDA:88,27,1,0
BRDA:345,28,0,0
BRDA:345,28,1,0
BRDA:347,29,0,0
BRDA:347,29,1,0
BRDA:352,30,0,0
BRDA:352,30,1,0
BRDA:365,31,0,0
BRDA:365,31,1,0
BRDA:370,32,0,0
BRDA:370,32,1,0
BRDA:416,33,0,0
BRDA:416,33,1,0
BRF:70
BRH:0
end_of_record
TN:
SF:C:\Users\Evans Aboge\Documents\microsoft-graph-explorer-v4\src\app\views\sidebar\sample-queries\queries.ts
FNF:0
FNH:0
DA:4,3
LF:1
LH:1
BRF:0
BRH:0
end_of_record
TN:
SF:C:\Users\Evans Aboge\Documents\microsoft-graph-explorer-v4\src\app\views\sidebar\sample-queries\sample-query-utils.ts
FN:1,isJsonString
FNF:1
FNH:0
FNDA:0,isJsonString
DA:1,0
DA:2,0
DA:3,0
DA:4,0
DA:6,0
LF:5
LH:0
BRF:0
BRH:0
end_of_record
TN:
SF:C:\Users\Evans Aboge\Documents\microsoft-graph-explorer-v4\src\app\views\sidebar\sample-queries\tokens.ts
FN:13,getTokens
FN:123,(anonymous_1)
FN:129,(anonymous_2)
FN:138,(anonymous_3)
FN:144,(anonymous_4)
FN:154,(anonymous_5)
FN:160,(anonymous_6)
FN:163,(anonymous_7)
FNF:8
FNH:0
FNDA:0,getTokens
FNDA:0,(anonymous_1)
FNDA:0,(anonymous_2)
FNDA:0,(anonymous_3)
FNDA:0,(anonymous_4)
FNDA:0,(anonymous_5)
FNDA:0,(anonymous_6)
FNDA:0,(anonymous_7)
DA:2,0
DA:13,0
DA:14,0
DA:16,0
DA:17,0
DA:20,0
DA:124,0
DA:130,0
DA:131,0
DA:132,0
DA:139,0
DA:145,0
DA:146,0
DA:147,0
DA:148,0
DA:155,0
DA:161,0
DA:164,0
DA:165,0
DA:167,0
DA:184,0
LF:21
LH:0
BRDA:16,0,0,0
BRDA:16,0,1,0
BRDA:17,1,0,0
BRDA:17,1,1,0
BRDA:164,2,0,0
BRDA:164,2,1,0
BRF:6
BRH:0
end_of_record
TN:
SF:C:\Users\Evans Aboge\Documents\microsoft-graph-explorer-v4\src\graph-toolkit-examples\index.js
FNF:0
FNH:0
DA:1,0
DA:3,0
LF:2
LH:0
BRF:0
BRH:0
end_of_record
TN:
SF:C:\Users\Evans Aboge\Documents\microsoft-graph-explorer-v4\src\messages\index.js
FNF:0
FNH:0
DA:1,3
DA:2,3
DA:3,3
DA:4,3
DA:5,3
DA:6,3
DA:7,3
DA:8,3
DA:10,3
LF:9
LH:9
BRF:0
BRH:0
end_of_record
TN:
SF:C:\Users\Evans Aboge\Documents\microsoft-graph-explorer-v4\src\modules\authentication\AuthenticationWrapper.ts
FN:22,(anonymous_13)
FN:26,(anonymous_15)
FN:33,(anonymous_16)
FN:42,(anonymous_17)
FN:51,(anonymous_20)
FN:56,(anonymous_21)
FN:69,(anonymous_24)
FN:79,(anonymous_27)
FN:99,(anonymous_28)
FN:112,(anonymous_31)
FN:123,(anonymous_34)
FN:134,(anonymous_35)
FN:161,(anonymous_38)
FN:173,(anonymous_39)
FN:213,(anonymous_42)
FN:217,(anonymous_43)
FN:221,(anonymous_44)
FN:234,(anonymous_45)
FN:236,(anonymous_46)
FN:239,(anonymous_47)
FN:244,(anonymous_48)
FN:259,(anonymous_49)
FN:267,(anonymous_50)
FNF:23
FNH:5
FNDA:6,(anonymous_13)
FNDA:3,(anonymous_15)
FNDA:0,(anonymous_16)
FNDA:0,(anonymous_17)
FNDA:0,(anonymous_20)
FNDA:0,(anonymous_21)
FNDA:0,(anonymous_24)
FNDA:1,(anonymous_27)
FNDA:1,(anonymous_28)
FNDA:0,(anonymous_31)
FNDA:0,(anonymous_34)
FNDA:0,(anonymous_35)
FNDA:1,(anonymous_38)
FNDA:0,(anonymous_39)
FNDA:0,(anonymous_42)
FNDA:0,(anonymous_43)
FNDA:0,(anonymous_44)
FNDA:0,(anonymous_45)
FNDA:0,(anonymous_46)
FNDA:0,(anonymous_47)
FNDA:0,(anonymous_48)
FNDA:0,(anonymous_49)
FNDA:0,(anonymous_50)
DA:1,3
DA:9,3
DA:14,3
DA:15,3
DA:16,3
DA:18,3
DA:20,3
DA:22,3
DA:24,3
DA:26,3
DA:27,3
DA:28,3
DA:30,3
DA:33,3
DA:34,0
DA:35,0
DA:36,0
DA:37,0
DA:39,0
DA:42,3
DA:43,0
DA:45,0
DA:47,0
DA:51,3
DA:52,0
DA:53,0
DA:56,3
DA:57,0
DA:59,0
DA:60,0
DA:61,0
DA:69,3
DA:70,0
DA:72,0
DA:73,0
DA:75,0
DA:79,3
DA:80,1
DA:81,0
DA:84,1
DA:85,1
DA:86,1
DA:89,0
DA:90,0
DA:91,0
DA:96,0
DA:99,3
DA:100,1
DA:105,1
DA:106,0
DA:108,1
DA:112,3
DA:113,0
DA:114,0
DA:119,0
DA:120,0
DA:122,0
DA:123,0
DA:124,0
DA:125,0
DA:129,0
DA:134,3
DA:135,0
DA:143,0
DA:144,0
DA:145,0
DA:147,0
DA:149,0
DA:151,0
DA:152,0
DA:153,0
DA:156,0
DA:161,3
DA:163,1
DA:164,1
DA:166,1
DA:167,1
DA:170,1
DA:173,3
DA:174,0
DA:182,0
DA:183,0
DA:184,0
DA:187,0
DA:188,0
DA:189,0
DA:193,0
DA:194,0
DA:195,0
DA:197,0
DA:198,0
DA:199,0
DA:201,0
DA:202,0
DA:204,0
DA:207,0
DA:213,3
DA:214,0
DA:217,3
DA:218,0
DA:221,3
DA:222,0
DA:234,3
DA:235,0
DA:236,0
DA:237,0
DA:239,0
DA:240,0
DA:244,3
DA:245,0
DA:246,0
DA:247,0
DA:249,0
DA:250,0
DA:251,0
DA:252,0
DA:253,0
DA:256,0
DA:259,3
DA:260,0
DA:261,0
DA:262,0
DA:263,0
DA:264,0
DA:267,3
DA:268,0
DA:269,0
DA:270,0
DA:272,3
LF:129
LH:44
BRDA:27,0,0,3
BRDA:27,0,1,0
BRDA:35,1,0,0
BRDA:35,1,1,0
BRDA:36,2,0,0
BRDA:36,2,1,0
BRDA:36,3,0,0
BRDA:36,3,1,0
BRDA:37,4,0,0
BRDA:37,4,1,0
BRDA:37,5,0,0
BRDA:37,5,1,0
BRDA:42,6,0,0
BRDA:42,6,1,0
BRDA:69,7,0,0
BRDA:69,7,1,0
BRDA:80,8,0,0
BRDA:80,8,1,1
BRDA:85,9,0,1
BRDA:85,9,1,0
BRDA:85,10,0,1
BRDA:85,10,1,1
BRDA:89,11,0,0
BRDA:89,11,1,0
BRDA:92,12,0,0
BRDA:92,12,1,0
BRDA:92,13,0,0
BRDA:92,13,1,0
BRDA:122,14,0,0
BRDA:122,14,1,0
BRDA:134,15,0,0
BRDA:134,15,1,0
BRDA:136,16,0,0
BRDA:136,16,1,0
BRDA:147,17,0,0
BRDA:147,17,1,0
BRDA:147,18,0,0
BRDA:147,18,1,0
BRDA:151,19,0,0
BRDA:151,19,1,0
BRDA:166,20,0,1
BRDA:166,20,1,0
BRDA:182,21,0,0
BRDA:182,21,1,0
BRDA:184,22,0,0
BRDA:184,22,1,0
BRDA:184,23,0,0
BRDA:184,23,1,0
BRDA:187,24,0,0
BRDA:187,24,1,0
BRDA:198,25,0,0
BRDA:198,25,1,0
BRDA:198,26,0,0
BRDA:198,26,1,0
BRDA:201,27,0,0
BRDA:201,27,1,0
BRDA:235,28,0,0
BRDA:235,28,1,0
BRDA:251,29,0,0
BRDA:251,29,1,0
BRF:60
BRH:6
end_of_record
TN:
SF:C:\Users\Evans Aboge\Documents\microsoft-graph-explorer-v4\src\modules\authentication\authUtils.ts
FN:7,getLoginType
FN:22,getCurrentUri
FNF:2
FNH:1
FNDA:0,getLoginType
FNDA:1,getCurrentUri
DA:1,3
DA:7,3
DA:8,0
DA:9,0
DA:10,0
DA:11,0
DA:12,0
DA:13,0
DA:14,0
DA:22,3
DA:23,1
DA:24,1
LF:12
LH:5
BRDA:12,0,0,0
BRDA:12,0,1,0
BRDA:14,1,0,0
BRDA:14,1,1,0
BRDA:14,2,0,0
BRDA:14,2,1,0
BRF:6
BRH:0
end_of_record
TN:
SF:C:\Users\Evans Aboge\Documents\microsoft-graph-explorer-v4\src\modules\authentication\index.ts
FNF:0
FNH:0
DA:1,3
DA:3,3
LF:2
LH:2
BRF:0
BRH:0
end_of_record
TN:
SF:C:\Users\Evans Aboge\Documents\microsoft-graph-explorer-v4\src\modules\authentication\msal-app.ts
FN:3,getClientIdFromWindow
FN:7,getClientIdFromEnv
FNF:2
FNH:2
FNDA:3,getClientIdFromWindow
FNDA:3,getClientIdFromEnv
DA:1,3
DA:4,3
DA:8,3
DA:11,3
DA:12,3
DA:13,3
DA:23,3
LF:7
LH:7
BRDA:12,0,0,0
BRDA:12,0,1,3
BRF:2
BRH:1
end_of_record
TN:
SF:C:\Users\Evans Aboge\Documents\microsoft-graph-explorer-v4\src\modules\suggestions\cache-provider.ts
FN:10,storeSuggestionsInCache
FN:16,getSuggestionsFromCache
FN:35,suggestionHasExpired
FNF:3
FNH:0
FNDA:0,storeSuggestionsInCache
FNDA:0,getSuggestionsFromCache
FNDA:0,suggestionHasExpired
DA:1,0
DA:2,0
DA:5,0
DA:10,0
DA:11,0
DA:12,0
DA:13,0
DA:16,0
DA:17,0
DA:19,0
DA:20,0
DA:21,0
DA:22,0
DA:24,0
DA:26,0
DA:36,0
DA:37,0
DA:38,0
DA:39,0
DA:40,0
DA:41,0
LF:21
LH:0
BRDA:20,0,0,0
BRDA:20,0,1,0
BRF:2
BRH:0
end_of_record
TN:
SF:C:\Users\Evans Aboge\Documents\microsoft-graph-explorer-v4\src\modules\suggestions\index.ts
FN:4,(anonymous_0)
FNF:1
FNH:0
FNDA:0,(anonymous_0)
DA:1,0
DA:4,0
LF:2
LH:0
BRF:0
BRH:0
end_of_record
TN:
SF:C:\Users\Evans Aboge\Documents\microsoft-graph-explorer-v4\src\modules\suggestions\suggestions.ts
FN:7,(anonymous_13)
FN:9,(anonymous_15)
FN:21,(anonymous_18)
FNF:3
FNH:0
FNDA:0,(anonymous_13)
FNDA:0,(anonymous_15)
FNDA:0,(anonymous_18)
DA:1,0
DA:4,0
DA:7,0
DA:9,0
DA:12,0
DA:13,0
DA:14,0
DA:15,0
DA:18,0
DA:21,0
DA:23,0
DA:26,0
DA:27,0
DA:30,0
DA:31,0
DA:32,0
DA:33,0
DA:37,0
DA:38,0
DA:39,0
DA:41,0
DA:43,0
DA:46,0
DA:48,0
LF:24
LH:0
BRDA:14,0,0,0
BRDA:14,0,1,0
BRF:2
BRH:0
end_of_record
TN:
SF:C:\Users\Evans Aboge\Documents\microsoft-graph-explorer-v4\src\store\index.ts
FNF:0
FNH:0
DA:1,2
DA:2,2
DA:3,2
DA:4,2
DA:5,2
DA:6,2
DA:8,2
DA:13,2
DA:15,2
DA:21,2
DA:22,0
DA:25,2
DA:41,2
LF:13
LH:12
BRDA:21,0,0,0
BRDA:21,0,1,2
BRF:2
BRH:1
end_of_record
TN:
SF:C:\Users\Evans Aboge\Documents\microsoft-graph-explorer-v4\src\telemetry\component-names.ts
FNF:0
FNH:0
DA:4,2
DA:5,2
DA:6,2
DA:7,2
DA:8,2
DA:9,2
DA:10,2
DA:11,2
DA:12,2
DA:13,2
DA:14,2
DA:15,2
DA:16,2
DA:17,2
DA:20,2
DA:21,2
DA:24,2
DA:25,2
DA:26,2
DA:27,2
DA:28,2
DA:29,2
DA:30,2
DA:31,2
DA:32,2
DA:33,2
DA:34,2
DA:35,2
DA:36,2
DA:39,2
DA:40,2
DA:43,2
DA:44,2
DA:45,2
DA:46,2
DA:47,2
DA:48,2
DA:49,2
DA:52,2
DA:53,2
DA:54,2
DA:55,2
DA:56,2
DA:57,2
LF:44
LH:44
BRF:0
BRH:0
end_of_record
TN:
SF:C:\Users\Evans Aboge\Documents\microsoft-graph-explorer-v4\src\telemetry\error-types.ts
FNF:0
FNH:0
DA:3,2
DA:4,2
DA:5,2
DA:6,2
DA:7,2
LF:5
LH:5
BRF:0
BRH:0
end_of_record
TN:
SF:C:\Users\Evans Aboge\Documents\microsoft-graph-explorer-v4\src\telemetry\event-types.ts
FNF:0
FNH:0
DA:3,2
DA:4,2
DA:5,2
DA:6,2
DA:7,2
LF:5
LH:5
BRF:0
BRH:0
end_of_record
TN:
SF:C:\Users\Evans Aboge\Documents\microsoft-graph-explorer-v4\src\telemetry\filters.ts
FN:17,filterTelemetryTypes
FN:29,filterRemoteDependencyData
FN:63,addCommonTelemetryItemProperties
FN:82,sanitizeTelemetryItemUriProperty
FN:94,sanitizeStackTrace
FNF:5
FNH:0
FNDA:0,filterTelemetryTypes
FNDA:0,filterRemoteDependencyData
FNDA:0,addCommonTelemetryItemProperties
FNDA:0,sanitizeTelemetryItemUriProperty
FNDA:0,sanitizeStackTrace
DA:2,2
DA:3,2
DA:11,2
DA:15,2
DA:17,2
DA:18,0
DA:19,0
DA:26,0
DA:29,2
DA:30,0
DA:31,0
DA:33,0
DA:35,0
DA:37,0
DA:45,0
DA:46,0
DA:49,0
DA:50,0
DA:52,0
DA:53,0
DA:55,0
DA:57,0
DA:60,0
DA:63,2
DA:64,0
DA:65,0
DA:68,0
DA:71,0
DA:72,0
DA:73,0
DA:76,0
DA:77,0
DA:79,0
DA:82,2
DA:84,0
DA:85,0
DA:86,0
DA:87,0
DA:88,0
DA:89,0
DA:91,0
DA:94,2
DA:95,0
DA:96,0
DA:97,0
DA:99,0
DA:100,0
DA:101,0
DA:104,0
DA:105,0
DA:109,0
DA:110,0
DA:111,0
DA:112,0
DA:115,0
DA:116,0
DA:119,0
LF:57
LH:9
BRDA:18,0,0,0
BRDA:18,0,1,0
BRDA:30,1,0,0
BRDA:30,1,1,0
BRDA:31,2,0,0
BRDA:31,2,1,0
BRDA:33,3,0,0
BRDA:33,3,1,0
BRDA:35,4,0,0
BRDA:35,4,1,0
BRDA:35,5,0,0
BRDA:35,5,1,0
BRDA:45,6,0,0
BRDA:45,6,1,0
BRDA:49,7,0,0
BRDA:49,7,1,0
BRDA:51,8,0,0
BRDA:51,8,1,0
BRDA:51,8,2,0
BRDA:64,9,0,0
BRDA:64,9,1,0
BRDA:65,10,0,0
BRDA:65,10,1,0
BRDA:76,11,0,0
BRDA:76,11,1,0
BRDA:76,12,0,0
BRDA:76,12,1,0
BRDA:84,13,0,0
BRDA:84,13,1,0
BRDA:86,14,0,0
BRDA:86,14,1,0
BRDA:95,15,0,0
BRDA:95,15,1,0
BRDA:96,16,0,0
BRDA:96,16,1,0
BRDA:97,17,0,0
BRDA:97,17,1,0
BRDA:99,18,0,0
BRDA:99,18,1,0
BRDA:99,19,0,0
BRDA:99,19,1,0
BRDA:104,20,0,0
BRDA:104,20,1,0
BRDA:109,21,0,0
BRDA:109,21,1,0
BRF:45
BRH:0
end_of_record
TN:
SF:C:\Users\Evans Aboge\Documents\microsoft-graph-explorer-v4\src\telemetry\index.ts
FN:7,(anonymous_6)
FNF:1
FNH:0
FNDA:0,(anonymous_6)
DA:1,2
DA:2,2
DA:3,2
DA:4,2
DA:7,2
LF:5
LH:5
BRF:0
BRH:0
end_of_record
TN:
SF:C:\Users\Evans Aboge\Documents\microsoft-graph-explorer-v4\src\telemetry\telemetry.ts
FN:31,(anonymous_0)
FN:36,Telemetry
FN:53,(anonymous_2)
FN:64,(anonymous_3)
FN:68,(anonymous_4)
FN:76,(anonymous_5)
FN:83,(anonymous_6)
FN:95,(anonymous_7)
FN:100,(anonymous_8)
FN:114,(anonymous_9)
FNF:10
FNH:3
FNDA:2,(anonymous_0)
FNDA:2,Telemetry
FNDA:0,(anonymous_2)
FNDA:0,(anonymous_3)
FNDA:0,(anonymous_4)
FNDA:0,(anonymous_5)
FNDA:0,(anonymous_6)
FNDA:0,(anonymous_7)
FNDA:0,(anonymous_8)
FNDA:4,(anonymous_9)
DA:2,2
DA:6,2
DA:12,2
DA:13,2
DA:14,2
DA:15,2
DA:17,2
DA:22,2
DA:31,2
DA:37,2
DA:39,2
DA:48,2
DA:53,2
DA:54,0
DA:55,0
DA:56,0
DA:57,0
DA:58,0
DA:59,0
DA:60,0
DA:61,0
DA:64,2
DA:65,0
DA:68,2
DA:73,0
DA:76,2
DA:80,0
DA:83,2
DA:84,0
DA:85,0
DA:88,0
DA:89,0
DA:90,0
DA:92,0
DA:95,2
DA:96,0
DA:97,0
DA:100,2
DA:105,0
DA:106,0
DA:107,0
DA:108,0
DA:109,0
DA:111,0
DA:114,2
DA:115,4
DA:121,2
DA:123,2
LF:48
LH:23
BRDA:44,0,0,2
BRDA:44,0,1,0
BRDA:88,1,0,0
BRDA:88,1,1,0
BRDA:105,2,0,0
BRDA:105,2,1,0
BRDA:107,3,0,0
BRDA:107,3,1,0
BRDA:116,4,0,4
BRDA:116,4,1,4
BRDA:116,4,2,0
BRF:11
BRH:3
end_of_record
TN:
SF:C:\Users\Evans Aboge\Documents\microsoft-graph-explorer-v4\src\tests\utils\open-api-sample.ts
FN:1,getSample
FNF:1
FNH:1
FNDA:1,getSample
DA:1,1
DA:3,1
LF:2
LH:2
BRF:0
BRH:0
end_of_record
TN:
SF:C:\Users\Evans Aboge\Documents\microsoft-graph-explorer-v4\src\themes\dark.ts
FNF:0
FNH:0
DA:2,0
LF:1
LH:0
BRF:0
BRH:0
end_of_record
TN:
SF:C:\Users\Evans Aboge\Documents\microsoft-graph-explorer-v4\src\themes\high-contrast.ts
FNF:0
FNH:0
DA:1,0
LF:1
LH:0
BRF:0
BRH:0
end_of_record
TN:
SF:C:\Users\Evans Aboge\Documents\microsoft-graph-explorer-v4\src\themes\index.ts
FN:13,loadGETheme
FNF:1
FNH:0
FNDA:0,loadGETheme
DA:1,0
DA:3,0
DA:4,0
DA:5,0
DA:7,0
DA:13,0
DA:14,0
DA:15,0
LF:8
LH:0
BRF:0
BRH:0
end_of_record
TN:
SF:C:\Users\Evans Aboge\Documents\microsoft-graph-explorer-v4\src\themes\light.ts
FNF:0
FNH:0
DA:3,0
LF:1
LH:0
BRF:0
BRH:0
end_of_record
TN:
SF:C:\Users\Evans Aboge\Documents\microsoft-graph-explorer-v4\src\themes\theme-context.ts
FNF:0
FNH:0
DA:1,0
DA:3,0
LF:2
LH:0
BRF:0
BRH:0
end_of_record
TN:
SF:C:\Users\Evans Aboge\Documents\microsoft-graph-explorer-v4\src\themes\theme-utils.ts
FN:3,saveTheme
FN:7,readTheme
FNF:2
FNH:0
FNDA:0,saveTheme
FNDA:0,readTheme
DA:1,0
DA:3,0
DA:4,0
DA:7,0
DA:8,0
DA:9,0
LF:6
LH:0
BRF:0
BRH:0
end_of_record
TN:
SF:C:\Users\Evans Aboge\Documents\microsoft-graph-explorer-v4\src\types\enums.ts
FN:1,(anonymous_0)
FN:6,(anonymous_1)
FN:11,(anonymous_2)
FN:20,(anonymous_3)
FN:26,(anonymous_4)
FNF:5
FNH:5
FNDA:7,(anonymous_0)
FNDA:7,(anonymous_1)
FNDA:7,(anonymous_2)
FNDA:7,(anonymous_3)
FNDA:7,(anonymous_4)
DA:1,7
DA:2,7
DA:3,7
DA:6,7
DA:7,7
DA:8,7
DA:11,7
DA:12,7
DA:13,7
DA:14,7
DA:15,7
DA:16,7
DA:17,7
DA:20,7
DA:21,7
DA:22,7
DA:23,7
DA:26,7
DA:27,7
DA:28,7
LF:20
LH:20
BRDA:1,0,0,7
BRDA:1,0,1,7
BRDA:6,1,0,7
BRDA:6,1,1,7
BRDA:11,2,0,7
BRDA:11,2,1,7
BRDA:20,3,0,7
BRDA:20,3,1,7
BRDA:26,4,0,7
BRDA:26,4,1,7
BRF:10
BRH:10
end_of_record
